[2019-04-03T18:51:47.277] [DEBUG] pinus - [connector-server-1 channelRemote.js] [connector-server-1] pushMessage uids: ["oKH7c4g30VXZxQ5CV3iRQo-QjNo8","oKH7c4g30VXZxQ5CV3iRQo-QjNo9"], msg: {"curFrame":529,"actionList":[]}, sids: [1,2]
[2019-04-03T18:51:47.282] [DEBUG] pinus - [connector-server-1 connector.js] [connector-server-1] send message reqId: null, route: onFrameEvent, msg: {"curFrame":529,"actionList":[]}, receivers: [1,2], opts: {"type":"push","userOptions":{},"isPush":true}
[2019-04-03T18:51:47.371] [DEBUG] pinus - [connector-server-1 channelRemote.js] [connector-server-1] pushMessage uids: ["oKH7c4g30VXZxQ5CV3iRQo-QjNo8","oKH7c4g30VXZxQ5CV3iRQo-QjNo9"], msg: {"curFrame":530,"actionList":[]}, sids: [1,2]
[2019-04-03T18:51:47.371] [DEBUG] pinus - [connector-server-1 connector.js] [connector-server-1] send message reqId: null, route: onFrameEvent, msg: {"curFrame":530,"actionList":[]}, receivers: [1,2], opts: {"type":"push","userOptions":{},"isPush":true}
[2019-04-03T18:51:47.469] [DEBUG] pinus - [connector-server-1 channelRemote.js] [connector-server-1] pushMessage uids: ["oKH7c4g30VXZxQ5CV3iRQo-QjNo8","oKH7c4g30VXZxQ5CV3iRQo-QjNo9"], msg: {"curFrame":531,"actionList":[]}, sids: [1,2]
[2019-04-03T18:51:47.470] [DEBUG] pinus - [connector-server-1 connector.js] [connector-server-1] send message reqId: null, route: onFrameEvent, msg: {"curFrame":531,"actionList":[]}, receivers: [1,2], opts: {"type":"push","userOptions":{},"isPush":true}
[2019-04-03T18:51:47.572] [DEBUG] pinus - [connector-server-1 channelRemote.js] [connector-server-1] pushMessage uids: ["oKH7c4g30VXZxQ5CV3iRQo-QjNo8","oKH7c4g30VXZxQ5CV3iRQo-QjNo9"], msg: {"curFrame":532,"actionList":[]}, sids: [1,2]
[2019-04-03T18:51:47.575] [DEBUG] pinus - [connector-server-1 connector.js] [connector-server-1] send message reqId: null, route: onFrameEvent, msg: {"curFrame":532,"actionList":[]}, receivers: [1,2], opts: {"type":"push","userOptions":{},"isPush":true}
[2019-04-03T18:51:47.610] [DEBUG] pinus - [connector-server-1 connector.js] [connector-server-1] send message reqId: 81, route: chat.chatHandler.ReceivedPlayerCommand, msg: {"code":1,"msg":{}}, receivers: [1], opts: {"type":"response"}
[2019-04-03T18:51:47.671] [DEBUG] pinus - [connector-server-1 channelRemote.js] [connector-server-1] pushMessage uids: ["oKH7c4g30VXZxQ5CV3iRQo-QjNo8","oKH7c4g30VXZxQ5CV3iRQo-QjNo9"], msg: {"curFrame":533,"actionList":[{"seatId":0,"cmd":4,"data":{"isPlayer":true}}]}, sids: [1,2]
[2019-04-03T18:51:47.673] [DEBUG] pinus - [connector-server-1 connector.js] [connector-server-1] send message reqId: null, route: onFrameEvent, msg: {"curFrame":533,"actionList":[{"seatId":0,"cmd":4,"data":{"isPlayer":true}}]}, receivers: [1,2], opts: {"type":"push","userOptions":{},"isPush":true}
[2019-04-03T18:51:47.775] [DEBUG] pinus - [connector-server-1 channelRemote.js] [connector-server-1] pushMessage uids: ["oKH7c4g30VXZxQ5CV3iRQo-QjNo8","oKH7c4g30VXZxQ5CV3iRQo-QjNo9"], msg: {"curFrame":534,"actionList":[]}, sids: [1,2]
[2019-04-03T18:51:47.775] [DEBUG] pinus - [connector-server-1 connector.js] [connector-server-1] send message reqId: null, route: onFrameEvent, msg: {"curFrame":534,"actionList":[]}, receivers: [1,2], opts: {"type":"push","userOptions":{},"isPush":true}
[2019-04-03T18:51:47.855] [DEBUG] pinus - [connector-server-1 connector.js] [connector-server-1] send message reqId: 82, route: chat.chatHandler.ReceivedPlayerCommand, msg: {"code":1,"msg":{}}, receivers: [1], opts: {"type":"response"}
[2019-04-03T18:51:47.872] [DEBUG] pinus - [connector-server-1 channelRemote.js] [connector-server-1] pushMessage uids: ["oKH7c4g30VXZxQ5CV3iRQo-QjNo8","oKH7c4g30VXZxQ5CV3iRQo-QjNo9"], msg: {"curFrame":535,"actionList":[{"seatId":0,"cmd":4,"data":{"isPlayer":false}}]}, sids: [1,2]
[2019-04-03T18:51:47.872] [DEBUG] pinus - [connector-server-1 connector.js] [connector-server-1] send message reqId: null, route: onFrameEvent, msg: {"curFrame":535,"actionList":[{"seatId":0,"cmd":4,"data":{"isPlayer":false}}]}, receivers: [1,2], opts: {"type":"push","userOptions":{},"isPush":true}
[2019-04-03T18:51:47.972] [DEBUG] pinus - [connector-server-1 channelRemote.js] [connector-server-1] pushMessage uids: ["oKH7c4g30VXZxQ5CV3iRQo-QjNo8","oKH7c4g30VXZxQ5CV3iRQo-QjNo9"], msg: {"curFrame":536,"actionList":[]}, sids: [1,2]
[2019-04-03T18:51:47.973] [DEBUG] pinus - [connector-server-1 connector.js] [connector-server-1] send message reqId: null, route: onFrameEvent, msg: {"curFrame":536,"actionList":[]}, receivers: [1,2], opts: {"type":"push","userOptions":{},"isPush":true}
[2019-04-03T18:51:48.074] [DEBUG] pinus - [connector-server-1 channelRemote.js] [connector-server-1] pushMessage uids: ["oKH7c4g30VXZxQ5CV3iRQo-QjNo8","oKH7c4g30VXZxQ5CV3iRQo-QjNo9"], msg: {"curFrame":537,"actionList":[]}, sids: [1,2]
[2019-04-03T18:51:48.074] [DEBUG] pinus - [connector-server-1 connector.js] [connector-server-1] send message reqId: null, route: onFrameEvent, msg: {"curFrame":537,"actionList":[]}, receivers: [1,2], opts: {"type":"push","userOptions":{},"isPush":true}
[2019-04-03T18:51:48.174] [DEBUG] pinus - [connector-server-1 channelRemote.js] [connector-server-1] pushMessage uids: ["oKH7c4g30VXZxQ5CV3iRQo-QjNo8","oKH7c4g30VXZxQ5CV3iRQo-QjNo9"], msg: {"curFrame":538,"actionList":[]}, sids: [1,2]
[2019-04-03T18:51:48.175] [DEBUG] pinus - [connector-server-1 connector.js] [connector-server-1] send message reqId: null, route: onFrameEvent, msg: {"curFrame":538,"actionList":[]}, receivers: [1,2], opts: {"type":"push","userOptions":{},"isPush":true}
[2019-04-03T18:51:48.274] [DEBUG] pinus - [connector-server-1 channelRemote.js] [connector-server-1] pushMessage uids: ["oKH7c4g30VXZxQ5CV3iRQo-QjNo8","oKH7c4g30VXZxQ5CV3iRQo-QjNo9"], msg: {"curFrame":539,"actionList":[]}, sids: [1,2]
[2019-04-03T18:51:48.275] [DEBUG] pinus - [connector-server-1 connector.js] [connector-server-1] send message reqId: null, route: onFrameEvent, msg: {"curFrame":539,"actionList":[]}, receivers: [1,2], opts: {"type":"push","userOptions":{},"isPush":true}
[2019-04-03T18:51:48.374] [DEBUG] pinus - [connector-server-1 channelRemote.js] [connector-server-1] pushMessage uids: ["oKH7c4g30VXZxQ5CV3iRQo-QjNo8","oKH7c4g30VXZxQ5CV3iRQo-QjNo9"], msg: {"curFrame":540,"actionList":[]}, sids: [1,2]
[2019-04-03T18:51:48.374] [DEBUG] pinus - [connector-server-1 connector.js] [connector-server-1] send message reqId: null, route: onFrameEvent, msg: {"curFrame":540,"actionList":[]}, receivers: [1,2], opts: {"type":"push","userOptions":{},"isPush":true}
[2019-04-03T18:51:48.473] [DEBUG] pinus - [connector-server-1 channelRemote.js] [connector-server-1] pushMessage uids: ["oKH7c4g30VXZxQ5CV3iRQo-QjNo8","oKH7c4g30VXZxQ5CV3iRQo-QjNo9"], msg: {"curFrame":541,"actionList":[]}, sids: [1,2]
[2019-04-03T18:51:48.474] [DEBUG] pinus - [connector-server-1 connector.js] [connector-server-1] send message reqId: null, route: onFrameEvent, msg: {"curFrame":541,"actionList":[]}, receivers: [1,2], opts: {"type":"push","userOptions":{},"isPush":true}
[2019-04-03T18:51:48.521] [DEBUG] pinus - [connector-server-1 connector.js] [connector-server-1] send message reqId: 83, route: chat.chatHandler.ReceivedPlayerCommand, msg: {"code":1,"msg":{}}, receivers: [1], opts: {"type":"response"}
[2019-04-03T18:51:48.575] [DEBUG] pinus - [connector-server-1 channelRemote.js] [connector-server-1] pushMessage uids: ["oKH7c4g30VXZxQ5CV3iRQo-QjNo8","oKH7c4g30VXZxQ5CV3iRQo-QjNo9"], msg: {"curFrame":542,"actionList":[{"seatId":0,"cmd":4,"data":{"isPlayer":false}}]}, sids: [1,2]
[2019-04-03T18:51:48.576] [DEBUG] pinus - [connector-server-1 connector.js] [connector-server-1] send message reqId: null, route: onFrameEvent, msg: {"curFrame":542,"actionList":[{"seatId":0,"cmd":4,"data":{"isPlayer":false}}]}, receivers: [1,2], opts: {"type":"push","userOptions":{},"isPush":true}
[2019-04-03T18:51:48.674] [DEBUG] pinus - [connector-server-1 channelRemote.js] [connector-server-1] pushMessage uids: ["oKH7c4g30VXZxQ5CV3iRQo-QjNo8","oKH7c4g30VXZxQ5CV3iRQo-QjNo9"], msg: {"curFrame":543,"actionList":[]}, sids: [1,2]
[2019-04-03T18:51:48.675] [DEBUG] pinus - [connector-server-1 connector.js] [connector-server-1] send message reqId: null, route: onFrameEvent, msg: {"curFrame":543,"actionList":[]}, receivers: [1,2], opts: {"type":"push","userOptions":{},"isPush":true}
[2019-04-03T18:51:48.774] [DEBUG] pinus - [connector-server-1 channelRemote.js] [connector-server-1] pushMessage uids: ["oKH7c4g30VXZxQ5CV3iRQo-QjNo8","oKH7c4g30VXZxQ5CV3iRQo-QjNo9"], msg: {"curFrame":544,"actionList":[]}, sids: [1,2]
[2019-04-03T18:51:48.774] [DEBUG] pinus - [connector-server-1 connector.js] [connector-server-1] send message reqId: null, route: onFrameEvent, msg: {"curFrame":544,"actionList":[]}, receivers: [1,2], opts: {"type":"push","userOptions":{},"isPush":true}
[2019-04-03T18:51:48.875] [DEBUG] pinus - [connector-server-1 channelRemote.js] [connector-server-1] pushMessage uids: ["oKH7c4g30VXZxQ5CV3iRQo-QjNo8","oKH7c4g30VXZxQ5CV3iRQo-QjNo9"], msg: {"curFrame":545,"actionList":[]}, sids: [1,2]
[2019-04-03T18:51:48.876] [DEBUG] pinus - [connector-server-1 connector.js] [connector-server-1] send message reqId: null, route: onFrameEvent, msg: {"curFrame":545,"actionList":[]}, receivers: [1,2], opts: {"type":"push","userOptions":{},"isPush":true}
[2019-04-03T18:51:48.976] [DEBUG] pinus - [connector-server-1 channelRemote.js] [connector-server-1] pushMessage uids: ["oKH7c4g30VXZxQ5CV3iRQo-QjNo8","oKH7c4g30VXZxQ5CV3iRQo-QjNo9"], msg: {"curFrame":546,"actionList":[]}, sids: [1,2]
[2019-04-03T18:51:48.977] [DEBUG] pinus - [connector-server-1 connector.js] [connector-server-1] send message reqId: null, route: onFrameEvent, msg: {"curFrame":546,"actionList":[]}, receivers: [1,2], opts: {"type":"push","userOptions":{},"isPush":true}
[2019-04-03T18:51:49.077] [DEBUG] pinus - [connector-server-1 channelRemote.js] [connector-server-1] pushMessage uids: ["oKH7c4g30VXZxQ5CV3iRQo-QjNo8","oKH7c4g30VXZxQ5CV3iRQo-QjNo9"], msg: {"curFrame":547,"actionList":[]}, sids: [1,2]
[2019-04-03T18:51:49.077] [DEBUG] pinus - [connector-server-1 connector.js] [connector-server-1] send message reqId: null, route: onFrameEvent, msg: {"curFrame":547,"actionList":[]}, receivers: [1,2], opts: {"type":"push","userOptions":{},"isPush":true}
[2019-04-03T18:51:49.175] [DEBUG] pinus - [connector-server-1 channelRemote.js] [connector-server-1] pushMessage uids: ["oKH7c4g30VXZxQ5CV3iRQo-QjNo8","oKH7c4g30VXZxQ5CV3iRQo-QjNo9"], msg: {"curFrame":548,"actionList":[]}, sids: [1,2]
[2019-04-03T18:51:49.176] [DEBUG] pinus - [connector-server-1 connector.js] [connector-server-1] send message reqId: null, route: onFrameEvent, msg: {"curFrame":548,"actionList":[]}, receivers: [1,2], opts: {"type":"push","userOptions":{},"isPush":true}
[2019-04-03T18:51:49.277] [DEBUG] pinus - [connector-server-1 channelRemote.js] [connector-server-1] pushMessage uids: ["oKH7c4g30VXZxQ5CV3iRQo-QjNo8","oKH7c4g30VXZxQ5CV3iRQo-QjNo9"], msg: {"curFrame":549,"actionList":[]}, sids: [1,2]
[2019-04-03T18:51:49.278] [DEBUG] pinus - [connector-server-1 connector.js] [connector-server-1] send message reqId: null, route: onFrameEvent, msg: {"curFrame":549,"actionList":[]}, receivers: [1,2], opts: {"type":"push","userOptions":{},"isPush":true}
[2019-04-03T18:51:49.376] [DEBUG] pinus - [connector-server-1 channelRemote.js] [connector-server-1] pushMessage uids: ["oKH7c4g30VXZxQ5CV3iRQo-QjNo8","oKH7c4g30VXZxQ5CV3iRQo-QjNo9"], msg: {"curFrame":550,"actionList":[]}, sids: [1,2]
[2019-04-03T18:51:49.377] [DEBUG] pinus - [connector-server-1 connector.js] [connector-server-1] send message reqId: null, route: onFrameEvent, msg: {"curFrame":550,"actionList":[]}, receivers: [1,2], opts: {"type":"push","userOptions":{},"isPush":true}
[2019-04-03T18:51:49.475] [DEBUG] pinus - [connector-server-1 channelRemote.js] [connector-server-1] pushMessage uids: ["oKH7c4g30VXZxQ5CV3iRQo-QjNo8","oKH7c4g30VXZxQ5CV3iRQo-QjNo9"], msg: {"curFrame":551,"actionList":[]}, sids: [1,2]
[2019-04-03T18:51:49.476] [DEBUG] pinus - [connector-server-1 connector.js] [connector-server-1] send message reqId: null, route: onFrameEvent, msg: {"curFrame":551,"actionList":[]}, receivers: [1,2], opts: {"type":"push","userOptions":{},"isPush":true}
[2019-04-03T18:51:49.576] [DEBUG] pinus - [connector-server-1 channelRemote.js] [connector-server-1] pushMessage uids: ["oKH7c4g30VXZxQ5CV3iRQo-QjNo8","oKH7c4g30VXZxQ5CV3iRQo-QjNo9"], msg: {"curFrame":552,"actionList":[]}, sids: [1,2]
[2019-04-03T18:51:49.577] [DEBUG] pinus - [connector-server-1 connector.js] [connector-server-1] send message reqId: null, route: onFrameEvent, msg: {"curFrame":552,"actionList":[]}, receivers: [1,2], opts: {"type":"push","userOptions":{},"isPush":true}
[2019-04-03T18:51:49.677] [DEBUG] pinus - [connector-server-1 channelRemote.js] [connector-server-1] pushMessage uids: ["oKH7c4g30VXZxQ5CV3iRQo-QjNo8","oKH7c4g30VXZxQ5CV3iRQo-QjNo9"], msg: {"curFrame":553,"actionList":[]}, sids: [1,2]
[2019-04-03T18:51:49.677] [DEBUG] pinus - [connector-server-1 connector.js] [connector-server-1] send message reqId: null, route: onFrameEvent, msg: {"curFrame":553,"actionList":[]}, receivers: [1,2], opts: {"type":"push","userOptions":{},"isPush":true}
[2019-04-03T18:51:49.777] [DEBUG] pinus - [connector-server-1 channelRemote.js] [connector-server-1] pushMessage uids: ["oKH7c4g30VXZxQ5CV3iRQo-QjNo8","oKH7c4g30VXZxQ5CV3iRQo-QjNo9"], msg: {"curFrame":554,"actionList":[]}, sids: [1,2]
[2019-04-03T18:51:49.778] [DEBUG] pinus - [connector-server-1 connector.js] [connector-server-1] send message reqId: null, route: onFrameEvent, msg: {"curFrame":554,"actionList":[]}, receivers: [1,2], opts: {"type":"push","userOptions":{},"isPush":true}
[2019-04-03T18:51:49.877] [DEBUG] pinus - [connector-server-1 channelRemote.js] [connector-server-1] pushMessage uids: ["oKH7c4g30VXZxQ5CV3iRQo-QjNo8","oKH7c4g30VXZxQ5CV3iRQo-QjNo9"], msg: {"curFrame":555,"actionList":[]}, sids: [1,2]
[2019-04-03T18:51:49.878] [DEBUG] pinus - [connector-server-1 connector.js] [connector-server-1] send message reqId: null, route: onFrameEvent, msg: {"curFrame":555,"actionList":[]}, receivers: [1,2], opts: {"type":"push","userOptions":{},"isPush":true}
[2019-04-03T18:51:49.978] [DEBUG] pinus - [connector-server-1 channelRemote.js] [connector-server-1] pushMessage uids: ["oKH7c4g30VXZxQ5CV3iRQo-QjNo8","oKH7c4g30VXZxQ5CV3iRQo-QjNo9"], msg: {"curFrame":556,"actionList":[]}, sids: [1,2]
[2019-04-03T18:51:49.981] [DEBUG] pinus - [connector-server-1 connector.js] [connector-server-1] send message reqId: null, route: onFrameEvent, msg: {"curFrame":556,"actionList":[]}, receivers: [1,2], opts: {"type":"push","userOptions":{},"isPush":true}
[2019-04-03T18:51:50.077] [DEBUG] pinus - [connector-server-1 channelRemote.js] [connector-server-1] pushMessage uids: ["oKH7c4g30VXZxQ5CV3iRQo-QjNo8","oKH7c4g30VXZxQ5CV3iRQo-QjNo9"], msg: {"curFrame":557,"actionList":[]}, sids: [1,2]
[2019-04-03T18:51:50.077] [DEBUG] pinus - [connector-server-1 connector.js] [connector-server-1] send message reqId: null, route: onFrameEvent, msg: {"curFrame":557,"actionList":[]}, receivers: [1,2], opts: {"type":"push","userOptions":{},"isPush":true}
[2019-04-03T18:51:50.176] [DEBUG] pinus - [connector-server-1 channelRemote.js] [connector-server-1] pushMessage uids: ["oKH7c4g30VXZxQ5CV3iRQo-QjNo8","oKH7c4g30VXZxQ5CV3iRQo-QjNo9"], msg: {"curFrame":558,"actionList":[]}, sids: [1,2]
[2019-04-03T18:51:50.177] [DEBUG] pinus - [connector-server-1 connector.js] [connector-server-1] send message reqId: null, route: onFrameEvent, msg: {"curFrame":558,"actionList":[]}, receivers: [1,2], opts: {"type":"push","userOptions":{},"isPush":true}
[2019-04-03T18:51:50.276] [DEBUG] pinus - [connector-server-1 channelRemote.js] [connector-server-1] pushMessage uids: ["oKH7c4g30VXZxQ5CV3iRQo-QjNo8","oKH7c4g30VXZxQ5CV3iRQo-QjNo9"], msg: {"curFrame":559,"actionList":[]}, sids: [1,2]
[2019-04-03T18:51:50.276] [DEBUG] pinus - [connector-server-1 connector.js] [connector-server-1] send message reqId: null, route: onFrameEvent, msg: {"curFrame":559,"actionList":[]}, receivers: [1,2], opts: {"type":"push","userOptions":{},"isPush":true}
[2019-04-03T18:51:50.376] [DEBUG] pinus - [connector-server-1 channelRemote.js] [connector-server-1] pushMessage uids: ["oKH7c4g30VXZxQ5CV3iRQo-QjNo8","oKH7c4g30VXZxQ5CV3iRQo-QjNo9"], msg: {"curFrame":560,"actionList":[]}, sids: [1,2]
[2019-04-03T18:51:50.377] [DEBUG] pinus - [connector-server-1 connector.js] [connector-server-1] send message reqId: null, route: onFrameEvent, msg: {"curFrame":560,"actionList":[]}, receivers: [1,2], opts: {"type":"push","userOptions":{},"isPush":true}
[2019-04-03T18:51:50.476] [DEBUG] pinus - [connector-server-1 channelRemote.js] [connector-server-1] pushMessage uids: ["oKH7c4g30VXZxQ5CV3iRQo-QjNo8","oKH7c4g30VXZxQ5CV3iRQo-QjNo9"], msg: {"curFrame":561,"actionList":[]}, sids: [1,2]
[2019-04-03T18:51:50.476] [DEBUG] pinus - [connector-server-1 connector.js] [connector-server-1] send message reqId: null, route: onFrameEvent, msg: {"curFrame":561,"actionList":[]}, receivers: [1,2], opts: {"type":"push","userOptions":{},"isPush":true}
[2019-04-03T18:51:50.534] [DEBUG] pinus - [connector-server-1 connector.js] [connector-server-1] send message reqId: 84, route: chat.chatHandler.ReceivedPlayerCommand, msg: {"code":1,"msg":{}}, receivers: [1], opts: {"type":"response"}
[2019-04-03T18:51:50.578] [DEBUG] pinus - [connector-server-1 channelRemote.js] [connector-server-1] pushMessage uids: ["oKH7c4g30VXZxQ5CV3iRQo-QjNo8","oKH7c4g30VXZxQ5CV3iRQo-QjNo9"], msg: {"curFrame":562,"actionList":[{"seatId":0,"cmd":4,"data":{"isPlayer":true}}]}, sids: [1,2]
[2019-04-03T18:51:50.579] [DEBUG] pinus - [connector-server-1 connector.js] [connector-server-1] send message reqId: null, route: onFrameEvent, msg: {"curFrame":562,"actionList":[{"seatId":0,"cmd":4,"data":{"isPlayer":true}}]}, receivers: [1,2], opts: {"type":"push","userOptions":{},"isPush":true}
[2019-04-03T18:51:50.676] [DEBUG] pinus - [connector-server-1 channelRemote.js] [connector-server-1] pushMessage uids: ["oKH7c4g30VXZxQ5CV3iRQo-QjNo8","oKH7c4g30VXZxQ5CV3iRQo-QjNo9"], msg: {"curFrame":563,"actionList":[]}, sids: [1,2]
[2019-04-03T18:51:50.676] [DEBUG] pinus - [connector-server-1 connector.js] [connector-server-1] send message reqId: null, route: onFrameEvent, msg: {"curFrame":563,"actionList":[]}, receivers: [1,2], opts: {"type":"push","userOptions":{},"isPush":true}
[2019-04-03T18:51:50.776] [DEBUG] pinus - [connector-server-1 channelRemote.js] [connector-server-1] pushMessage uids: ["oKH7c4g30VXZxQ5CV3iRQo-QjNo8","oKH7c4g30VXZxQ5CV3iRQo-QjNo9"], msg: {"curFrame":564,"actionList":[]}, sids: [1,2]
[2019-04-03T18:51:50.776] [DEBUG] pinus - [connector-server-1 connector.js] [connector-server-1] send message reqId: null, route: onFrameEvent, msg: {"curFrame":564,"actionList":[]}, receivers: [1,2], opts: {"type":"push","userOptions":{},"isPush":true}
[2019-04-03T18:51:50.876] [DEBUG] pinus - [connector-server-1 channelRemote.js] [connector-server-1] pushMessage uids: ["oKH7c4g30VXZxQ5CV3iRQo-QjNo8","oKH7c4g30VXZxQ5CV3iRQo-QjNo9"], msg: {"curFrame":565,"actionList":[]}, sids: [1,2]
[2019-04-03T18:51:50.877] [DEBUG] pinus - [connector-server-1 connector.js] [connector-server-1] send message reqId: null, route: onFrameEvent, msg: {"curFrame":565,"actionList":[]}, receivers: [1,2], opts: {"type":"push","userOptions":{},"isPush":true}
[2019-04-03T18:51:50.976] [DEBUG] pinus - [connector-server-1 channelRemote.js] [connector-server-1] pushMessage uids: ["oKH7c4g30VXZxQ5CV3iRQo-QjNo8","oKH7c4g30VXZxQ5CV3iRQo-QjNo9"], msg: {"curFrame":566,"actionList":[]}, sids: [1,2]
[2019-04-03T18:51:50.976] [DEBUG] pinus - [connector-server-1 connector.js] [connector-server-1] send message reqId: null, route: onFrameEvent, msg: {"curFrame":566,"actionList":[]}, receivers: [1,2], opts: {"type":"push","userOptions":{},"isPush":true}
[2019-04-03T18:51:51.076] [DEBUG] pinus - [connector-server-1 channelRemote.js] [connector-server-1] pushMessage uids: ["oKH7c4g30VXZxQ5CV3iRQo-QjNo8","oKH7c4g30VXZxQ5CV3iRQo-QjNo9"], msg: {"curFrame":567,"actionList":[]}, sids: [1,2]
[2019-04-03T18:51:51.077] [DEBUG] pinus - [connector-server-1 connector.js] [connector-server-1] send message reqId: null, route: onFrameEvent, msg: {"curFrame":567,"actionList":[]}, receivers: [1,2], opts: {"type":"push","userOptions":{},"isPush":true}
[2019-04-03T18:51:51.176] [DEBUG] pinus - [connector-server-1 channelRemote.js] [connector-server-1] pushMessage uids: ["oKH7c4g30VXZxQ5CV3iRQo-QjNo8","oKH7c4g30VXZxQ5CV3iRQo-QjNo9"], msg: {"curFrame":568,"actionList":[]}, sids: [1,2]
[2019-04-03T18:51:51.177] [DEBUG] pinus - [connector-server-1 connector.js] [connector-server-1] send message reqId: null, route: onFrameEvent, msg: {"curFrame":568,"actionList":[]}, receivers: [1,2], opts: {"type":"push","userOptions":{},"isPush":true}
[2019-04-03T18:51:51.276] [DEBUG] pinus - [connector-server-1 channelRemote.js] [connector-server-1] pushMessage uids: ["oKH7c4g30VXZxQ5CV3iRQo-QjNo8","oKH7c4g30VXZxQ5CV3iRQo-QjNo9"], msg: {"curFrame":569,"actionList":[]}, sids: [1,2]
[2019-04-03T18:51:51.276] [DEBUG] pinus - [connector-server-1 connector.js] [connector-server-1] send message reqId: null, route: onFrameEvent, msg: {"curFrame":569,"actionList":[]}, receivers: [1,2], opts: {"type":"push","userOptions":{},"isPush":true}
[2019-04-03T18:51:51.376] [DEBUG] pinus - [connector-server-1 channelRemote.js] [connector-server-1] pushMessage uids: ["oKH7c4g30VXZxQ5CV3iRQo-QjNo8","oKH7c4g30VXZxQ5CV3iRQo-QjNo9"], msg: {"curFrame":570,"actionList":[]}, sids: [1,2]
[2019-04-03T18:51:51.376] [DEBUG] pinus - [connector-server-1 connector.js] [connector-server-1] send message reqId: null, route: onFrameEvent, msg: {"curFrame":570,"actionList":[]}, receivers: [1,2], opts: {"type":"push","userOptions":{},"isPush":true}
[2019-04-03T18:51:51.476] [DEBUG] pinus - [connector-server-1 channelRemote.js] [connector-server-1] pushMessage uids: ["oKH7c4g30VXZxQ5CV3iRQo-QjNo8","oKH7c4g30VXZxQ5CV3iRQo-QjNo9"], msg: {"curFrame":571,"actionList":[]}, sids: [1,2]
[2019-04-03T18:51:51.476] [DEBUG] pinus - [connector-server-1 connector.js] [connector-server-1] send message reqId: null, route: onFrameEvent, msg: {"curFrame":571,"actionList":[]}, receivers: [1,2], opts: {"type":"push","userOptions":{},"isPush":true}
[2019-04-03T18:51:51.580] [DEBUG] pinus - [connector-server-1 channelRemote.js] [connector-server-1] pushMessage uids: ["oKH7c4g30VXZxQ5CV3iRQo-QjNo8","oKH7c4g30VXZxQ5CV3iRQo-QjNo9"], msg: {"curFrame":572,"actionList":[]}, sids: [1,2]
[2019-04-03T18:51:51.585] [DEBUG] pinus - [connector-server-1 connector.js] [connector-server-1] send message reqId: null, route: onFrameEvent, msg: {"curFrame":572,"actionList":[]}, receivers: [1,2], opts: {"type":"push","userOptions":{},"isPush":true}
[2019-04-03T18:51:51.677] [DEBUG] pinus - [connector-server-1 channelRemote.js] [connector-server-1] pushMessage uids: ["oKH7c4g30VXZxQ5CV3iRQo-QjNo8","oKH7c4g30VXZxQ5CV3iRQo-QjNo9"], msg: {"curFrame":573,"actionList":[]}, sids: [1,2]
[2019-04-03T18:51:51.677] [DEBUG] pinus - [connector-server-1 connector.js] [connector-server-1] send message reqId: null, route: onFrameEvent, msg: {"curFrame":573,"actionList":[]}, receivers: [1,2], opts: {"type":"push","userOptions":{},"isPush":true}
[2019-04-03T18:51:51.776] [DEBUG] pinus - [connector-server-1 channelRemote.js] [connector-server-1] pushMessage uids: ["oKH7c4g30VXZxQ5CV3iRQo-QjNo8","oKH7c4g30VXZxQ5CV3iRQo-QjNo9"], msg: {"curFrame":574,"actionList":[]}, sids: [1,2]
[2019-04-03T18:51:51.776] [DEBUG] pinus - [connector-server-1 connector.js] [connector-server-1] send message reqId: null, route: onFrameEvent, msg: {"curFrame":574,"actionList":[]}, receivers: [1,2], opts: {"type":"push","userOptions":{},"isPush":true}
[2019-04-03T18:51:51.855] [DEBUG] pinus - [connector-server-1 connector.js] [connector-server-1] send message reqId: 85, route: chat.chatHandler.ReceivedPlayerCommand, msg: {"code":1,"msg":{}}, receivers: [1], opts: {"type":"response"}
[2019-04-03T18:51:51.876] [DEBUG] pinus - [connector-server-1 channelRemote.js] [connector-server-1] pushMessage uids: ["oKH7c4g30VXZxQ5CV3iRQo-QjNo8","oKH7c4g30VXZxQ5CV3iRQo-QjNo9"], msg: {"curFrame":575,"actionList":[{"seatId":0,"cmd":4,"data":{"isPlayer":true}}]}, sids: [1,2]
[2019-04-03T18:51:51.880] [DEBUG] pinus - [connector-server-1 connector.js] [connector-server-1] send message reqId: null, route: onFrameEvent, msg: {"curFrame":575,"actionList":[{"seatId":0,"cmd":4,"data":{"isPlayer":true}}]}, receivers: [1,2], opts: {"type":"push","userOptions":{},"isPush":true}
[2019-04-03T18:51:51.976] [DEBUG] pinus - [connector-server-1 channelRemote.js] [connector-server-1] pushMessage uids: ["oKH7c4g30VXZxQ5CV3iRQo-QjNo8","oKH7c4g30VXZxQ5CV3iRQo-QjNo9"], msg: {"curFrame":576,"actionList":[]}, sids: [1,2]
[2019-04-03T18:51:51.977] [DEBUG] pinus - [connector-server-1 connector.js] [connector-server-1] send message reqId: null, route: onFrameEvent, msg: {"curFrame":576,"actionList":[]}, receivers: [1,2], opts: {"type":"push","userOptions":{},"isPush":true}
[2019-04-03T18:51:52.076] [DEBUG] pinus - [connector-server-1 channelRemote.js] [connector-server-1] pushMessage uids: ["oKH7c4g30VXZxQ5CV3iRQo-QjNo8","oKH7c4g30VXZxQ5CV3iRQo-QjNo9"], msg: {"curFrame":577,"actionList":[]}, sids: [1,2]
[2019-04-03T18:51:52.077] [DEBUG] pinus - [connector-server-1 connector.js] [connector-server-1] send message reqId: null, route: onFrameEvent, msg: {"curFrame":577,"actionList":[]}, receivers: [1,2], opts: {"type":"push","userOptions":{},"isPush":true}
[2019-04-03T18:51:52.176] [DEBUG] pinus - [connector-server-1 channelRemote.js] [connector-server-1] pushMessage uids: ["oKH7c4g30VXZxQ5CV3iRQo-QjNo8","oKH7c4g30VXZxQ5CV3iRQo-QjNo9"], msg: {"curFrame":578,"actionList":[]}, sids: [1,2]
[2019-04-03T18:51:52.177] [DEBUG] pinus - [connector-server-1 connector.js] [connector-server-1] send message reqId: null, route: onFrameEvent, msg: {"curFrame":578,"actionList":[]}, receivers: [1,2], opts: {"type":"push","userOptions":{},"isPush":true}
[2019-04-03T18:51:52.276] [DEBUG] pinus - [connector-server-1 channelRemote.js] [connector-server-1] pushMessage uids: ["oKH7c4g30VXZxQ5CV3iRQo-QjNo8","oKH7c4g30VXZxQ5CV3iRQo-QjNo9"], msg: {"curFrame":579,"actionList":[]}, sids: [1,2]
[2019-04-03T18:51:52.276] [DEBUG] pinus - [connector-server-1 connector.js] [connector-server-1] send message reqId: null, route: onFrameEvent, msg: {"curFrame":579,"actionList":[]}, receivers: [1,2], opts: {"type":"push","userOptions":{},"isPush":true}
[2019-04-03T18:51:52.341] [DEBUG] pinus - [connector-server-1 connector.js] [connector-server-1] send message reqId: 86, route: chat.chatHandler.ReceivedPlayerCommand, msg: {"code":1,"msg":{}}, receivers: [1], opts: {"type":"response"}
[2019-04-03T18:51:52.377] [DEBUG] pinus - [connector-server-1 channelRemote.js] [connector-server-1] pushMessage uids: ["oKH7c4g30VXZxQ5CV3iRQo-QjNo8","oKH7c4g30VXZxQ5CV3iRQo-QjNo9"], msg: {"curFrame":580,"actionList":[{"seatId":0,"cmd":1,"data":{"turn":-1,"speed":100}}]}, sids: [1,2]
[2019-04-03T18:51:52.377] [DEBUG] pinus - [connector-server-1 connector.js] [connector-server-1] send message reqId: null, route: onFrameEvent, msg: {"curFrame":580,"actionList":[{"seatId":0,"cmd":1,"data":{"turn":-1,"speed":100}}]}, receivers: [1,2], opts: {"type":"push","userOptions":{},"isPush":true}
[2019-04-03T18:51:52.476] [DEBUG] pinus - [connector-server-1 channelRemote.js] [connector-server-1] pushMessage uids: ["oKH7c4g30VXZxQ5CV3iRQo-QjNo8","oKH7c4g30VXZxQ5CV3iRQo-QjNo9"], msg: {"curFrame":581,"actionList":[]}, sids: [1,2]
[2019-04-03T18:51:52.476] [DEBUG] pinus - [connector-server-1 connector.js] [connector-server-1] send message reqId: null, route: onFrameEvent, msg: {"curFrame":581,"actionList":[]}, receivers: [1,2], opts: {"type":"push","userOptions":{},"isPush":true}
[2019-04-03T18:51:52.576] [DEBUG] pinus - [connector-server-1 channelRemote.js] [connector-server-1] pushMessage uids: ["oKH7c4g30VXZxQ5CV3iRQo-QjNo8","oKH7c4g30VXZxQ5CV3iRQo-QjNo9"], msg: {"curFrame":582,"actionList":[]}, sids: [1,2]
[2019-04-03T18:51:52.577] [DEBUG] pinus - [connector-server-1 connector.js] [connector-server-1] send message reqId: null, route: onFrameEvent, msg: {"curFrame":582,"actionList":[]}, receivers: [1,2], opts: {"type":"push","userOptions":{},"isPush":true}
[2019-04-03T18:51:52.680] [DEBUG] pinus - [connector-server-1 channelRemote.js] [connector-server-1] pushMessage uids: ["oKH7c4g30VXZxQ5CV3iRQo-QjNo8","oKH7c4g30VXZxQ5CV3iRQo-QjNo9"], msg: {"curFrame":583,"actionList":[]}, sids: [1,2]
[2019-04-03T18:51:52.682] [DEBUG] pinus - [connector-server-1 connector.js] [connector-server-1] send message reqId: null, route: onFrameEvent, msg: {"curFrame":583,"actionList":[]}, receivers: [1,2], opts: {"type":"push","userOptions":{},"isPush":true}
[2019-04-03T18:51:52.781] [DEBUG] pinus - [connector-server-1 channelRemote.js] [connector-server-1] pushMessage uids: ["oKH7c4g30VXZxQ5CV3iRQo-QjNo8","oKH7c4g30VXZxQ5CV3iRQo-QjNo9"], msg: {"curFrame":584,"actionList":[]}, sids: [1,2]
[2019-04-03T18:51:52.785] [DEBUG] pinus - [connector-server-1 connector.js] [connector-server-1] send message reqId: null, route: onFrameEvent, msg: {"curFrame":584,"actionList":[]}, receivers: [1,2], opts: {"type":"push","userOptions":{},"isPush":true}
[2019-04-03T18:51:52.876] [DEBUG] pinus - [connector-server-1 channelRemote.js] [connector-server-1] pushMessage uids: ["oKH7c4g30VXZxQ5CV3iRQo-QjNo8","oKH7c4g30VXZxQ5CV3iRQo-QjNo9"], msg: {"curFrame":585,"actionList":[]}, sids: [1,2]
[2019-04-03T18:51:52.877] [DEBUG] pinus - [connector-server-1 connector.js] [connector-server-1] send message reqId: null, route: onFrameEvent, msg: {"curFrame":585,"actionList":[]}, receivers: [1,2], opts: {"type":"push","userOptions":{},"isPush":true}
[2019-04-03T18:51:52.976] [DEBUG] pinus - [connector-server-1 channelRemote.js] [connector-server-1] pushMessage uids: ["oKH7c4g30VXZxQ5CV3iRQo-QjNo8","oKH7c4g30VXZxQ5CV3iRQo-QjNo9"], msg: {"curFrame":586,"actionList":[]}, sids: [1,2]
[2019-04-03T18:51:52.976] [DEBUG] pinus - [connector-server-1 connector.js] [connector-server-1] send message reqId: null, route: onFrameEvent, msg: {"curFrame":586,"actionList":[]}, receivers: [1,2], opts: {"type":"push","userOptions":{},"isPush":true}
[2019-04-03T18:51:53.077] [DEBUG] pinus - [connector-server-1 channelRemote.js] [connector-server-1] pushMessage uids: ["oKH7c4g30VXZxQ5CV3iRQo-QjNo8","oKH7c4g30VXZxQ5CV3iRQo-QjNo9"], msg: {"curFrame":587,"actionList":[]}, sids: [1,2]
[2019-04-03T18:51:53.078] [DEBUG] pinus - [connector-server-1 connector.js] [connector-server-1] send message reqId: null, route: onFrameEvent, msg: {"curFrame":587,"actionList":[]}, receivers: [1,2], opts: {"type":"push","userOptions":{},"isPush":true}
[2019-04-03T18:51:53.119] [DEBUG] pinus - [connector-server-1 connector.js] [connector-server-1] send message reqId: 87, route: chat.chatHandler.ReceivedPlayerCommand, msg: {"code":1,"msg":{}}, receivers: [1], opts: {"type":"response"}
[2019-04-03T18:51:53.185] [DEBUG] pinus - [connector-server-1 channelRemote.js] [connector-server-1] pushMessage uids: ["oKH7c4g30VXZxQ5CV3iRQo-QjNo8","oKH7c4g30VXZxQ5CV3iRQo-QjNo9"], msg: {"curFrame":588,"actionList":[{"seatId":0,"cmd":1,"data":{"turn":0,"speed":100}}]}, sids: [1,2]
[2019-04-03T18:51:53.187] [DEBUG] pinus - [connector-server-1 connector.js] [connector-server-1] send message reqId: null, route: onFrameEvent, msg: {"curFrame":588,"actionList":[{"seatId":0,"cmd":1,"data":{"turn":0,"speed":100}}]}, receivers: [1,2], opts: {"type":"push","userOptions":{},"isPush":true}
[2019-04-03T18:51:53.280] [DEBUG] pinus - [connector-server-1 channelRemote.js] [connector-server-1] pushMessage uids: ["oKH7c4g30VXZxQ5CV3iRQo-QjNo8","oKH7c4g30VXZxQ5CV3iRQo-QjNo9"], msg: {"curFrame":589,"actionList":[]}, sids: [1,2]
[2019-04-03T18:51:53.285] [DEBUG] pinus - [connector-server-1 connector.js] [connector-server-1] send message reqId: null, route: onFrameEvent, msg: {"curFrame":589,"actionList":[]}, receivers: [1,2], opts: {"type":"push","userOptions":{},"isPush":true}
[2019-04-03T18:51:53.381] [DEBUG] pinus - [connector-server-1 channelRemote.js] [connector-server-1] pushMessage uids: ["oKH7c4g30VXZxQ5CV3iRQo-QjNo8","oKH7c4g30VXZxQ5CV3iRQo-QjNo9"], msg: {"curFrame":590,"actionList":[]}, sids: [1,2]
[2019-04-03T18:51:53.385] [DEBUG] pinus - [connector-server-1 connector.js] [connector-server-1] send message reqId: null, route: onFrameEvent, msg: {"curFrame":590,"actionList":[]}, receivers: [1,2], opts: {"type":"push","userOptions":{},"isPush":true}
[2019-04-03T18:51:53.480] [DEBUG] pinus - [connector-server-1 channelRemote.js] [connector-server-1] pushMessage uids: ["oKH7c4g30VXZxQ5CV3iRQo-QjNo8","oKH7c4g30VXZxQ5CV3iRQo-QjNo9"], msg: {"curFrame":591,"actionList":[]}, sids: [1,2]
[2019-04-03T18:51:53.482] [DEBUG] pinus - [connector-server-1 connector.js] [connector-server-1] send message reqId: null, route: onFrameEvent, msg: {"curFrame":591,"actionList":[]}, receivers: [1,2], opts: {"type":"push","userOptions":{},"isPush":true}
[2019-04-03T18:51:53.580] [DEBUG] pinus - [connector-server-1 channelRemote.js] [connector-server-1] pushMessage uids: ["oKH7c4g30VXZxQ5CV3iRQo-QjNo8","oKH7c4g30VXZxQ5CV3iRQo-QjNo9"], msg: {"curFrame":592,"actionList":[]}, sids: [1,2]
[2019-04-03T18:51:53.583] [DEBUG] pinus - [connector-server-1 connector.js] [connector-server-1] send message reqId: null, route: onFrameEvent, msg: {"curFrame":592,"actionList":[]}, receivers: [1,2], opts: {"type":"push","userOptions":{},"isPush":true}
[2019-04-03T18:51:53.680] [DEBUG] pinus - [connector-server-1 channelRemote.js] [connector-server-1] pushMessage uids: ["oKH7c4g30VXZxQ5CV3iRQo-QjNo8","oKH7c4g30VXZxQ5CV3iRQo-QjNo9"], msg: {"curFrame":593,"actionList":[]}, sids: [1,2]
[2019-04-03T18:51:53.682] [DEBUG] pinus - [connector-server-1 connector.js] [connector-server-1] send message reqId: null, route: onFrameEvent, msg: {"curFrame":593,"actionList":[]}, receivers: [1,2], opts: {"type":"push","userOptions":{},"isPush":true}
[2019-04-03T18:51:53.782] [DEBUG] pinus - [connector-server-1 channelRemote.js] [connector-server-1] pushMessage uids: ["oKH7c4g30VXZxQ5CV3iRQo-QjNo8","oKH7c4g30VXZxQ5CV3iRQo-QjNo9"], msg: {"curFrame":594,"actionList":[]}, sids: [1,2]
[2019-04-03T18:51:53.786] [DEBUG] pinus - [connector-server-1 connector.js] [connector-server-1] send message reqId: null, route: onFrameEvent, msg: {"curFrame":594,"actionList":[]}, receivers: [1,2], opts: {"type":"push","userOptions":{},"isPush":true}
[2019-04-03T18:51:53.880] [DEBUG] pinus - [connector-server-1 channelRemote.js] [connector-server-1] pushMessage uids: ["oKH7c4g30VXZxQ5CV3iRQo-QjNo8","oKH7c4g30VXZxQ5CV3iRQo-QjNo9"], msg: {"curFrame":595,"actionList":[]}, sids: [1,2]
[2019-04-03T18:51:53.881] [DEBUG] pinus - [connector-server-1 connector.js] [connector-server-1] send message reqId: null, route: onFrameEvent, msg: {"curFrame":595,"actionList":[]}, receivers: [1,2], opts: {"type":"push","userOptions":{},"isPush":true}
[2019-04-03T18:51:53.980] [DEBUG] pinus - [connector-server-1 channelRemote.js] [connector-server-1] pushMessage uids: ["oKH7c4g30VXZxQ5CV3iRQo-QjNo8","oKH7c4g30VXZxQ5CV3iRQo-QjNo9"], msg: {"curFrame":596,"actionList":[]}, sids: [1,2]
[2019-04-03T18:51:53.981] [DEBUG] pinus - [connector-server-1 connector.js] [connector-server-1] send message reqId: null, route: onFrameEvent, msg: {"curFrame":596,"actionList":[]}, receivers: [1,2], opts: {"type":"push","userOptions":{},"isPush":true}
[2019-04-03T18:51:54.080] [DEBUG] pinus - [connector-server-1 channelRemote.js] [connector-server-1] pushMessage uids: ["oKH7c4g30VXZxQ5CV3iRQo-QjNo8","oKH7c4g30VXZxQ5CV3iRQo-QjNo9"], msg: {"curFrame":597,"actionList":[]}, sids: [1,2]
[2019-04-03T18:51:54.087] [DEBUG] pinus - [connector-server-1 connector.js] [connector-server-1] send message reqId: null, route: onFrameEvent, msg: {"curFrame":597,"actionList":[]}, receivers: [1,2], opts: {"type":"push","userOptions":{},"isPush":true}
[2019-04-03T18:51:54.181] [DEBUG] pinus - [connector-server-1 channelRemote.js] [connector-server-1] pushMessage uids: ["oKH7c4g30VXZxQ5CV3iRQo-QjNo8","oKH7c4g30VXZxQ5CV3iRQo-QjNo9"], msg: {"curFrame":598,"actionList":[]}, sids: [1,2]
[2019-04-03T18:51:54.184] [DEBUG] pinus - [connector-server-1 connector.js] [connector-server-1] send message reqId: null, route: onFrameEvent, msg: {"curFrame":598,"actionList":[]}, receivers: [1,2], opts: {"type":"push","userOptions":{},"isPush":true}
[2019-04-03T18:51:54.281] [DEBUG] pinus - [connector-server-1 channelRemote.js] [connector-server-1] pushMessage uids: ["oKH7c4g30VXZxQ5CV3iRQo-QjNo8","oKH7c4g30VXZxQ5CV3iRQo-QjNo9"], msg: {"curFrame":599,"actionList":[]}, sids: [1,2]
[2019-04-03T18:51:54.282] [DEBUG] pinus - [connector-server-1 connector.js] [connector-server-1] send message reqId: null, route: onFrameEvent, msg: {"curFrame":599,"actionList":[]}, receivers: [1,2], opts: {"type":"push","userOptions":{},"isPush":true}
[2019-04-03T18:51:54.381] [DEBUG] pinus - [connector-server-1 channelRemote.js] [connector-server-1] pushMessage uids: ["oKH7c4g30VXZxQ5CV3iRQo-QjNo8","oKH7c4g30VXZxQ5CV3iRQo-QjNo9"], msg: {"curFrame":600,"actionList":[]}, sids: [1,2]
[2019-04-03T18:51:54.384] [DEBUG] pinus - [connector-server-1 connector.js] [connector-server-1] send message reqId: null, route: onFrameEvent, msg: {"curFrame":600,"actionList":[]}, receivers: [1,2], opts: {"type":"push","userOptions":{},"isPush":true}
[2019-04-03T18:51:54.482] [DEBUG] pinus - [connector-server-1 channelRemote.js] [connector-server-1] pushMessage uids: ["oKH7c4g30VXZxQ5CV3iRQo-QjNo8","oKH7c4g30VXZxQ5CV3iRQo-QjNo9"], msg: {"curFrame":601,"actionList":[]}, sids: [1,2]
[2019-04-03T18:51:54.482] [DEBUG] pinus - [connector-server-1 connector.js] [connector-server-1] send message reqId: null, route: onFrameEvent, msg: {"curFrame":601,"actionList":[]}, receivers: [1,2], opts: {"type":"push","userOptions":{},"isPush":true}
[2019-04-03T18:51:54.588] [DEBUG] pinus - [connector-server-1 channelRemote.js] [connector-server-1] pushMessage uids: ["oKH7c4g30VXZxQ5CV3iRQo-QjNo8","oKH7c4g30VXZxQ5CV3iRQo-QjNo9"], msg: {"curFrame":602,"actionList":[]}, sids: [1,2]
[2019-04-03T18:51:54.589] [DEBUG] pinus - [connector-server-1 connector.js] [connector-server-1] send message reqId: null, route: onFrameEvent, msg: {"curFrame":602,"actionList":[]}, receivers: [1,2], opts: {"type":"push","userOptions":{},"isPush":true}
[2019-04-03T18:51:54.683] [DEBUG] pinus - [connector-server-1 channelRemote.js] [connector-server-1] pushMessage uids: ["oKH7c4g30VXZxQ5CV3iRQo-QjNo8","oKH7c4g30VXZxQ5CV3iRQo-QjNo9"], msg: {"curFrame":603,"actionList":[]}, sids: [1,2]
[2019-04-03T18:51:54.683] [DEBUG] pinus - [connector-server-1 connector.js] [connector-server-1] send message reqId: null, route: onFrameEvent, msg: {"curFrame":603,"actionList":[]}, receivers: [1,2], opts: {"type":"push","userOptions":{},"isPush":true}
[2019-04-03T18:51:54.783] [DEBUG] pinus - [connector-server-1 channelRemote.js] [connector-server-1] pushMessage uids: ["oKH7c4g30VXZxQ5CV3iRQo-QjNo8","oKH7c4g30VXZxQ5CV3iRQo-QjNo9"], msg: {"curFrame":604,"actionList":[]}, sids: [1,2]
[2019-04-03T18:51:54.783] [DEBUG] pinus - [connector-server-1 connector.js] [connector-server-1] send message reqId: null, route: onFrameEvent, msg: {"curFrame":604,"actionList":[]}, receivers: [1,2], opts: {"type":"push","userOptions":{},"isPush":true}
[2019-04-03T18:51:54.883] [DEBUG] pinus - [connector-server-1 channelRemote.js] [connector-server-1] pushMessage uids: ["oKH7c4g30VXZxQ5CV3iRQo-QjNo8","oKH7c4g30VXZxQ5CV3iRQo-QjNo9"], msg: {"curFrame":605,"actionList":[]}, sids: [1,2]
[2019-04-03T18:51:54.883] [DEBUG] pinus - [connector-server-1 connector.js] [connector-server-1] send message reqId: null, route: onFrameEvent, msg: {"curFrame":605,"actionList":[]}, receivers: [1,2], opts: {"type":"push","userOptions":{},"isPush":true}
[2019-04-03T18:51:54.983] [DEBUG] pinus - [connector-server-1 channelRemote.js] [connector-server-1] pushMessage uids: ["oKH7c4g30VXZxQ5CV3iRQo-QjNo8","oKH7c4g30VXZxQ5CV3iRQo-QjNo9"], msg: {"curFrame":606,"actionList":[]}, sids: [1,2]
[2019-04-03T18:51:54.984] [DEBUG] pinus - [connector-server-1 connector.js] [connector-server-1] send message reqId: null, route: onFrameEvent, msg: {"curFrame":606,"actionList":[]}, receivers: [1,2], opts: {"type":"push","userOptions":{},"isPush":true}
[2019-04-03T18:51:55.081] [DEBUG] pinus - [connector-server-1 channelRemote.js] [connector-server-1] pushMessage uids: ["oKH7c4g30VXZxQ5CV3iRQo-QjNo8","oKH7c4g30VXZxQ5CV3iRQo-QjNo9"], msg: {"curFrame":607,"actionList":[]}, sids: [1,2]
[2019-04-03T18:51:55.082] [DEBUG] pinus - [connector-server-1 connector.js] [connector-server-1] send message reqId: null, route: onFrameEvent, msg: {"curFrame":607,"actionList":[]}, receivers: [1,2], opts: {"type":"push","userOptions":{},"isPush":true}
[2019-04-03T18:51:55.182] [DEBUG] pinus - [connector-server-1 channelRemote.js] [connector-server-1] pushMessage uids: ["oKH7c4g30VXZxQ5CV3iRQo-QjNo8","oKH7c4g30VXZxQ5CV3iRQo-QjNo9"], msg: {"curFrame":608,"actionList":[]}, sids: [1,2]
[2019-04-03T18:51:55.183] [DEBUG] pinus - [connector-server-1 connector.js] [connector-server-1] send message reqId: null, route: onFrameEvent, msg: {"curFrame":608,"actionList":[]}, receivers: [1,2], opts: {"type":"push","userOptions":{},"isPush":true}
[2019-04-03T18:51:55.282] [DEBUG] pinus - [connector-server-1 channelRemote.js] [connector-server-1] pushMessage uids: ["oKH7c4g30VXZxQ5CV3iRQo-QjNo8","oKH7c4g30VXZxQ5CV3iRQo-QjNo9"], msg: {"curFrame":609,"actionList":[]}, sids: [1,2]
[2019-04-03T18:51:55.284] [DEBUG] pinus - [connector-server-1 connector.js] [connector-server-1] send message reqId: null, route: onFrameEvent, msg: {"curFrame":609,"actionList":[]}, receivers: [1,2], opts: {"type":"push","userOptions":{},"isPush":true}
[2019-04-03T18:51:55.383] [DEBUG] pinus - [connector-server-1 channelRemote.js] [connector-server-1] pushMessage uids: ["oKH7c4g30VXZxQ5CV3iRQo-QjNo8","oKH7c4g30VXZxQ5CV3iRQo-QjNo9"], msg: {"curFrame":610,"actionList":[]}, sids: [1,2]
[2019-04-03T18:51:55.384] [DEBUG] pinus - [connector-server-1 connector.js] [connector-server-1] send message reqId: null, route: onFrameEvent, msg: {"curFrame":610,"actionList":[]}, receivers: [1,2], opts: {"type":"push","userOptions":{},"isPush":true}
[2019-04-03T18:51:55.483] [DEBUG] pinus - [connector-server-1 channelRemote.js] [connector-server-1] pushMessage uids: ["oKH7c4g30VXZxQ5CV3iRQo-QjNo8","oKH7c4g30VXZxQ5CV3iRQo-QjNo9"], msg: {"curFrame":611,"actionList":[]}, sids: [1,2]
[2019-04-03T18:51:55.483] [DEBUG] pinus - [connector-server-1 connector.js] [connector-server-1] send message reqId: null, route: onFrameEvent, msg: {"curFrame":611,"actionList":[]}, receivers: [1,2], opts: {"type":"push","userOptions":{},"isPush":true}
[2019-04-03T18:51:55.586] [DEBUG] pinus - [connector-server-1 channelRemote.js] [connector-server-1] pushMessage uids: ["oKH7c4g30VXZxQ5CV3iRQo-QjNo8","oKH7c4g30VXZxQ5CV3iRQo-QjNo9"], msg: {"curFrame":612,"actionList":[]}, sids: [1,2]
[2019-04-03T18:51:55.587] [DEBUG] pinus - [connector-server-1 connector.js] [connector-server-1] send message reqId: null, route: onFrameEvent, msg: {"curFrame":612,"actionList":[]}, receivers: [1,2], opts: {"type":"push","userOptions":{},"isPush":true}
