[2019-03-21T13:32:02.747] [DEBUG] pinus - [connector-server-1 channelRemote.js] [connector-server-1] pushMessage uids: ["oKH7c4g30VXZxQ5CV3iRQo-QjNo8","oKH7c4g30VXZxQ5CV3iRQo-QjNo9"], msg: {"curFrame":60,"actionList":[]}, sids: [1,2]
[2019-03-21T13:32:02.750] [DEBUG] pinus - [connector-server-1 connector.js] [connector-server-1] send message reqId: null, route: onFrameEvent, msg: {"curFrame":60,"actionList":[]}, receivers: [1,2], opts: {"type":"push","userOptions":{},"isPush":true}
[2019-03-21T13:32:02.847] [DEBUG] pinus - [connector-server-1 channelRemote.js] [connector-server-1] pushMessage uids: ["oKH7c4g30VXZxQ5CV3iRQo-QjNo8","oKH7c4g30VXZxQ5CV3iRQo-QjNo9"], msg: {"curFrame":61,"actionList":[]}, sids: [1,2]
[2019-03-21T13:32:02.849] [DEBUG] pinus - [connector-server-1 connector.js] [connector-server-1] send message reqId: null, route: onFrameEvent, msg: {"curFrame":61,"actionList":[]}, receivers: [1,2], opts: {"type":"push","userOptions":{},"isPush":true}
[2019-03-21T13:32:02.947] [DEBUG] pinus - [connector-server-1 channelRemote.js] [connector-server-1] pushMessage uids: ["oKH7c4g30VXZxQ5CV3iRQo-QjNo8","oKH7c4g30VXZxQ5CV3iRQo-QjNo9"], msg: {"curFrame":62,"actionList":[]}, sids: [1,2]
[2019-03-21T13:32:02.947] [DEBUG] pinus - [connector-server-1 connector.js] [connector-server-1] send message reqId: null, route: onFrameEvent, msg: {"curFrame":62,"actionList":[]}, receivers: [1,2], opts: {"type":"push","userOptions":{},"isPush":true}
[2019-03-21T13:32:03.049] [DEBUG] pinus - [connector-server-1 channelRemote.js] [connector-server-1] pushMessage uids: ["oKH7c4g30VXZxQ5CV3iRQo-QjNo8","oKH7c4g30VXZxQ5CV3iRQo-QjNo9"], msg: {"curFrame":63,"actionList":[]}, sids: [1,2]
[2019-03-21T13:32:03.050] [DEBUG] pinus - [connector-server-1 connector.js] [connector-server-1] send message reqId: null, route: onFrameEvent, msg: {"curFrame":63,"actionList":[]}, receivers: [1,2], opts: {"type":"push","userOptions":{},"isPush":true}
[2019-03-21T13:32:03.173] [DEBUG] pinus - [connector-server-1 channelRemote.js] [connector-server-1] pushMessage uids: ["oKH7c4g30VXZxQ5CV3iRQo-QjNo8","oKH7c4g30VXZxQ5CV3iRQo-QjNo9"], msg: {"curFrame":64,"actionList":[]}, sids: [1,2]
[2019-03-21T13:32:03.174] [DEBUG] pinus - [connector-server-1 connector.js] [connector-server-1] send message reqId: null, route: onFrameEvent, msg: {"curFrame":64,"actionList":[]}, receivers: [1,2], opts: {"type":"push","userOptions":{},"isPush":true}
[2019-03-21T13:32:03.271] [DEBUG] pinus - [connector-server-1 channelRemote.js] [connector-server-1] pushMessage uids: ["oKH7c4g30VXZxQ5CV3iRQo-QjNo8","oKH7c4g30VXZxQ5CV3iRQo-QjNo9"], msg: {"curFrame":65,"actionList":[]}, sids: [1,2]
[2019-03-21T13:32:03.271] [DEBUG] pinus - [connector-server-1 connector.js] [connector-server-1] send message reqId: null, route: onFrameEvent, msg: {"curFrame":65,"actionList":[]}, receivers: [1,2], opts: {"type":"push","userOptions":{},"isPush":true}
[2019-03-21T13:32:03.370] [DEBUG] pinus - [connector-server-1 channelRemote.js] [connector-server-1] pushMessage uids: ["oKH7c4g30VXZxQ5CV3iRQo-QjNo8","oKH7c4g30VXZxQ5CV3iRQo-QjNo9"], msg: {"curFrame":66,"actionList":[]}, sids: [1,2]
[2019-03-21T13:32:03.371] [DEBUG] pinus - [connector-server-1 connector.js] [connector-server-1] send message reqId: null, route: onFrameEvent, msg: {"curFrame":66,"actionList":[]}, receivers: [1,2], opts: {"type":"push","userOptions":{},"isPush":true}
[2019-03-21T13:32:03.406] [DEBUG] pinus - [connector-server-1 connector.js] [connector-server-1] send message reqId: 15, route: chat.chatHandler.ReceivedPlayerCommand, msg: {"code":1,"msg":{}}, receivers: [1], opts: {"type":"response"}
[2019-03-21T13:32:03.471] [DEBUG] pinus - [connector-server-1 channelRemote.js] [connector-server-1] pushMessage uids: ["oKH7c4g30VXZxQ5CV3iRQo-QjNo8","oKH7c4g30VXZxQ5CV3iRQo-QjNo9"], msg: {"curFrame":67,"actionList":[{"seatId":0,"cmd":1,"data":{"turn":1,"speed":100}}]}, sids: [1,2]
[2019-03-21T13:32:03.471] [DEBUG] pinus - [connector-server-1 connector.js] [connector-server-1] send message reqId: null, route: onFrameEvent, msg: {"curFrame":67,"actionList":[{"seatId":0,"cmd":1,"data":{"turn":1,"speed":100}}]}, receivers: [1,2], opts: {"type":"push","userOptions":{},"isPush":true}
[2019-03-21T13:32:03.571] [DEBUG] pinus - [connector-server-1 channelRemote.js] [connector-server-1] pushMessage uids: ["oKH7c4g30VXZxQ5CV3iRQo-QjNo8","oKH7c4g30VXZxQ5CV3iRQo-QjNo9"], msg: {"curFrame":68,"actionList":[]}, sids: [1,2]
[2019-03-21T13:32:03.571] [DEBUG] pinus - [connector-server-1 connector.js] [connector-server-1] send message reqId: null, route: onFrameEvent, msg: {"curFrame":68,"actionList":[]}, receivers: [1,2], opts: {"type":"push","userOptions":{},"isPush":true}
[2019-03-21T13:32:03.671] [DEBUG] pinus - [connector-server-1 channelRemote.js] [connector-server-1] pushMessage uids: ["oKH7c4g30VXZxQ5CV3iRQo-QjNo8","oKH7c4g30VXZxQ5CV3iRQo-QjNo9"], msg: {"curFrame":69,"actionList":[]}, sids: [1,2]
[2019-03-21T13:32:03.671] [DEBUG] pinus - [connector-server-1 connector.js] [connector-server-1] send message reqId: null, route: onFrameEvent, msg: {"curFrame":69,"actionList":[]}, receivers: [1,2], opts: {"type":"push","userOptions":{},"isPush":true}
[2019-03-21T13:32:03.771] [DEBUG] pinus - [connector-server-1 channelRemote.js] [connector-server-1] pushMessage uids: ["oKH7c4g30VXZxQ5CV3iRQo-QjNo8","oKH7c4g30VXZxQ5CV3iRQo-QjNo9"], msg: {"curFrame":70,"actionList":[]}, sids: [1,2]
[2019-03-21T13:32:03.771] [DEBUG] pinus - [connector-server-1 connector.js] [connector-server-1] send message reqId: null, route: onFrameEvent, msg: {"curFrame":70,"actionList":[]}, receivers: [1,2], opts: {"type":"push","userOptions":{},"isPush":true}
[2019-03-21T13:32:03.835] [DEBUG] pinus - [connector-server-1 connector.js] [connector-server-1] send message reqId: 16, route: chat.chatHandler.ReceivedPlayerCommand, msg: {"code":1,"msg":{}}, receivers: [1], opts: {"type":"response"}
[2019-03-21T13:32:03.872] [DEBUG] pinus - [connector-server-1 channelRemote.js] [connector-server-1] pushMessage uids: ["oKH7c4g30VXZxQ5CV3iRQo-QjNo8","oKH7c4g30VXZxQ5CV3iRQo-QjNo9"], msg: {"curFrame":71,"actionList":[{"seatId":0,"cmd":1,"data":{"turn":0,"speed":100}}]}, sids: [1,2]
[2019-03-21T13:32:03.872] [DEBUG] pinus - [connector-server-1 connector.js] [connector-server-1] send message reqId: null, route: onFrameEvent, msg: {"curFrame":71,"actionList":[{"seatId":0,"cmd":1,"data":{"turn":0,"speed":100}}]}, receivers: [1,2], opts: {"type":"push","userOptions":{},"isPush":true}
[2019-03-21T13:32:03.971] [DEBUG] pinus - [connector-server-1 channelRemote.js] [connector-server-1] pushMessage uids: ["oKH7c4g30VXZxQ5CV3iRQo-QjNo8","oKH7c4g30VXZxQ5CV3iRQo-QjNo9"], msg: {"curFrame":72,"actionList":[]}, sids: [1,2]
[2019-03-21T13:32:03.971] [DEBUG] pinus - [connector-server-1 connector.js] [connector-server-1] send message reqId: null, route: onFrameEvent, msg: {"curFrame":72,"actionList":[]}, receivers: [1,2], opts: {"type":"push","userOptions":{},"isPush":true}
[2019-03-21T13:32:04.071] [DEBUG] pinus - [connector-server-1 channelRemote.js] [connector-server-1] pushMessage uids: ["oKH7c4g30VXZxQ5CV3iRQo-QjNo8","oKH7c4g30VXZxQ5CV3iRQo-QjNo9"], msg: {"curFrame":73,"actionList":[]}, sids: [1,2]
[2019-03-21T13:32:04.072] [DEBUG] pinus - [connector-server-1 connector.js] [connector-server-1] send message reqId: null, route: onFrameEvent, msg: {"curFrame":73,"actionList":[]}, receivers: [1,2], opts: {"type":"push","userOptions":{},"isPush":true}
[2019-03-21T13:32:04.171] [DEBUG] pinus - [connector-server-1 channelRemote.js] [connector-server-1] pushMessage uids: ["oKH7c4g30VXZxQ5CV3iRQo-QjNo8","oKH7c4g30VXZxQ5CV3iRQo-QjNo9"], msg: {"curFrame":74,"actionList":[]}, sids: [1,2]
[2019-03-21T13:32:04.172] [DEBUG] pinus - [connector-server-1 connector.js] [connector-server-1] send message reqId: null, route: onFrameEvent, msg: {"curFrame":74,"actionList":[]}, receivers: [1,2], opts: {"type":"push","userOptions":{},"isPush":true}
[2019-03-21T13:32:04.270] [DEBUG] pinus - [connector-server-1 channelRemote.js] [connector-server-1] pushMessage uids: ["oKH7c4g30VXZxQ5CV3iRQo-QjNo8","oKH7c4g30VXZxQ5CV3iRQo-QjNo9"], msg: {"curFrame":75,"actionList":[]}, sids: [1,2]
[2019-03-21T13:32:04.271] [DEBUG] pinus - [connector-server-1 connector.js] [connector-server-1] send message reqId: null, route: onFrameEvent, msg: {"curFrame":75,"actionList":[]}, receivers: [1,2], opts: {"type":"push","userOptions":{},"isPush":true}
[2019-03-21T13:32:04.371] [DEBUG] pinus - [connector-server-1 channelRemote.js] [connector-server-1] pushMessage uids: ["oKH7c4g30VXZxQ5CV3iRQo-QjNo8","oKH7c4g30VXZxQ5CV3iRQo-QjNo9"], msg: {"curFrame":76,"actionList":[]}, sids: [1,2]
[2019-03-21T13:32:04.371] [DEBUG] pinus - [connector-server-1 connector.js] [connector-server-1] send message reqId: null, route: onFrameEvent, msg: {"curFrame":76,"actionList":[]}, receivers: [1,2], opts: {"type":"push","userOptions":{},"isPush":true}
[2019-03-21T13:32:04.471] [DEBUG] pinus - [connector-server-1 channelRemote.js] [connector-server-1] pushMessage uids: ["oKH7c4g30VXZxQ5CV3iRQo-QjNo8","oKH7c4g30VXZxQ5CV3iRQo-QjNo9"], msg: {"curFrame":77,"actionList":[]}, sids: [1,2]
[2019-03-21T13:32:04.471] [DEBUG] pinus - [connector-server-1 connector.js] [connector-server-1] send message reqId: null, route: onFrameEvent, msg: {"curFrame":77,"actionList":[]}, receivers: [1,2], opts: {"type":"push","userOptions":{},"isPush":true}
[2019-03-21T13:32:04.571] [DEBUG] pinus - [connector-server-1 channelRemote.js] [connector-server-1] pushMessage uids: ["oKH7c4g30VXZxQ5CV3iRQo-QjNo8","oKH7c4g30VXZxQ5CV3iRQo-QjNo9"], msg: {"curFrame":78,"actionList":[]}, sids: [1,2]
[2019-03-21T13:32:04.571] [DEBUG] pinus - [connector-server-1 connector.js] [connector-server-1] send message reqId: null, route: onFrameEvent, msg: {"curFrame":78,"actionList":[]}, receivers: [1,2], opts: {"type":"push","userOptions":{},"isPush":true}
[2019-03-21T13:32:04.670] [DEBUG] pinus - [connector-server-1 channelRemote.js] [connector-server-1] pushMessage uids: ["oKH7c4g30VXZxQ5CV3iRQo-QjNo8","oKH7c4g30VXZxQ5CV3iRQo-QjNo9"], msg: {"curFrame":79,"actionList":[]}, sids: [1,2]
[2019-03-21T13:32:04.671] [DEBUG] pinus - [connector-server-1 connector.js] [connector-server-1] send message reqId: null, route: onFrameEvent, msg: {"curFrame":79,"actionList":[]}, receivers: [1,2], opts: {"type":"push","userOptions":{},"isPush":true}
[2019-03-21T13:32:04.770] [DEBUG] pinus - [connector-server-1 channelRemote.js] [connector-server-1] pushMessage uids: ["oKH7c4g30VXZxQ5CV3iRQo-QjNo8","oKH7c4g30VXZxQ5CV3iRQo-QjNo9"], msg: {"curFrame":80,"actionList":[]}, sids: [1,2]
[2019-03-21T13:32:04.771] [DEBUG] pinus - [connector-server-1 connector.js] [connector-server-1] send message reqId: null, route: onFrameEvent, msg: {"curFrame":80,"actionList":[]}, receivers: [1,2], opts: {"type":"push","userOptions":{},"isPush":true}
[2019-03-21T13:32:04.871] [DEBUG] pinus - [connector-server-1 channelRemote.js] [connector-server-1] pushMessage uids: ["oKH7c4g30VXZxQ5CV3iRQo-QjNo8","oKH7c4g30VXZxQ5CV3iRQo-QjNo9"], msg: {"curFrame":81,"actionList":[]}, sids: [1,2]
[2019-03-21T13:32:04.871] [DEBUG] pinus - [connector-server-1 connector.js] [connector-server-1] send message reqId: null, route: onFrameEvent, msg: {"curFrame":81,"actionList":[]}, receivers: [1,2], opts: {"type":"push","userOptions":{},"isPush":true}
[2019-03-21T13:32:04.970] [DEBUG] pinus - [connector-server-1 connector.js] [connector-server-1] send message reqId: 17, route: chat.chatHandler.ReceivedPlayerCommand, msg: {"code":1,"msg":{}}, receivers: [1], opts: {"type":"response"}
[2019-03-21T13:32:04.972] [DEBUG] pinus - [connector-server-1 channelRemote.js] [connector-server-1] pushMessage uids: ["oKH7c4g30VXZxQ5CV3iRQo-QjNo8","oKH7c4g30VXZxQ5CV3iRQo-QjNo9"], msg: {"curFrame":82,"actionList":[{"seatId":0,"cmd":2,"data":{"isStop":true}}]}, sids: [1,2]
[2019-03-21T13:32:04.972] [DEBUG] pinus - [connector-server-1 connector.js] [connector-server-1] send message reqId: null, route: onFrameEvent, msg: {"curFrame":82,"actionList":[{"seatId":0,"cmd":2,"data":{"isStop":true}}]}, receivers: [1,2], opts: {"type":"push","userOptions":{},"isPush":true}
[2019-03-21T13:32:05.071] [DEBUG] pinus - [connector-server-1 channelRemote.js] [connector-server-1] pushMessage uids: ["oKH7c4g30VXZxQ5CV3iRQo-QjNo8","oKH7c4g30VXZxQ5CV3iRQo-QjNo9"], msg: {"curFrame":83,"actionList":[]}, sids: [1,2]
[2019-03-21T13:32:05.071] [DEBUG] pinus - [connector-server-1 connector.js] [connector-server-1] send message reqId: null, route: onFrameEvent, msg: {"curFrame":83,"actionList":[]}, receivers: [1,2], opts: {"type":"push","userOptions":{},"isPush":true}
[2019-03-21T13:32:05.171] [DEBUG] pinus - [connector-server-1 channelRemote.js] [connector-server-1] pushMessage uids: ["oKH7c4g30VXZxQ5CV3iRQo-QjNo8","oKH7c4g30VXZxQ5CV3iRQo-QjNo9"], msg: {"curFrame":84,"actionList":[]}, sids: [1,2]
[2019-03-21T13:32:05.171] [DEBUG] pinus - [connector-server-1 connector.js] [connector-server-1] send message reqId: null, route: onFrameEvent, msg: {"curFrame":84,"actionList":[]}, receivers: [1,2], opts: {"type":"push","userOptions":{},"isPush":true}
[2019-03-21T13:32:05.271] [DEBUG] pinus - [connector-server-1 channelRemote.js] [connector-server-1] pushMessage uids: ["oKH7c4g30VXZxQ5CV3iRQo-QjNo8","oKH7c4g30VXZxQ5CV3iRQo-QjNo9"], msg: {"curFrame":85,"actionList":[]}, sids: [1,2]
[2019-03-21T13:32:05.272] [DEBUG] pinus - [connector-server-1 connector.js] [connector-server-1] send message reqId: null, route: onFrameEvent, msg: {"curFrame":85,"actionList":[]}, receivers: [1,2], opts: {"type":"push","userOptions":{},"isPush":true}
[2019-03-21T13:32:05.371] [DEBUG] pinus - [connector-server-1 channelRemote.js] [connector-server-1] pushMessage uids: ["oKH7c4g30VXZxQ5CV3iRQo-QjNo8","oKH7c4g30VXZxQ5CV3iRQo-QjNo9"], msg: {"curFrame":86,"actionList":[]}, sids: [1,2]
[2019-03-21T13:32:05.372] [DEBUG] pinus - [connector-server-1 connector.js] [connector-server-1] send message reqId: null, route: onFrameEvent, msg: {"curFrame":86,"actionList":[]}, receivers: [1,2], opts: {"type":"push","userOptions":{},"isPush":true}
[2019-03-21T13:32:05.471] [DEBUG] pinus - [connector-server-1 channelRemote.js] [connector-server-1] pushMessage uids: ["oKH7c4g30VXZxQ5CV3iRQo-QjNo8","oKH7c4g30VXZxQ5CV3iRQo-QjNo9"], msg: {"curFrame":87,"actionList":[]}, sids: [1,2]
[2019-03-21T13:32:05.471] [DEBUG] pinus - [connector-server-1 connector.js] [connector-server-1] send message reqId: null, route: onFrameEvent, msg: {"curFrame":87,"actionList":[]}, receivers: [1,2], opts: {"type":"push","userOptions":{},"isPush":true}
[2019-03-21T13:32:05.571] [DEBUG] pinus - [connector-server-1 channelRemote.js] [connector-server-1] pushMessage uids: ["oKH7c4g30VXZxQ5CV3iRQo-QjNo8","oKH7c4g30VXZxQ5CV3iRQo-QjNo9"], msg: {"curFrame":88,"actionList":[]}, sids: [1,2]
[2019-03-21T13:32:05.571] [DEBUG] pinus - [connector-server-1 connector.js] [connector-server-1] send message reqId: null, route: onFrameEvent, msg: {"curFrame":88,"actionList":[]}, receivers: [1,2], opts: {"type":"push","userOptions":{},"isPush":true}
[2019-03-21T13:32:05.670] [DEBUG] pinus - [connector-server-1 channelRemote.js] [connector-server-1] pushMessage uids: ["oKH7c4g30VXZxQ5CV3iRQo-QjNo8","oKH7c4g30VXZxQ5CV3iRQo-QjNo9"], msg: {"curFrame":89,"actionList":[]}, sids: [1,2]
[2019-03-21T13:32:05.671] [DEBUG] pinus - [connector-server-1 connector.js] [connector-server-1] send message reqId: null, route: onFrameEvent, msg: {"curFrame":89,"actionList":[]}, receivers: [1,2], opts: {"type":"push","userOptions":{},"isPush":true}
[2019-03-21T13:32:05.770] [DEBUG] pinus - [connector-server-1 channelRemote.js] [connector-server-1] pushMessage uids: ["oKH7c4g30VXZxQ5CV3iRQo-QjNo8","oKH7c4g30VXZxQ5CV3iRQo-QjNo9"], msg: {"curFrame":90,"actionList":[]}, sids: [1,2]
[2019-03-21T13:32:05.771] [DEBUG] pinus - [connector-server-1 connector.js] [connector-server-1] send message reqId: null, route: onFrameEvent, msg: {"curFrame":90,"actionList":[]}, receivers: [1,2], opts: {"type":"push","userOptions":{},"isPush":true}
[2019-03-21T13:32:05.870] [DEBUG] pinus - [connector-server-1 channelRemote.js] [connector-server-1] pushMessage uids: ["oKH7c4g30VXZxQ5CV3iRQo-QjNo8","oKH7c4g30VXZxQ5CV3iRQo-QjNo9"], msg: {"curFrame":91,"actionList":[]}, sids: [1,2]
[2019-03-21T13:32:05.871] [DEBUG] pinus - [connector-server-1 connector.js] [connector-server-1] send message reqId: null, route: onFrameEvent, msg: {"curFrame":91,"actionList":[]}, receivers: [1,2], opts: {"type":"push","userOptions":{},"isPush":true}
[2019-03-21T13:32:05.971] [DEBUG] pinus - [connector-server-1 channelRemote.js] [connector-server-1] pushMessage uids: ["oKH7c4g30VXZxQ5CV3iRQo-QjNo8","oKH7c4g30VXZxQ5CV3iRQo-QjNo9"], msg: {"curFrame":92,"actionList":[]}, sids: [1,2]
[2019-03-21T13:32:05.972] [DEBUG] pinus - [connector-server-1 connector.js] [connector-server-1] send message reqId: null, route: onFrameEvent, msg: {"curFrame":92,"actionList":[]}, receivers: [1,2], opts: {"type":"push","userOptions":{},"isPush":true}
[2019-03-21T13:32:06.071] [DEBUG] pinus - [connector-server-1 channelRemote.js] [connector-server-1] pushMessage uids: ["oKH7c4g30VXZxQ5CV3iRQo-QjNo8","oKH7c4g30VXZxQ5CV3iRQo-QjNo9"], msg: {"curFrame":93,"actionList":[]}, sids: [1,2]
[2019-03-21T13:32:06.071] [DEBUG] pinus - [connector-server-1 connector.js] [connector-server-1] send message reqId: null, route: onFrameEvent, msg: {"curFrame":93,"actionList":[]}, receivers: [1,2], opts: {"type":"push","userOptions":{},"isPush":true}
[2019-03-21T13:32:06.171] [DEBUG] pinus - [connector-server-1 channelRemote.js] [connector-server-1] pushMessage uids: ["oKH7c4g30VXZxQ5CV3iRQo-QjNo8","oKH7c4g30VXZxQ5CV3iRQo-QjNo9"], msg: {"curFrame":94,"actionList":[]}, sids: [1,2]
[2019-03-21T13:32:06.171] [DEBUG] pinus - [connector-server-1 connector.js] [connector-server-1] send message reqId: null, route: onFrameEvent, msg: {"curFrame":94,"actionList":[]}, receivers: [1,2], opts: {"type":"push","userOptions":{},"isPush":true}
[2019-03-21T13:32:06.271] [DEBUG] pinus - [connector-server-1 channelRemote.js] [connector-server-1] pushMessage uids: ["oKH7c4g30VXZxQ5CV3iRQo-QjNo8","oKH7c4g30VXZxQ5CV3iRQo-QjNo9"], msg: {"curFrame":95,"actionList":[]}, sids: [1,2]
[2019-03-21T13:32:06.271] [DEBUG] pinus - [connector-server-1 connector.js] [connector-server-1] send message reqId: null, route: onFrameEvent, msg: {"curFrame":95,"actionList":[]}, receivers: [1,2], opts: {"type":"push","userOptions":{},"isPush":true}
[2019-03-21T13:32:06.371] [DEBUG] pinus - [connector-server-1 channelRemote.js] [connector-server-1] pushMessage uids: ["oKH7c4g30VXZxQ5CV3iRQo-QjNo8","oKH7c4g30VXZxQ5CV3iRQo-QjNo9"], msg: {"curFrame":96,"actionList":[]}, sids: [1,2]
[2019-03-21T13:32:06.372] [DEBUG] pinus - [connector-server-1 connector.js] [connector-server-1] send message reqId: null, route: onFrameEvent, msg: {"curFrame":96,"actionList":[]}, receivers: [1,2], opts: {"type":"push","userOptions":{},"isPush":true}
[2019-03-21T13:32:06.471] [DEBUG] pinus - [connector-server-1 channelRemote.js] [connector-server-1] pushMessage uids: ["oKH7c4g30VXZxQ5CV3iRQo-QjNo8","oKH7c4g30VXZxQ5CV3iRQo-QjNo9"], msg: {"curFrame":97,"actionList":[]}, sids: [1,2]
[2019-03-21T13:32:06.471] [DEBUG] pinus - [connector-server-1 connector.js] [connector-server-1] send message reqId: null, route: onFrameEvent, msg: {"curFrame":97,"actionList":[]}, receivers: [1,2], opts: {"type":"push","userOptions":{},"isPush":true}
[2019-03-21T13:32:06.571] [DEBUG] pinus - [connector-server-1 channelRemote.js] [connector-server-1] pushMessage uids: ["oKH7c4g30VXZxQ5CV3iRQo-QjNo8","oKH7c4g30VXZxQ5CV3iRQo-QjNo9"], msg: {"curFrame":98,"actionList":[]}, sids: [1,2]
[2019-03-21T13:32:06.573] [DEBUG] pinus - [connector-server-1 connector.js] [connector-server-1] send message reqId: null, route: onFrameEvent, msg: {"curFrame":98,"actionList":[]}, receivers: [1,2], opts: {"type":"push","userOptions":{},"isPush":true}
[2019-03-21T13:32:06.671] [DEBUG] pinus - [connector-server-1 channelRemote.js] [connector-server-1] pushMessage uids: ["oKH7c4g30VXZxQ5CV3iRQo-QjNo8","oKH7c4g30VXZxQ5CV3iRQo-QjNo9"], msg: {"curFrame":99,"actionList":[]}, sids: [1,2]
[2019-03-21T13:32:06.671] [DEBUG] pinus - [connector-server-1 connector.js] [connector-server-1] send message reqId: null, route: onFrameEvent, msg: {"curFrame":99,"actionList":[]}, receivers: [1,2], opts: {"type":"push","userOptions":{},"isPush":true}
[2019-03-21T13:32:06.705] [DEBUG] pinus - [connector-server-1 connector.js] [connector-server-1] send message reqId: 18, route: chat.chatHandler.ReceivedPlayerCommand, msg: {"code":1,"msg":{}}, receivers: [1], opts: {"type":"response"}
[2019-03-21T13:32:06.771] [DEBUG] pinus - [connector-server-1 channelRemote.js] [connector-server-1] pushMessage uids: ["oKH7c4g30VXZxQ5CV3iRQo-QjNo8","oKH7c4g30VXZxQ5CV3iRQo-QjNo9"], msg: {"curFrame":100,"actionList":[{"seatId":0,"cmd":3,"data":{"armsStatus":1,"playerPos":{"x":-238.37200000000033,"y":-317.5},"shootSpeed":{"x":0.9876883399192612,"y":0.1564344693075476},"turnFace":1}}]}, sids: [1,2]
[2019-03-21T13:32:06.772] [DEBUG] pinus - [connector-server-1 connector.js] [connector-server-1] send message reqId: null, route: onFrameEvent, msg: {"curFrame":100,"actionList":[{"seatId":0,"cmd":3,"data":{"armsStatus":1,"playerPos":{"x":-238.37200000000033,"y":-317.5},"shootSpeed":{"x":0.9876883399192612,"y":0.1564344693075476},"turnFace":1}}]}, receivers: [1,2], opts: {"type":"push","userOptions":{},"isPush":true}
[2019-03-21T13:32:06.870] [DEBUG] pinus - [connector-server-1 channelRemote.js] [connector-server-1] pushMessage uids: ["oKH7c4g30VXZxQ5CV3iRQo-QjNo8","oKH7c4g30VXZxQ5CV3iRQo-QjNo9"], msg: {"curFrame":101,"actionList":[]}, sids: [1,2]
[2019-03-21T13:32:06.871] [DEBUG] pinus - [connector-server-1 connector.js] [connector-server-1] send message reqId: null, route: onFrameEvent, msg: {"curFrame":101,"actionList":[]}, receivers: [1,2], opts: {"type":"push","userOptions":{},"isPush":true}
[2019-03-21T13:32:06.971] [DEBUG] pinus - [connector-server-1 channelRemote.js] [connector-server-1] pushMessage uids: ["oKH7c4g30VXZxQ5CV3iRQo-QjNo8","oKH7c4g30VXZxQ5CV3iRQo-QjNo9"], msg: {"curFrame":102,"actionList":[]}, sids: [1,2]
[2019-03-21T13:32:06.971] [DEBUG] pinus - [connector-server-1 connector.js] [connector-server-1] send message reqId: null, route: onFrameEvent, msg: {"curFrame":102,"actionList":[]}, receivers: [1,2], opts: {"type":"push","userOptions":{},"isPush":true}
[2019-03-21T13:32:07.071] [DEBUG] pinus - [connector-server-1 channelRemote.js] [connector-server-1] pushMessage uids: ["oKH7c4g30VXZxQ5CV3iRQo-QjNo8","oKH7c4g30VXZxQ5CV3iRQo-QjNo9"], msg: {"curFrame":103,"actionList":[]}, sids: [1,2]
[2019-03-21T13:32:07.071] [DEBUG] pinus - [connector-server-1 connector.js] [connector-server-1] send message reqId: null, route: onFrameEvent, msg: {"curFrame":103,"actionList":[]}, receivers: [1,2], opts: {"type":"push","userOptions":{},"isPush":true}
[2019-03-21T13:32:07.171] [DEBUG] pinus - [connector-server-1 channelRemote.js] [connector-server-1] pushMessage uids: ["oKH7c4g30VXZxQ5CV3iRQo-QjNo8","oKH7c4g30VXZxQ5CV3iRQo-QjNo9"], msg: {"curFrame":104,"actionList":[]}, sids: [1,2]
[2019-03-21T13:32:07.171] [DEBUG] pinus - [connector-server-1 connector.js] [connector-server-1] send message reqId: null, route: onFrameEvent, msg: {"curFrame":104,"actionList":[]}, receivers: [1,2], opts: {"type":"push","userOptions":{},"isPush":true}
[2019-03-21T13:32:07.271] [DEBUG] pinus - [connector-server-1 channelRemote.js] [connector-server-1] pushMessage uids: ["oKH7c4g30VXZxQ5CV3iRQo-QjNo8","oKH7c4g30VXZxQ5CV3iRQo-QjNo9"], msg: {"curFrame":105,"actionList":[]}, sids: [1,2]
[2019-03-21T13:32:07.272] [DEBUG] pinus - [connector-server-1 connector.js] [connector-server-1] send message reqId: null, route: onFrameEvent, msg: {"curFrame":105,"actionList":[]}, receivers: [1,2], opts: {"type":"push","userOptions":{},"isPush":true}
[2019-03-21T13:32:07.371] [DEBUG] pinus - [connector-server-1 channelRemote.js] [connector-server-1] pushMessage uids: ["oKH7c4g30VXZxQ5CV3iRQo-QjNo8","oKH7c4g30VXZxQ5CV3iRQo-QjNo9"], msg: {"curFrame":106,"actionList":[]}, sids: [1,2]
[2019-03-21T13:32:07.371] [DEBUG] pinus - [connector-server-1 connector.js] [connector-server-1] send message reqId: null, route: onFrameEvent, msg: {"curFrame":106,"actionList":[]}, receivers: [1,2], opts: {"type":"push","userOptions":{},"isPush":true}
[2019-03-21T13:32:07.471] [DEBUG] pinus - [connector-server-1 channelRemote.js] [connector-server-1] pushMessage uids: ["oKH7c4g30VXZxQ5CV3iRQo-QjNo8","oKH7c4g30VXZxQ5CV3iRQo-QjNo9"], msg: {"curFrame":107,"actionList":[]}, sids: [1,2]
[2019-03-21T13:32:07.471] [DEBUG] pinus - [connector-server-1 connector.js] [connector-server-1] send message reqId: null, route: onFrameEvent, msg: {"curFrame":107,"actionList":[]}, receivers: [1,2], opts: {"type":"push","userOptions":{},"isPush":true}
[2019-03-21T13:32:07.570] [DEBUG] pinus - [connector-server-1 channelRemote.js] [connector-server-1] pushMessage uids: ["oKH7c4g30VXZxQ5CV3iRQo-QjNo8","oKH7c4g30VXZxQ5CV3iRQo-QjNo9"], msg: {"curFrame":108,"actionList":[]}, sids: [1,2]
[2019-03-21T13:32:07.571] [DEBUG] pinus - [connector-server-1 connector.js] [connector-server-1] send message reqId: null, route: onFrameEvent, msg: {"curFrame":108,"actionList":[]}, receivers: [1,2], opts: {"type":"push","userOptions":{},"isPush":true}
[2019-03-21T13:32:07.671] [DEBUG] pinus - [connector-server-1 channelRemote.js] [connector-server-1] pushMessage uids: ["oKH7c4g30VXZxQ5CV3iRQo-QjNo8","oKH7c4g30VXZxQ5CV3iRQo-QjNo9"], msg: {"curFrame":109,"actionList":[]}, sids: [1,2]
[2019-03-21T13:32:07.672] [DEBUG] pinus - [connector-server-1 connector.js] [connector-server-1] send message reqId: null, route: onFrameEvent, msg: {"curFrame":109,"actionList":[]}, receivers: [1,2], opts: {"type":"push","userOptions":{},"isPush":true}
[2019-03-21T13:32:07.771] [DEBUG] pinus - [connector-server-1 channelRemote.js] [connector-server-1] pushMessage uids: ["oKH7c4g30VXZxQ5CV3iRQo-QjNo8","oKH7c4g30VXZxQ5CV3iRQo-QjNo9"], msg: {"curFrame":110,"actionList":[]}, sids: [1,2]
[2019-03-21T13:32:07.773] [DEBUG] pinus - [connector-server-1 connector.js] [connector-server-1] send message reqId: null, route: onFrameEvent, msg: {"curFrame":110,"actionList":[]}, receivers: [1,2], opts: {"type":"push","userOptions":{},"isPush":true}
[2019-03-21T13:32:07.871] [DEBUG] pinus - [connector-server-1 channelRemote.js] [connector-server-1] pushMessage uids: ["oKH7c4g30VXZxQ5CV3iRQo-QjNo8","oKH7c4g30VXZxQ5CV3iRQo-QjNo9"], msg: {"curFrame":111,"actionList":[]}, sids: [1,2]
[2019-03-21T13:32:07.871] [DEBUG] pinus - [connector-server-1 connector.js] [connector-server-1] send message reqId: null, route: onFrameEvent, msg: {"curFrame":111,"actionList":[]}, receivers: [1,2], opts: {"type":"push","userOptions":{},"isPush":true}
[2019-03-21T13:32:07.971] [DEBUG] pinus - [connector-server-1 channelRemote.js] [connector-server-1] pushMessage uids: ["oKH7c4g30VXZxQ5CV3iRQo-QjNo8","oKH7c4g30VXZxQ5CV3iRQo-QjNo9"], msg: {"curFrame":112,"actionList":[]}, sids: [1,2]
[2019-03-21T13:32:07.971] [DEBUG] pinus - [connector-server-1 connector.js] [connector-server-1] send message reqId: null, route: onFrameEvent, msg: {"curFrame":112,"actionList":[]}, receivers: [1,2], opts: {"type":"push","userOptions":{},"isPush":true}
[2019-03-21T13:32:08.071] [DEBUG] pinus - [connector-server-1 channelRemote.js] [connector-server-1] pushMessage uids: ["oKH7c4g30VXZxQ5CV3iRQo-QjNo8","oKH7c4g30VXZxQ5CV3iRQo-QjNo9"], msg: {"curFrame":113,"actionList":[]}, sids: [1,2]
[2019-03-21T13:32:08.071] [DEBUG] pinus - [connector-server-1 connector.js] [connector-server-1] send message reqId: null, route: onFrameEvent, msg: {"curFrame":113,"actionList":[]}, receivers: [1,2], opts: {"type":"push","userOptions":{},"isPush":true}
[2019-03-21T13:32:08.171] [DEBUG] pinus - [connector-server-1 channelRemote.js] [connector-server-1] pushMessage uids: ["oKH7c4g30VXZxQ5CV3iRQo-QjNo8","oKH7c4g30VXZxQ5CV3iRQo-QjNo9"], msg: {"curFrame":114,"actionList":[]}, sids: [1,2]
[2019-03-21T13:32:08.171] [DEBUG] pinus - [connector-server-1 connector.js] [connector-server-1] send message reqId: null, route: onFrameEvent, msg: {"curFrame":114,"actionList":[]}, receivers: [1,2], opts: {"type":"push","userOptions":{},"isPush":true}
[2019-03-21T13:32:08.270] [DEBUG] pinus - [connector-server-1 channelRemote.js] [connector-server-1] pushMessage uids: ["oKH7c4g30VXZxQ5CV3iRQo-QjNo8","oKH7c4g30VXZxQ5CV3iRQo-QjNo9"], msg: {"curFrame":115,"actionList":[]}, sids: [1,2]
[2019-03-21T13:32:08.271] [DEBUG] pinus - [connector-server-1 connector.js] [connector-server-1] send message reqId: null, route: onFrameEvent, msg: {"curFrame":115,"actionList":[]}, receivers: [1,2], opts: {"type":"push","userOptions":{},"isPush":true}
[2019-03-21T13:32:08.371] [DEBUG] pinus - [connector-server-1 channelRemote.js] [connector-server-1] pushMessage uids: ["oKH7c4g30VXZxQ5CV3iRQo-QjNo8","oKH7c4g30VXZxQ5CV3iRQo-QjNo9"], msg: {"curFrame":116,"actionList":[]}, sids: [1,2]
[2019-03-21T13:32:08.371] [DEBUG] pinus - [connector-server-1 connector.js] [connector-server-1] send message reqId: null, route: onFrameEvent, msg: {"curFrame":116,"actionList":[]}, receivers: [1,2], opts: {"type":"push","userOptions":{},"isPush":true}
[2019-03-21T13:32:08.470] [DEBUG] pinus - [connector-server-1 channelRemote.js] [connector-server-1] pushMessage uids: ["oKH7c4g30VXZxQ5CV3iRQo-QjNo8","oKH7c4g30VXZxQ5CV3iRQo-QjNo9"], msg: {"curFrame":117,"actionList":[]}, sids: [1,2]
[2019-03-21T13:32:08.471] [DEBUG] pinus - [connector-server-1 connector.js] [connector-server-1] send message reqId: null, route: onFrameEvent, msg: {"curFrame":117,"actionList":[]}, receivers: [1,2], opts: {"type":"push","userOptions":{},"isPush":true}
[2019-03-21T13:32:08.571] [DEBUG] pinus - [connector-server-1 channelRemote.js] [connector-server-1] pushMessage uids: ["oKH7c4g30VXZxQ5CV3iRQo-QjNo8","oKH7c4g30VXZxQ5CV3iRQo-QjNo9"], msg: {"curFrame":118,"actionList":[]}, sids: [1,2]
[2019-03-21T13:32:08.572] [DEBUG] pinus - [connector-server-1 connector.js] [connector-server-1] send message reqId: null, route: onFrameEvent, msg: {"curFrame":118,"actionList":[]}, receivers: [1,2], opts: {"type":"push","userOptions":{},"isPush":true}
[2019-03-21T13:32:08.671] [DEBUG] pinus - [connector-server-1 channelRemote.js] [connector-server-1] pushMessage uids: ["oKH7c4g30VXZxQ5CV3iRQo-QjNo8","oKH7c4g30VXZxQ5CV3iRQo-QjNo9"], msg: {"curFrame":119,"actionList":[]}, sids: [1,2]
[2019-03-21T13:32:08.671] [DEBUG] pinus - [connector-server-1 connector.js] [connector-server-1] send message reqId: null, route: onFrameEvent, msg: {"curFrame":119,"actionList":[]}, receivers: [1,2], opts: {"type":"push","userOptions":{},"isPush":true}
[2019-03-21T13:32:08.771] [DEBUG] pinus - [connector-server-1 channelRemote.js] [connector-server-1] pushMessage uids: ["oKH7c4g30VXZxQ5CV3iRQo-QjNo8","oKH7c4g30VXZxQ5CV3iRQo-QjNo9"], msg: {"curFrame":120,"actionList":[]}, sids: [1,2]
[2019-03-21T13:32:08.771] [DEBUG] pinus - [connector-server-1 connector.js] [connector-server-1] send message reqId: null, route: onFrameEvent, msg: {"curFrame":120,"actionList":[]}, receivers: [1,2], opts: {"type":"push","userOptions":{},"isPush":true}
[2019-03-21T13:32:08.871] [DEBUG] pinus - [connector-server-1 channelRemote.js] [connector-server-1] pushMessage uids: ["oKH7c4g30VXZxQ5CV3iRQo-QjNo8","oKH7c4g30VXZxQ5CV3iRQo-QjNo9"], msg: {"curFrame":121,"actionList":[]}, sids: [1,2]
[2019-03-21T13:32:08.871] [DEBUG] pinus - [connector-server-1 connector.js] [connector-server-1] send message reqId: null, route: onFrameEvent, msg: {"curFrame":121,"actionList":[]}, receivers: [1,2], opts: {"type":"push","userOptions":{},"isPush":true}
[2019-03-21T13:32:08.971] [DEBUG] pinus - [connector-server-1 channelRemote.js] [connector-server-1] pushMessage uids: ["oKH7c4g30VXZxQ5CV3iRQo-QjNo8","oKH7c4g30VXZxQ5CV3iRQo-QjNo9"], msg: {"curFrame":122,"actionList":[]}, sids: [1,2]
[2019-03-21T13:32:08.971] [DEBUG] pinus - [connector-server-1 connector.js] [connector-server-1] send message reqId: null, route: onFrameEvent, msg: {"curFrame":122,"actionList":[]}, receivers: [1,2], opts: {"type":"push","userOptions":{},"isPush":true}
[2019-03-21T13:32:09.071] [DEBUG] pinus - [connector-server-1 channelRemote.js] [connector-server-1] pushMessage uids: ["oKH7c4g30VXZxQ5CV3iRQo-QjNo8","oKH7c4g30VXZxQ5CV3iRQo-QjNo9"], msg: {"curFrame":123,"actionList":[]}, sids: [1,2]
[2019-03-21T13:32:09.071] [DEBUG] pinus - [connector-server-1 connector.js] [connector-server-1] send message reqId: null, route: onFrameEvent, msg: {"curFrame":123,"actionList":[]}, receivers: [1,2], opts: {"type":"push","userOptions":{},"isPush":true}
[2019-03-21T13:32:09.171] [DEBUG] pinus - [connector-server-1 channelRemote.js] [connector-server-1] pushMessage uids: ["oKH7c4g30VXZxQ5CV3iRQo-QjNo8","oKH7c4g30VXZxQ5CV3iRQo-QjNo9"], msg: {"curFrame":124,"actionList":[]}, sids: [1,2]
[2019-03-21T13:32:09.171] [DEBUG] pinus - [connector-server-1 connector.js] [connector-server-1] send message reqId: null, route: onFrameEvent, msg: {"curFrame":124,"actionList":[]}, receivers: [1,2], opts: {"type":"push","userOptions":{},"isPush":true}
[2019-03-21T13:32:09.271] [DEBUG] pinus - [connector-server-1 channelRemote.js] [connector-server-1] pushMessage uids: ["oKH7c4g30VXZxQ5CV3iRQo-QjNo8","oKH7c4g30VXZxQ5CV3iRQo-QjNo9"], msg: {"curFrame":125,"actionList":[]}, sids: [1,2]
[2019-03-21T13:32:09.271] [DEBUG] pinus - [connector-server-1 connector.js] [connector-server-1] send message reqId: null, route: onFrameEvent, msg: {"curFrame":125,"actionList":[]}, receivers: [1,2], opts: {"type":"push","userOptions":{},"isPush":true}
[2019-03-21T13:32:09.371] [DEBUG] pinus - [connector-server-1 channelRemote.js] [connector-server-1] pushMessage uids: ["oKH7c4g30VXZxQ5CV3iRQo-QjNo8","oKH7c4g30VXZxQ5CV3iRQo-QjNo9"], msg: {"curFrame":126,"actionList":[]}, sids: [1,2]
[2019-03-21T13:32:09.371] [DEBUG] pinus - [connector-server-1 connector.js] [connector-server-1] send message reqId: null, route: onFrameEvent, msg: {"curFrame":126,"actionList":[]}, receivers: [1,2], opts: {"type":"push","userOptions":{},"isPush":true}
[2019-03-21T13:32:09.471] [DEBUG] pinus - [connector-server-1 channelRemote.js] [connector-server-1] pushMessage uids: ["oKH7c4g30VXZxQ5CV3iRQo-QjNo8","oKH7c4g30VXZxQ5CV3iRQo-QjNo9"], msg: {"curFrame":127,"actionList":[]}, sids: [1,2]
[2019-03-21T13:32:09.471] [DEBUG] pinus - [connector-server-1 connector.js] [connector-server-1] send message reqId: null, route: onFrameEvent, msg: {"curFrame":127,"actionList":[]}, receivers: [1,2], opts: {"type":"push","userOptions":{},"isPush":true}
[2019-03-21T13:32:09.571] [DEBUG] pinus - [connector-server-1 channelRemote.js] [connector-server-1] pushMessage uids: ["oKH7c4g30VXZxQ5CV3iRQo-QjNo8","oKH7c4g30VXZxQ5CV3iRQo-QjNo9"], msg: {"curFrame":128,"actionList":[]}, sids: [1,2]
[2019-03-21T13:32:09.571] [DEBUG] pinus - [connector-server-1 connector.js] [connector-server-1] send message reqId: null, route: onFrameEvent, msg: {"curFrame":128,"actionList":[]}, receivers: [1,2], opts: {"type":"push","userOptions":{},"isPush":true}
[2019-03-21T13:32:09.671] [DEBUG] pinus - [connector-server-1 channelRemote.js] [connector-server-1] pushMessage uids: ["oKH7c4g30VXZxQ5CV3iRQo-QjNo8","oKH7c4g30VXZxQ5CV3iRQo-QjNo9"], msg: {"curFrame":129,"actionList":[]}, sids: [1,2]
[2019-03-21T13:32:09.671] [DEBUG] pinus - [connector-server-1 connector.js] [connector-server-1] send message reqId: null, route: onFrameEvent, msg: {"curFrame":129,"actionList":[]}, receivers: [1,2], opts: {"type":"push","userOptions":{},"isPush":true}
[2019-03-21T13:32:09.771] [DEBUG] pinus - [connector-server-1 channelRemote.js] [connector-server-1] pushMessage uids: ["oKH7c4g30VXZxQ5CV3iRQo-QjNo8","oKH7c4g30VXZxQ5CV3iRQo-QjNo9"], msg: {"curFrame":130,"actionList":[]}, sids: [1,2]
[2019-03-21T13:32:09.771] [DEBUG] pinus - [connector-server-1 connector.js] [connector-server-1] send message reqId: null, route: onFrameEvent, msg: {"curFrame":130,"actionList":[]}, receivers: [1,2], opts: {"type":"push","userOptions":{},"isPush":true}
[2019-03-21T13:32:09.871] [DEBUG] pinus - [connector-server-1 channelRemote.js] [connector-server-1] pushMessage uids: ["oKH7c4g30VXZxQ5CV3iRQo-QjNo8","oKH7c4g30VXZxQ5CV3iRQo-QjNo9"], msg: {"curFrame":131,"actionList":[]}, sids: [1,2]
[2019-03-21T13:32:09.872] [DEBUG] pinus - [connector-server-1 connector.js] [connector-server-1] send message reqId: null, route: onFrameEvent, msg: {"curFrame":131,"actionList":[]}, receivers: [1,2], opts: {"type":"push","userOptions":{},"isPush":true}
[2019-03-21T13:32:09.971] [DEBUG] pinus - [connector-server-1 channelRemote.js] [connector-server-1] pushMessage uids: ["oKH7c4g30VXZxQ5CV3iRQo-QjNo8","oKH7c4g30VXZxQ5CV3iRQo-QjNo9"], msg: {"curFrame":132,"actionList":[]}, sids: [1,2]
[2019-03-21T13:32:09.971] [DEBUG] pinus - [connector-server-1 connector.js] [connector-server-1] send message reqId: null, route: onFrameEvent, msg: {"curFrame":132,"actionList":[]}, receivers: [1,2], opts: {"type":"push","userOptions":{},"isPush":true}
[2019-03-21T13:32:10.071] [DEBUG] pinus - [connector-server-1 channelRemote.js] [connector-server-1] pushMessage uids: ["oKH7c4g30VXZxQ5CV3iRQo-QjNo8","oKH7c4g30VXZxQ5CV3iRQo-QjNo9"], msg: {"curFrame":133,"actionList":[]}, sids: [1,2]
[2019-03-21T13:32:10.071] [DEBUG] pinus - [connector-server-1 connector.js] [connector-server-1] send message reqId: null, route: onFrameEvent, msg: {"curFrame":133,"actionList":[]}, receivers: [1,2], opts: {"type":"push","userOptions":{},"isPush":true}
[2019-03-21T13:32:10.171] [DEBUG] pinus - [connector-server-1 channelRemote.js] [connector-server-1] pushMessage uids: ["oKH7c4g30VXZxQ5CV3iRQo-QjNo8","oKH7c4g30VXZxQ5CV3iRQo-QjNo9"], msg: {"curFrame":134,"actionList":[]}, sids: [1,2]
[2019-03-21T13:32:10.171] [DEBUG] pinus - [connector-server-1 connector.js] [connector-server-1] send message reqId: null, route: onFrameEvent, msg: {"curFrame":134,"actionList":[]}, receivers: [1,2], opts: {"type":"push","userOptions":{},"isPush":true}
[2019-03-21T13:32:10.271] [DEBUG] pinus - [connector-server-1 channelRemote.js] [connector-server-1] pushMessage uids: ["oKH7c4g30VXZxQ5CV3iRQo-QjNo8","oKH7c4g30VXZxQ5CV3iRQo-QjNo9"], msg: {"curFrame":135,"actionList":[]}, sids: [1,2]
[2019-03-21T13:32:10.271] [DEBUG] pinus - [connector-server-1 connector.js] [connector-server-1] send message reqId: null, route: onFrameEvent, msg: {"curFrame":135,"actionList":[]}, receivers: [1,2], opts: {"type":"push","userOptions":{},"isPush":true}
[2019-03-21T13:32:10.371] [DEBUG] pinus - [connector-server-1 channelRemote.js] [connector-server-1] pushMessage uids: ["oKH7c4g30VXZxQ5CV3iRQo-QjNo8","oKH7c4g30VXZxQ5CV3iRQo-QjNo9"], msg: {"curFrame":136,"actionList":[]}, sids: [1,2]
[2019-03-21T13:32:10.371] [DEBUG] pinus - [connector-server-1 connector.js] [connector-server-1] send message reqId: null, route: onFrameEvent, msg: {"curFrame":136,"actionList":[]}, receivers: [1,2], opts: {"type":"push","userOptions":{},"isPush":true}
[2019-03-21T13:32:10.471] [DEBUG] pinus - [connector-server-1 channelRemote.js] [connector-server-1] pushMessage uids: ["oKH7c4g30VXZxQ5CV3iRQo-QjNo8","oKH7c4g30VXZxQ5CV3iRQo-QjNo9"], msg: {"curFrame":137,"actionList":[]}, sids: [1,2]
[2019-03-21T13:32:10.473] [DEBUG] pinus - [connector-server-1 connector.js] [connector-server-1] send message reqId: null, route: onFrameEvent, msg: {"curFrame":137,"actionList":[]}, receivers: [1,2], opts: {"type":"push","userOptions":{},"isPush":true}
[2019-03-21T13:32:10.571] [DEBUG] pinus - [connector-server-1 channelRemote.js] [connector-server-1] pushMessage uids: ["oKH7c4g30VXZxQ5CV3iRQo-QjNo8","oKH7c4g30VXZxQ5CV3iRQo-QjNo9"], msg: {"curFrame":138,"actionList":[]}, sids: [1,2]
[2019-03-21T13:32:10.571] [DEBUG] pinus - [connector-server-1 connector.js] [connector-server-1] send message reqId: null, route: onFrameEvent, msg: {"curFrame":138,"actionList":[]}, receivers: [1,2], opts: {"type":"push","userOptions":{},"isPush":true}
[2019-03-21T13:32:10.671] [DEBUG] pinus - [connector-server-1 channelRemote.js] [connector-server-1] pushMessage uids: ["oKH7c4g30VXZxQ5CV3iRQo-QjNo8","oKH7c4g30VXZxQ5CV3iRQo-QjNo9"], msg: {"curFrame":139,"actionList":[]}, sids: [1,2]
[2019-03-21T13:32:10.672] [DEBUG] pinus - [connector-server-1 connector.js] [connector-server-1] send message reqId: null, route: onFrameEvent, msg: {"curFrame":139,"actionList":[]}, receivers: [1,2], opts: {"type":"push","userOptions":{},"isPush":true}
[2019-03-21T13:32:10.772] [DEBUG] pinus - [connector-server-1 channelRemote.js] [connector-server-1] pushMessage uids: ["oKH7c4g30VXZxQ5CV3iRQo-QjNo8","oKH7c4g30VXZxQ5CV3iRQo-QjNo9"], msg: {"curFrame":140,"actionList":[]}, sids: [1,2]
[2019-03-21T13:32:10.772] [DEBUG] pinus - [connector-server-1 connector.js] [connector-server-1] send message reqId: null, route: onFrameEvent, msg: {"curFrame":140,"actionList":[]}, receivers: [1,2], opts: {"type":"push","userOptions":{},"isPush":true}
[2019-03-21T13:32:10.871] [DEBUG] pinus - [connector-server-1 channelRemote.js] [connector-server-1] pushMessage uids: ["oKH7c4g30VXZxQ5CV3iRQo-QjNo8","oKH7c4g30VXZxQ5CV3iRQo-QjNo9"], msg: {"curFrame":141,"actionList":[]}, sids: [1,2]
[2019-03-21T13:32:10.871] [DEBUG] pinus - [connector-server-1 connector.js] [connector-server-1] send message reqId: null, route: onFrameEvent, msg: {"curFrame":141,"actionList":[]}, receivers: [1,2], opts: {"type":"push","userOptions":{},"isPush":true}
[2019-03-21T13:32:10.971] [DEBUG] pinus - [connector-server-1 channelRemote.js] [connector-server-1] pushMessage uids: ["oKH7c4g30VXZxQ5CV3iRQo-QjNo8","oKH7c4g30VXZxQ5CV3iRQo-QjNo9"], msg: {"curFrame":142,"actionList":[]}, sids: [1,2]
[2019-03-21T13:32:10.971] [DEBUG] pinus - [connector-server-1 connector.js] [connector-server-1] send message reqId: null, route: onFrameEvent, msg: {"curFrame":142,"actionList":[]}, receivers: [1,2], opts: {"type":"push","userOptions":{},"isPush":true}
[2019-03-21T13:32:11.071] [DEBUG] pinus - [connector-server-1 channelRemote.js] [connector-server-1] pushMessage uids: ["oKH7c4g30VXZxQ5CV3iRQo-QjNo8","oKH7c4g30VXZxQ5CV3iRQo-QjNo9"], msg: {"curFrame":143,"actionList":[]}, sids: [1,2]
[2019-03-21T13:32:11.071] [DEBUG] pinus - [connector-server-1 connector.js] [connector-server-1] send message reqId: null, route: onFrameEvent, msg: {"curFrame":143,"actionList":[]}, receivers: [1,2], opts: {"type":"push","userOptions":{},"isPush":true}
[2019-03-21T13:32:11.171] [DEBUG] pinus - [connector-server-1 channelRemote.js] [connector-server-1] pushMessage uids: ["oKH7c4g30VXZxQ5CV3iRQo-QjNo8","oKH7c4g30VXZxQ5CV3iRQo-QjNo9"], msg: {"curFrame":144,"actionList":[]}, sids: [1,2]
[2019-03-21T13:32:11.171] [DEBUG] pinus - [connector-server-1 connector.js] [connector-server-1] send message reqId: null, route: onFrameEvent, msg: {"curFrame":144,"actionList":[]}, receivers: [1,2], opts: {"type":"push","userOptions":{},"isPush":true}
[2019-03-21T13:32:11.271] [DEBUG] pinus - [connector-server-1 channelRemote.js] [connector-server-1] pushMessage uids: ["oKH7c4g30VXZxQ5CV3iRQo-QjNo8","oKH7c4g30VXZxQ5CV3iRQo-QjNo9"], msg: {"curFrame":145,"actionList":[]}, sids: [1,2]
[2019-03-21T13:32:11.271] [DEBUG] pinus - [connector-server-1 connector.js] [connector-server-1] send message reqId: null, route: onFrameEvent, msg: {"curFrame":145,"actionList":[]}, receivers: [1,2], opts: {"type":"push","userOptions":{},"isPush":true}
[2019-03-21T13:32:11.371] [DEBUG] pinus - [connector-server-1 channelRemote.js] [connector-server-1] pushMessage uids: ["oKH7c4g30VXZxQ5CV3iRQo-QjNo8","oKH7c4g30VXZxQ5CV3iRQo-QjNo9"], msg: {"curFrame":146,"actionList":[]}, sids: [1,2]
[2019-03-21T13:32:11.371] [DEBUG] pinus - [connector-server-1 connector.js] [connector-server-1] send message reqId: null, route: onFrameEvent, msg: {"curFrame":146,"actionList":[]}, receivers: [1,2], opts: {"type":"push","userOptions":{},"isPush":true}
[2019-03-21T13:32:11.471] [DEBUG] pinus - [connector-server-1 channelRemote.js] [connector-server-1] pushMessage uids: ["oKH7c4g30VXZxQ5CV3iRQo-QjNo8","oKH7c4g30VXZxQ5CV3iRQo-QjNo9"], msg: {"curFrame":147,"actionList":[]}, sids: [1,2]
[2019-03-21T13:32:11.471] [DEBUG] pinus - [connector-server-1 connector.js] [connector-server-1] send message reqId: null, route: onFrameEvent, msg: {"curFrame":147,"actionList":[]}, receivers: [1,2], opts: {"type":"push","userOptions":{},"isPush":true}
[2019-03-21T13:32:11.572] [DEBUG] pinus - [connector-server-1 channelRemote.js] [connector-server-1] pushMessage uids: ["oKH7c4g30VXZxQ5CV3iRQo-QjNo8","oKH7c4g30VXZxQ5CV3iRQo-QjNo9"], msg: {"curFrame":148,"actionList":[]}, sids: [1,2]
[2019-03-21T13:32:11.572] [DEBUG] pinus - [connector-server-1 connector.js] [connector-server-1] send message reqId: null, route: onFrameEvent, msg: {"curFrame":148,"actionList":[]}, receivers: [1,2], opts: {"type":"push","userOptions":{},"isPush":true}
[2019-03-21T13:32:11.671] [DEBUG] pinus - [connector-server-1 channelRemote.js] [connector-server-1] pushMessage uids: ["oKH7c4g30VXZxQ5CV3iRQo-QjNo8","oKH7c4g30VXZxQ5CV3iRQo-QjNo9"], msg: {"curFrame":149,"actionList":[]}, sids: [1,2]
[2019-03-21T13:32:11.672] [DEBUG] pinus - [connector-server-1 connector.js] [connector-server-1] send message reqId: null, route: onFrameEvent, msg: {"curFrame":149,"actionList":[]}, receivers: [1,2], opts: {"type":"push","userOptions":{},"isPush":true}
[2019-03-21T13:32:11.771] [DEBUG] pinus - [connector-server-1 channelRemote.js] [connector-server-1] pushMessage uids: ["oKH7c4g30VXZxQ5CV3iRQo-QjNo8","oKH7c4g30VXZxQ5CV3iRQo-QjNo9"], msg: {"curFrame":150,"actionList":[]}, sids: [1,2]
[2019-03-21T13:32:11.771] [DEBUG] pinus - [connector-server-1 connector.js] [connector-server-1] send message reqId: null, route: onFrameEvent, msg: {"curFrame":150,"actionList":[]}, receivers: [1,2], opts: {"type":"push","userOptions":{},"isPush":true}
[2019-03-21T13:32:11.871] [DEBUG] pinus - [connector-server-1 channelRemote.js] [connector-server-1] pushMessage uids: ["oKH7c4g30VXZxQ5CV3iRQo-QjNo8","oKH7c4g30VXZxQ5CV3iRQo-QjNo9"], msg: {"curFrame":151,"actionList":[]}, sids: [1,2]
[2019-03-21T13:32:11.871] [DEBUG] pinus - [connector-server-1 connector.js] [connector-server-1] send message reqId: null, route: onFrameEvent, msg: {"curFrame":151,"actionList":[]}, receivers: [1,2], opts: {"type":"push","userOptions":{},"isPush":true}
[2019-03-21T13:32:11.971] [DEBUG] pinus - [connector-server-1 channelRemote.js] [connector-server-1] pushMessage uids: ["oKH7c4g30VXZxQ5CV3iRQo-QjNo8","oKH7c4g30VXZxQ5CV3iRQo-QjNo9"], msg: {"curFrame":152,"actionList":[]}, sids: [1,2]
[2019-03-21T13:32:11.972] [DEBUG] pinus - [connector-server-1 connector.js] [connector-server-1] send message reqId: null, route: onFrameEvent, msg: {"curFrame":152,"actionList":[]}, receivers: [1,2], opts: {"type":"push","userOptions":{},"isPush":true}
[2019-03-21T13:32:12.072] [DEBUG] pinus - [connector-server-1 channelRemote.js] [connector-server-1] pushMessage uids: ["oKH7c4g30VXZxQ5CV3iRQo-QjNo8","oKH7c4g30VXZxQ5CV3iRQo-QjNo9"], msg: {"curFrame":153,"actionList":[]}, sids: [1,2]
[2019-03-21T13:32:12.072] [DEBUG] pinus - [connector-server-1 connector.js] [connector-server-1] send message reqId: null, route: onFrameEvent, msg: {"curFrame":153,"actionList":[]}, receivers: [1,2], opts: {"type":"push","userOptions":{},"isPush":true}
[2019-03-21T13:32:12.177] [DEBUG] pinus - [connector-server-1 channelRemote.js] [connector-server-1] pushMessage uids: ["oKH7c4g30VXZxQ5CV3iRQo-QjNo8","oKH7c4g30VXZxQ5CV3iRQo-QjNo9"], msg: {"curFrame":154,"actionList":[]}, sids: [1,2]
[2019-03-21T13:32:12.178] [DEBUG] pinus - [connector-server-1 connector.js] [connector-server-1] send message reqId: null, route: onFrameEvent, msg: {"curFrame":154,"actionList":[]}, receivers: [1,2], opts: {"type":"push","userOptions":{},"isPush":true}
[2019-03-21T13:32:12.271] [DEBUG] pinus - [connector-server-1 channelRemote.js] [connector-server-1] pushMessage uids: ["oKH7c4g30VXZxQ5CV3iRQo-QjNo8","oKH7c4g30VXZxQ5CV3iRQo-QjNo9"], msg: {"curFrame":155,"actionList":[]}, sids: [1,2]
[2019-03-21T13:32:12.271] [DEBUG] pinus - [connector-server-1 connector.js] [connector-server-1] send message reqId: null, route: onFrameEvent, msg: {"curFrame":155,"actionList":[]}, receivers: [1,2], opts: {"type":"push","userOptions":{},"isPush":true}
[2019-03-21T13:32:12.371] [DEBUG] pinus - [connector-server-1 channelRemote.js] [connector-server-1] pushMessage uids: ["oKH7c4g30VXZxQ5CV3iRQo-QjNo8","oKH7c4g30VXZxQ5CV3iRQo-QjNo9"], msg: {"curFrame":156,"actionList":[]}, sids: [1,2]
[2019-03-21T13:32:12.371] [DEBUG] pinus - [connector-server-1 connector.js] [connector-server-1] send message reqId: null, route: onFrameEvent, msg: {"curFrame":156,"actionList":[]}, receivers: [1,2], opts: {"type":"push","userOptions":{},"isPush":true}
[2019-03-21T13:32:12.471] [DEBUG] pinus - [connector-server-1 channelRemote.js] [connector-server-1] pushMessage uids: ["oKH7c4g30VXZxQ5CV3iRQo-QjNo8","oKH7c4g30VXZxQ5CV3iRQo-QjNo9"], msg: {"curFrame":157,"actionList":[]}, sids: [1,2]
[2019-03-21T13:32:12.471] [DEBUG] pinus - [connector-server-1 connector.js] [connector-server-1] send message reqId: null, route: onFrameEvent, msg: {"curFrame":157,"actionList":[]}, receivers: [1,2], opts: {"type":"push","userOptions":{},"isPush":true}
[2019-03-21T13:32:12.571] [DEBUG] pinus - [connector-server-1 channelRemote.js] [connector-server-1] pushMessage uids: ["oKH7c4g30VXZxQ5CV3iRQo-QjNo8","oKH7c4g30VXZxQ5CV3iRQo-QjNo9"], msg: {"curFrame":158,"actionList":[]}, sids: [1,2]
[2019-03-21T13:32:12.571] [DEBUG] pinus - [connector-server-1 connector.js] [connector-server-1] send message reqId: null, route: onFrameEvent, msg: {"curFrame":158,"actionList":[]}, receivers: [1,2], opts: {"type":"push","userOptions":{},"isPush":true}
[2019-03-21T13:32:12.671] [DEBUG] pinus - [connector-server-1 channelRemote.js] [connector-server-1] pushMessage uids: ["oKH7c4g30VXZxQ5CV3iRQo-QjNo8","oKH7c4g30VXZxQ5CV3iRQo-QjNo9"], msg: {"curFrame":159,"actionList":[]}, sids: [1,2]
[2019-03-21T13:32:12.671] [DEBUG] pinus - [connector-server-1 connector.js] [connector-server-1] send message reqId: null, route: onFrameEvent, msg: {"curFrame":159,"actionList":[]}, receivers: [1,2], opts: {"type":"push","userOptions":{},"isPush":true}
[2019-03-21T13:32:12.771] [DEBUG] pinus - [connector-server-1 channelRemote.js] [connector-server-1] pushMessage uids: ["oKH7c4g30VXZxQ5CV3iRQo-QjNo8","oKH7c4g30VXZxQ5CV3iRQo-QjNo9"], msg: {"curFrame":160,"actionList":[]}, sids: [1,2]
[2019-03-21T13:32:12.772] [DEBUG] pinus - [connector-server-1 connector.js] [connector-server-1] send message reqId: null, route: onFrameEvent, msg: {"curFrame":160,"actionList":[]}, receivers: [1,2], opts: {"type":"push","userOptions":{},"isPush":true}
[2019-03-21T13:32:12.871] [DEBUG] pinus - [connector-server-1 channelRemote.js] [connector-server-1] pushMessage uids: ["oKH7c4g30VXZxQ5CV3iRQo-QjNo8","oKH7c4g30VXZxQ5CV3iRQo-QjNo9"], msg: {"curFrame":161,"actionList":[]}, sids: [1,2]
[2019-03-21T13:32:12.871] [DEBUG] pinus - [connector-server-1 connector.js] [connector-server-1] send message reqId: null, route: onFrameEvent, msg: {"curFrame":161,"actionList":[]}, receivers: [1,2], opts: {"type":"push","userOptions":{},"isPush":true}
[2019-03-21T13:32:12.971] [DEBUG] pinus - [connector-server-1 channelRemote.js] [connector-server-1] pushMessage uids: ["oKH7c4g30VXZxQ5CV3iRQo-QjNo8","oKH7c4g30VXZxQ5CV3iRQo-QjNo9"], msg: {"curFrame":162,"actionList":[]}, sids: [1,2]
[2019-03-21T13:32:12.971] [DEBUG] pinus - [connector-server-1 connector.js] [connector-server-1] send message reqId: null, route: onFrameEvent, msg: {"curFrame":162,"actionList":[]}, receivers: [1,2], opts: {"type":"push","userOptions":{},"isPush":true}
[2019-03-21T13:32:13.071] [DEBUG] pinus - [connector-server-1 channelRemote.js] [connector-server-1] pushMessage uids: ["oKH7c4g30VXZxQ5CV3iRQo-QjNo8","oKH7c4g30VXZxQ5CV3iRQo-QjNo9"], msg: {"curFrame":163,"actionList":[]}, sids: [1,2]
[2019-03-21T13:32:13.071] [DEBUG] pinus - [connector-server-1 connector.js] [connector-server-1] send message reqId: null, route: onFrameEvent, msg: {"curFrame":163,"actionList":[]}, receivers: [1,2], opts: {"type":"push","userOptions":{},"isPush":true}
[2019-03-21T13:32:13.171] [DEBUG] pinus - [connector-server-1 channelRemote.js] [connector-server-1] pushMessage uids: ["oKH7c4g30VXZxQ5CV3iRQo-QjNo8","oKH7c4g30VXZxQ5CV3iRQo-QjNo9"], msg: {"curFrame":164,"actionList":[]}, sids: [1,2]
[2019-03-21T13:32:13.171] [DEBUG] pinus - [connector-server-1 connector.js] [connector-server-1] send message reqId: null, route: onFrameEvent, msg: {"curFrame":164,"actionList":[]}, receivers: [1,2], opts: {"type":"push","userOptions":{},"isPush":true}
[2019-03-21T13:32:13.271] [DEBUG] pinus - [connector-server-1 channelRemote.js] [connector-server-1] pushMessage uids: ["oKH7c4g30VXZxQ5CV3iRQo-QjNo8","oKH7c4g30VXZxQ5CV3iRQo-QjNo9"], msg: {"curFrame":165,"actionList":[]}, sids: [1,2]
[2019-03-21T13:32:13.272] [DEBUG] pinus - [connector-server-1 connector.js] [connector-server-1] send message reqId: null, route: onFrameEvent, msg: {"curFrame":165,"actionList":[]}, receivers: [1,2], opts: {"type":"push","userOptions":{},"isPush":true}
[2019-03-21T13:32:13.372] [DEBUG] pinus - [connector-server-1 channelRemote.js] [connector-server-1] pushMessage uids: ["oKH7c4g30VXZxQ5CV3iRQo-QjNo8","oKH7c4g30VXZxQ5CV3iRQo-QjNo9"], msg: {"curFrame":166,"actionList":[]}, sids: [1,2]
[2019-03-21T13:32:13.373] [DEBUG] pinus - [connector-server-1 connector.js] [connector-server-1] send message reqId: null, route: onFrameEvent, msg: {"curFrame":166,"actionList":[]}, receivers: [1,2], opts: {"type":"push","userOptions":{},"isPush":true}
[2019-03-21T13:35:07.359] [INFO] pinus - [connector-server-1 application.js] application inited: "connector-server-1"
[2019-03-21T13:35:07.409] [INFO] pinus - [connector-server-1 application.js] "connector-server-1" enter before start...
[2019-03-21T13:35:07.410] [INFO] pinus - [connector-server-1 application.js] "connector-server-1" enter after start...
[2019-03-21T13:35:07.445] [INFO] pinus-admin - [connector-server-1 consoleService.js] try to connect master: "connector", "127.0.0.1", 3005
[2019-03-21T13:35:07.640] [INFO] pinus - [connector-server-1 application.js] "connector-server-1" enter after start...
[2019-03-21T13:35:07.664] [INFO] pinus - [connector-server-1 application.js] "connector-server-1" finish start
[2019-03-21T13:35:07.677] [INFO] pinus - [connector-server-1 application.js] "connector-server-1" startup in 291 ms
[2019-03-21T13:35:07.761] [DEBUG] pinus - [connector-server-1 monitorwatcher.js] [connector-server-1] receive addServer signal: {"action":"addServer","server":{"main":"C:\\Program Files\\nodejs\\websocket-chat-ts-run\\game-server\\dist\\app.js","env":"development","id":"chat-server-1","host":"127.0.0.1","port":6150,"args":"--inspect=10002","serverType":"chat","remoterPaths":[{"namespace":"sys","serverType":"chat","path":"C:\\Program Files\\nodejs\\websocket-chat-ts-run\\game-server\\node_modules\\pinus\\dist\\lib\\common\\remote\\backend"},{"namespace":"user","serverType":"chat","path":"C:\\Program Files\\nodejs\\websocket-chat-ts-run\\game-server\\dist\\app\\servers\\chat\\remote"}],"handlerPaths":["C:\\Program Files\\nodejs\\websocket-chat-ts-run\\game-server\\dist\\app\\servers\\chat\\handler"],"pid":5772}}
[2019-03-21T13:35:07.939] [WARN] logger - [connector-server-1 console] after start all server, use route dictionary :
 chat.chatHandler.ReceivedPlayerCommand
chat.chatHandler.addMatchOnlinePlayer
chat.chatHandler.allocPlayer
chat.chatHandler.allocRoomToMatchPlayer
chat.chatHandler.doAllocRoom
chat.chatHandler.doDeleteRoom
chat.chatHandler.doSearchRoom
chat.chatHandler.enterGameScene
chat.chatHandler.entryArea
chat.chatHandler.getRandomRoomId
chat.chatHandler.move
chat.chatHandler.playerQuitRoom
chat.chatHandler.removeMatchOnlinePlayer
chat.chatHandler.removePlayerFromMatchList
chat.chatHandler.send
connector.entryHandler.enter
connector.entryHandler.onUserLeave
gate.gateHandler.getWxOpenid
gate.gateHandler.loginByOpenid
gate.gateHandler.queryEntry
[2019-03-21T13:35:11.184] [DEBUG] pinus - [connector-server-1 connector.js] [connector-server-1] getSession session is created with session id: 1
[2019-03-21T13:35:11.229] [DEBUG] pinus - [connector-server-1 connector.js] session on [connector-server-1] bind with uid: oKH7c4g30VXZxQ5CV3iRQo-QjNo8
[2019-03-21T13:35:11.233] [DEBUG] pinus - [connector-server-1 connector.js] [connector-server-1] send message reqId: 1, route: connector.entryHandler.enter, msg: {"code":1,"msg":{}}, receivers: [1], opts: {"type":"response"}
[2019-03-21T13:35:11.595] [DEBUG] pinus - [connector-server-1 connector.js] [connector-server-1] send message reqId: 2, route: chat.chatHandler.entryArea, msg: {"code":1,"msg":{}}, receivers: [1], opts: {"type":"response"}
[2019-03-21T13:35:11.843] [DEBUG] pinus - [connector-server-1 connector.js] [connector-server-1] getSession session is created with session id: 2
[2019-03-21T13:35:11.852] [DEBUG] pinus - [connector-server-1 connector.js] session on [connector-server-1] bind with uid: oKH7c4g30VXZxQ5CV3iRQo-QjNo9
[2019-03-21T13:35:11.854] [DEBUG] pinus - [connector-server-1 connector.js] [connector-server-1] send message reqId: 1, route: connector.entryHandler.enter, msg: {"code":1,"msg":{}}, receivers: [2], opts: {"type":"response"}
[2019-03-21T13:35:11.974] [DEBUG] pinus - [connector-server-1 connector.js] [connector-server-1] send message reqId: 2, route: chat.chatHandler.entryArea, msg: {"code":1,"msg":{}}, receivers: [2], opts: {"type":"response"}
[2019-03-21T13:35:12.927] [DEBUG] pinus - [connector-server-1 connector.js] [connector-server-1] send message reqId: 3, route: chat.chatHandler.addMatchOnlinePlayer, msg: {"code":1,"msg":{"MatchPlayer":true}}, receivers: [1], opts: {"type":"response"}
[2019-03-21T13:35:13.081] [INFO] logger - [connector-server-1 console] connected
[2019-03-21T13:35:13.083] [DEBUG] pinus - [connector-server-1 channelRemote.js] [connector-server-1] pushMessage uids: ["oKH7c4g30VXZxQ5CV3iRQo-QjNo8"], msg: {"playerInfo":{"openId":"oKH7c4g30VXZxQ5CV3iRQo-QjNo8","nickName":"kirigayakazuto","avatarUrl":"https://wx.qlogo.cn/mmopen/vi_32/PiajxSqBRaELED8YcLTuBpUC279icN0vO8UWSUN7VrYyhPFBzibCWhwOicB7ym5NJaoLZq64KYTyRsF0CVT1zTJVoQ/132","gender":1,"chip":1000,"exp":0,"city":"Jiujiang","country":"China","province":"Jiangxi","can_login":1}}, sids: [1]
[2019-03-21T13:35:13.084] [DEBUG] pinus - [connector-server-1 connector.js] [connector-server-1] send message reqId: null, route: onUserEnterRoom, msg: {"playerInfo":{"openId":"oKH7c4g30VXZxQ5CV3iRQo-QjNo8","nickName":"kirigayakazuto","avatarUrl":"https://wx.qlogo.cn/mmopen/vi_32/PiajxSqBRaELED8YcLTuBpUC279icN0vO8UWSUN7VrYyhPFBzibCWhwOicB7ym5NJaoLZq64KYTyRsF0CVT1zTJVoQ/132","gender":1,"chip":1000,"exp":0,"city":"Jiujiang","country":"China","province":"Jiangxi","can_login":1}}, receivers: [1], opts: {"type":"push","userOptions":{},"isPush":true}
[2019-03-21T13:35:14.040] [DEBUG] pinus - [connector-server-1 connector.js] [connector-server-1] send message reqId: 3, route: chat.chatHandler.addMatchOnlinePlayer, msg: {"code":1,"msg":{"MatchPlayer":true}}, receivers: [2], opts: {"type":"response"}
[2019-03-21T13:35:14.073] [DEBUG] pinus - [connector-server-1 channelRemote.js] [connector-server-1] pushMessage uids: ["oKH7c4g30VXZxQ5CV3iRQo-QjNo9"], msg: {"openId":"oKH7c4g30VXZxQ5CV3iRQo-QjNo8","nickName":"kirigayakazuto","avatarUrl":"https://wx.qlogo.cn/mmopen/vi_32/PiajxSqBRaELED8YcLTuBpUC279icN0vO8UWSUN7VrYyhPFBzibCWhwOicB7ym5NJaoLZq64KYTyRsF0CVT1zTJVoQ/132","gender":1,"chip":1000,"exp":0,"city":"Jiujiang","country":"China","province":"Jiangxi","can_login":1}, sids: [2]
[2019-03-21T13:35:14.073] [DEBUG] pinus - [connector-server-1 connector.js] [connector-server-1] send message reqId: null, route: onPlayerEnterRoom, msg: {"openId":"oKH7c4g30VXZxQ5CV3iRQo-QjNo8","nickName":"kirigayakazuto","avatarUrl":"https://wx.qlogo.cn/mmopen/vi_32/PiajxSqBRaELED8YcLTuBpUC279icN0vO8UWSUN7VrYyhPFBzibCWhwOicB7ym5NJaoLZq64KYTyRsF0CVT1zTJVoQ/132","gender":1,"chip":1000,"exp":0,"city":"Jiujiang","country":"China","province":"Jiangxi","can_login":1}, receivers: [2], opts: {"type":"push","userOptions":{},"isPush":true}
[2019-03-21T13:35:14.074] [DEBUG] pinus - [connector-server-1 channelRemote.js] [connector-server-1] pushMessage uids: ["oKH7c4g30VXZxQ5CV3iRQo-QjNo8","oKH7c4g30VXZxQ5CV3iRQo-QjNo9"], msg: {"playerInfo":{"openId":"oKH7c4g30VXZxQ5CV3iRQo-QjNo9","nickName":"denglang","avatarUrl":"https://wx.qlogo.cn/mmopen/vi_32/PiajxSqBRaELED8YcLTuBpUC279icN0vO8UWSUN7VrYyhPFBzibCWhwOicB7ym5NJaoLZq64KYTyRsF0CVT1zTJVoQ/132","gender":1,"chip":1000,"exp":10,"city":"Jiujiang","country":"China","province":"Jiangxi","can_login":1}}, sids: [1,2]
[2019-03-21T13:35:14.075] [DEBUG] pinus - [connector-server-1 connector.js] [connector-server-1] send message reqId: null, route: onUserEnterRoom, msg: {"playerInfo":{"openId":"oKH7c4g30VXZxQ5CV3iRQo-QjNo9","nickName":"denglang","avatarUrl":"https://wx.qlogo.cn/mmopen/vi_32/PiajxSqBRaELED8YcLTuBpUC279icN0vO8UWSUN7VrYyhPFBzibCWhwOicB7ym5NJaoLZq64KYTyRsF0CVT1zTJVoQ/132","gender":1,"chip":1000,"exp":10,"city":"Jiujiang","country":"China","province":"Jiangxi","can_login":1}}, receivers: [1,2], opts: {"type":"push","userOptions":{},"isPush":true}
[2019-03-21T13:35:14.076] [DEBUG] pinus - [connector-server-1 channelRemote.js] [connector-server-1] pushMessage uids: ["oKH7c4g30VXZxQ5CV3iRQo-QjNo8","oKH7c4g30VXZxQ5CV3iRQo-QjNo9"], msg: {"waitTime":2}, sids: [1,2]
[2019-03-21T13:35:14.076] [DEBUG] pinus - [connector-server-1 connector.js] [connector-server-1] send message reqId: null, route: onGameCanStart, msg: {"waitTime":2}, receivers: [1,2], opts: {"type":"push","userOptions":{},"isPush":true}
[2019-03-21T13:35:16.400] [DEBUG] pinus - [connector-server-1 connector.js] [connector-server-1] send message reqId: 4, route: chat.chatHandler.enterGameScene, msg: {"code":1,"msg":{}}, receivers: [2], opts: {"type":"response"}
[2019-03-21T13:35:16.516] [DEBUG] pinus - [connector-server-1 channelRemote.js] [connector-server-1] pushMessage uids: ["oKH7c4g30VXZxQ5CV3iRQo-QjNo8","oKH7c4g30VXZxQ5CV3iRQo-QjNo9"], msg: {"waitTime":3,"playerInfoList":[{"seatId":0,"playerInfo":{"openId":"oKH7c4g30VXZxQ5CV3iRQo-QjNo8","nickName":"kirigayakazuto","avatarUrl":"https://wx.qlogo.cn/mmopen/vi_32/PiajxSqBRaELED8YcLTuBpUC279icN0vO8UWSUN7VrYyhPFBzibCWhwOicB7ym5NJaoLZq64KYTyRsF0CVT1zTJVoQ/132","gender":1,"chip":1000,"exp":0,"city":"Jiujiang","country":"China","province":"Jiangxi","can_login":1}},{"seatId":1,"playerInfo":{"openId":"oKH7c4g30VXZxQ5CV3iRQo-QjNo9","nickName":"denglang","avatarUrl":"https://wx.qlogo.cn/mmopen/vi_32/PiajxSqBRaELED8YcLTuBpUC279icN0vO8UWSUN7VrYyhPFBzibCWhwOicB7ym5NJaoLZq64KYTyRsF0CVT1zTJVoQ/132","gender":1,"chip":1000,"exp":10,"city":"Jiujiang","country":"China","province":"Jiangxi","can_login":1}}]}, sids: [1,2]
[2019-03-21T13:35:16.517] [DEBUG] pinus - [connector-server-1 connector.js] [connector-server-1] send message reqId: null, route: onWaitGameStart, msg: {"waitTime":3,"playerInfoList":[{"seatId":0,"playerInfo":{"openId":"oKH7c4g30VXZxQ5CV3iRQo-QjNo8","nickName":"kirigayakazuto","avatarUrl":"https://wx.qlogo.cn/mmopen/vi_32/PiajxSqBRaELED8YcLTuBpUC279icN0vO8UWSUN7VrYyhPFBzibCWhwOicB7ym5NJaoLZq64KYTyRsF0CVT1zTJVoQ/132","gender":1,"chip":1000,"exp":0,"city":"Jiujiang","country":"China","province":"Jiangxi","can_login":1}},{"seatId":1,"playerInfo":{"openId":"oKH7c4g30VXZxQ5CV3iRQo-QjNo9","nickName":"denglang","avatarUrl":"https://wx.qlogo.cn/mmopen/vi_32/PiajxSqBRaELED8YcLTuBpUC279icN0vO8UWSUN7VrYyhPFBzibCWhwOicB7ym5NJaoLZq64KYTyRsF0CVT1zTJVoQ/132","gender":1,"chip":1000,"exp":10,"city":"Jiujiang","country":"China","province":"Jiangxi","can_login":1}}]}, receivers: [1,2], opts: {"type":"push","userOptions":{},"isPush":true}
[2019-03-21T13:35:16.521] [DEBUG] pinus - [connector-server-1 connector.js] [connector-server-1] send message reqId: 4, route: chat.chatHandler.enterGameScene, msg: {"code":1,"msg":{}}, receivers: [1], opts: {"type":"response"}
[2019-03-21T13:35:19.521] [DEBUG] pinus - [connector-server-1 channelRemote.js] [connector-server-1] pushMessage uids: ["oKH7c4g30VXZxQ5CV3iRQo-QjNo8","oKH7c4g30VXZxQ5CV3iRQo-QjNo9"], msg: {}, sids: [1,2]
[2019-03-21T13:35:19.522] [DEBUG] pinus - [connector-server-1 connector.js] [connector-server-1] send message reqId: null, route: onGameStart, msg: {}, receivers: [1,2], opts: {"type":"push","userOptions":{},"isPush":true}
[2019-03-21T13:35:19.623] [DEBUG] pinus - [connector-server-1 channelRemote.js] [connector-server-1] pushMessage uids: ["oKH7c4g30VXZxQ5CV3iRQo-QjNo8","oKH7c4g30VXZxQ5CV3iRQo-QjNo9"], msg: {"curFrame":1,"actionList":[]}, sids: [1,2]
[2019-03-21T13:35:19.624] [DEBUG] pinus - [connector-server-1 connector.js] [connector-server-1] send message reqId: null, route: onFrameEvent, msg: {"curFrame":1,"actionList":[]}, receivers: [1,2], opts: {"type":"push","userOptions":{},"isPush":true}
[2019-03-21T13:35:19.722] [DEBUG] pinus - [connector-server-1 channelRemote.js] [connector-server-1] pushMessage uids: ["oKH7c4g30VXZxQ5CV3iRQo-QjNo8","oKH7c4g30VXZxQ5CV3iRQo-QjNo9"], msg: {"curFrame":2,"actionList":[]}, sids: [1,2]
[2019-03-21T13:35:19.723] [DEBUG] pinus - [connector-server-1 connector.js] [connector-server-1] send message reqId: null, route: onFrameEvent, msg: {"curFrame":2,"actionList":[]}, receivers: [1,2], opts: {"type":"push","userOptions":{},"isPush":true}
[2019-03-21T13:35:19.822] [DEBUG] pinus - [connector-server-1 channelRemote.js] [connector-server-1] pushMessage uids: ["oKH7c4g30VXZxQ5CV3iRQo-QjNo8","oKH7c4g30VXZxQ5CV3iRQo-QjNo9"], msg: {"curFrame":3,"actionList":[]}, sids: [1,2]
[2019-03-21T13:35:19.822] [DEBUG] pinus - [connector-server-1 connector.js] [connector-server-1] send message reqId: null, route: onFrameEvent, msg: {"curFrame":3,"actionList":[]}, receivers: [1,2], opts: {"type":"push","userOptions":{},"isPush":true}
[2019-03-21T13:35:19.922] [DEBUG] pinus - [connector-server-1 channelRemote.js] [connector-server-1] pushMessage uids: ["oKH7c4g30VXZxQ5CV3iRQo-QjNo8","oKH7c4g30VXZxQ5CV3iRQo-QjNo9"], msg: {"curFrame":4,"actionList":[]}, sids: [1,2]
[2019-03-21T13:35:19.922] [DEBUG] pinus - [connector-server-1 connector.js] [connector-server-1] send message reqId: null, route: onFrameEvent, msg: {"curFrame":4,"actionList":[]}, receivers: [1,2], opts: {"type":"push","userOptions":{},"isPush":true}
[2019-03-21T13:35:20.022] [DEBUG] pinus - [connector-server-1 channelRemote.js] [connector-server-1] pushMessage uids: ["oKH7c4g30VXZxQ5CV3iRQo-QjNo8","oKH7c4g30VXZxQ5CV3iRQo-QjNo9"], msg: {"curFrame":5,"actionList":[]}, sids: [1,2]
[2019-03-21T13:35:20.023] [DEBUG] pinus - [connector-server-1 connector.js] [connector-server-1] send message reqId: null, route: onFrameEvent, msg: {"curFrame":5,"actionList":[]}, receivers: [1,2], opts: {"type":"push","userOptions":{},"isPush":true}
[2019-03-21T13:35:20.122] [DEBUG] pinus - [connector-server-1 channelRemote.js] [connector-server-1] pushMessage uids: ["oKH7c4g30VXZxQ5CV3iRQo-QjNo8","oKH7c4g30VXZxQ5CV3iRQo-QjNo9"], msg: {"curFrame":6,"actionList":[]}, sids: [1,2]
[2019-03-21T13:35:20.122] [DEBUG] pinus - [connector-server-1 connector.js] [connector-server-1] send message reqId: null, route: onFrameEvent, msg: {"curFrame":6,"actionList":[]}, receivers: [1,2], opts: {"type":"push","userOptions":{},"isPush":true}
[2019-03-21T13:35:20.188] [DEBUG] pinus - [connector-server-1 connector.js] [connector-server-1] send message reqId: 5, route: chat.chatHandler.ReceivedPlayerCommand, msg: {"code":1,"msg":{}}, receivers: [1], opts: {"type":"response"}
[2019-03-21T13:35:20.224] [DEBUG] pinus - [connector-server-1 channelRemote.js] [connector-server-1] pushMessage uids: ["oKH7c4g30VXZxQ5CV3iRQo-QjNo8","oKH7c4g30VXZxQ5CV3iRQo-QjNo9"], msg: {"curFrame":7,"actionList":[{"seatId":0,"cmd":1,"data":{"turn":1,"speed":100}}]}, sids: [1,2]
[2019-03-21T13:35:20.225] [DEBUG] pinus - [connector-server-1 connector.js] [connector-server-1] send message reqId: null, route: onFrameEvent, msg: {"curFrame":7,"actionList":[{"seatId":0,"cmd":1,"data":{"turn":1,"speed":100}}]}, receivers: [1,2], opts: {"type":"push","userOptions":{},"isPush":true}
[2019-03-21T13:35:20.322] [DEBUG] pinus - [connector-server-1 channelRemote.js] [connector-server-1] pushMessage uids: ["oKH7c4g30VXZxQ5CV3iRQo-QjNo8","oKH7c4g30VXZxQ5CV3iRQo-QjNo9"], msg: {"curFrame":8,"actionList":[]}, sids: [1,2]
[2019-03-21T13:35:20.323] [DEBUG] pinus - [connector-server-1 connector.js] [connector-server-1] send message reqId: null, route: onFrameEvent, msg: {"curFrame":8,"actionList":[]}, receivers: [1,2], opts: {"type":"push","userOptions":{},"isPush":true}
[2019-03-21T13:35:20.386] [DEBUG] pinus - [connector-server-1 connector.js] [connector-server-1] send message reqId: 6, route: chat.chatHandler.ReceivedPlayerCommand, msg: {"code":1,"msg":{}}, receivers: [1], opts: {"type":"response"}
[2019-03-21T13:35:20.422] [DEBUG] pinus - [connector-server-1 channelRemote.js] [connector-server-1] pushMessage uids: ["oKH7c4g30VXZxQ5CV3iRQo-QjNo8","oKH7c4g30VXZxQ5CV3iRQo-QjNo9"], msg: {"curFrame":9,"actionList":[{"seatId":0,"cmd":1,"data":{"turn":0,"speed":100}}]}, sids: [1,2]
[2019-03-21T13:35:20.423] [DEBUG] pinus - [connector-server-1 connector.js] [connector-server-1] send message reqId: null, route: onFrameEvent, msg: {"curFrame":9,"actionList":[{"seatId":0,"cmd":1,"data":{"turn":0,"speed":100}}]}, receivers: [1,2], opts: {"type":"push","userOptions":{},"isPush":true}
[2019-03-21T13:35:20.522] [DEBUG] pinus - [connector-server-1 channelRemote.js] [connector-server-1] pushMessage uids: ["oKH7c4g30VXZxQ5CV3iRQo-QjNo8","oKH7c4g30VXZxQ5CV3iRQo-QjNo9"], msg: {"curFrame":10,"actionList":[]}, sids: [1,2]
[2019-03-21T13:35:20.523] [DEBUG] pinus - [connector-server-1 connector.js] [connector-server-1] send message reqId: null, route: onFrameEvent, msg: {"curFrame":10,"actionList":[]}, receivers: [1,2], opts: {"type":"push","userOptions":{},"isPush":true}
[2019-03-21T13:35:20.622] [DEBUG] pinus - [connector-server-1 channelRemote.js] [connector-server-1] pushMessage uids: ["oKH7c4g30VXZxQ5CV3iRQo-QjNo8","oKH7c4g30VXZxQ5CV3iRQo-QjNo9"], msg: {"curFrame":11,"actionList":[]}, sids: [1,2]
[2019-03-21T13:35:20.623] [DEBUG] pinus - [connector-server-1 connector.js] [connector-server-1] send message reqId: null, route: onFrameEvent, msg: {"curFrame":11,"actionList":[]}, receivers: [1,2], opts: {"type":"push","userOptions":{},"isPush":true}
[2019-03-21T13:35:20.722] [DEBUG] pinus - [connector-server-1 channelRemote.js] [connector-server-1] pushMessage uids: ["oKH7c4g30VXZxQ5CV3iRQo-QjNo8","oKH7c4g30VXZxQ5CV3iRQo-QjNo9"], msg: {"curFrame":12,"actionList":[]}, sids: [1,2]
[2019-03-21T13:35:20.723] [DEBUG] pinus - [connector-server-1 connector.js] [connector-server-1] send message reqId: null, route: onFrameEvent, msg: {"curFrame":12,"actionList":[]}, receivers: [1,2], opts: {"type":"push","userOptions":{},"isPush":true}
[2019-03-21T13:35:20.823] [DEBUG] pinus - [connector-server-1 channelRemote.js] [connector-server-1] pushMessage uids: ["oKH7c4g30VXZxQ5CV3iRQo-QjNo8","oKH7c4g30VXZxQ5CV3iRQo-QjNo9"], msg: {"curFrame":13,"actionList":[]}, sids: [1,2]
[2019-03-21T13:35:20.823] [DEBUG] pinus - [connector-server-1 connector.js] [connector-server-1] send message reqId: null, route: onFrameEvent, msg: {"curFrame":13,"actionList":[]}, receivers: [1,2], opts: {"type":"push","userOptions":{},"isPush":true}
[2019-03-21T13:35:20.922] [DEBUG] pinus - [connector-server-1 channelRemote.js] [connector-server-1] pushMessage uids: ["oKH7c4g30VXZxQ5CV3iRQo-QjNo8","oKH7c4g30VXZxQ5CV3iRQo-QjNo9"], msg: {"curFrame":14,"actionList":[]}, sids: [1,2]
[2019-03-21T13:35:20.922] [DEBUG] pinus - [connector-server-1 connector.js] [connector-server-1] send message reqId: null, route: onFrameEvent, msg: {"curFrame":14,"actionList":[]}, receivers: [1,2], opts: {"type":"push","userOptions":{},"isPush":true}
[2019-03-21T13:35:21.022] [DEBUG] pinus - [connector-server-1 channelRemote.js] [connector-server-1] pushMessage uids: ["oKH7c4g30VXZxQ5CV3iRQo-QjNo8","oKH7c4g30VXZxQ5CV3iRQo-QjNo9"], msg: {"curFrame":15,"actionList":[]}, sids: [1,2]
[2019-03-21T13:35:21.023] [DEBUG] pinus - [connector-server-1 connector.js] [connector-server-1] send message reqId: null, route: onFrameEvent, msg: {"curFrame":15,"actionList":[]}, receivers: [1,2], opts: {"type":"push","userOptions":{},"isPush":true}
[2019-03-21T13:35:21.122] [DEBUG] pinus - [connector-server-1 channelRemote.js] [connector-server-1] pushMessage uids: ["oKH7c4g30VXZxQ5CV3iRQo-QjNo8","oKH7c4g30VXZxQ5CV3iRQo-QjNo9"], msg: {"curFrame":16,"actionList":[]}, sids: [1,2]
[2019-03-21T13:35:21.122] [DEBUG] pinus - [connector-server-1 connector.js] [connector-server-1] send message reqId: null, route: onFrameEvent, msg: {"curFrame":16,"actionList":[]}, receivers: [1,2], opts: {"type":"push","userOptions":{},"isPush":true}
[2019-03-21T13:35:21.222] [DEBUG] pinus - [connector-server-1 channelRemote.js] [connector-server-1] pushMessage uids: ["oKH7c4g30VXZxQ5CV3iRQo-QjNo8","oKH7c4g30VXZxQ5CV3iRQo-QjNo9"], msg: {"curFrame":17,"actionList":[]}, sids: [1,2]
[2019-03-21T13:35:21.222] [DEBUG] pinus - [connector-server-1 connector.js] [connector-server-1] send message reqId: null, route: onFrameEvent, msg: {"curFrame":17,"actionList":[]}, receivers: [1,2], opts: {"type":"push","userOptions":{},"isPush":true}
[2019-03-21T13:35:21.322] [DEBUG] pinus - [connector-server-1 channelRemote.js] [connector-server-1] pushMessage uids: ["oKH7c4g30VXZxQ5CV3iRQo-QjNo8","oKH7c4g30VXZxQ5CV3iRQo-QjNo9"], msg: {"curFrame":18,"actionList":[]}, sids: [1,2]
[2019-03-21T13:35:21.322] [DEBUG] pinus - [connector-server-1 connector.js] [connector-server-1] send message reqId: null, route: onFrameEvent, msg: {"curFrame":18,"actionList":[]}, receivers: [1,2], opts: {"type":"push","userOptions":{},"isPush":true}
[2019-03-21T13:35:21.422] [DEBUG] pinus - [connector-server-1 channelRemote.js] [connector-server-1] pushMessage uids: ["oKH7c4g30VXZxQ5CV3iRQo-QjNo8","oKH7c4g30VXZxQ5CV3iRQo-QjNo9"], msg: {"curFrame":19,"actionList":[]}, sids: [1,2]
[2019-03-21T13:35:21.422] [DEBUG] pinus - [connector-server-1 connector.js] [connector-server-1] send message reqId: null, route: onFrameEvent, msg: {"curFrame":19,"actionList":[]}, receivers: [1,2], opts: {"type":"push","userOptions":{},"isPush":true}
[2019-03-21T13:35:21.524] [DEBUG] pinus - [connector-server-1 channelRemote.js] [connector-server-1] pushMessage uids: ["oKH7c4g30VXZxQ5CV3iRQo-QjNo8","oKH7c4g30VXZxQ5CV3iRQo-QjNo9"], msg: {"curFrame":20,"actionList":[]}, sids: [1,2]
[2019-03-21T13:35:21.524] [DEBUG] pinus - [connector-server-1 connector.js] [connector-server-1] send message reqId: null, route: onFrameEvent, msg: {"curFrame":20,"actionList":[]}, receivers: [1,2], opts: {"type":"push","userOptions":{},"isPush":true}
[2019-03-21T13:35:21.623] [DEBUG] pinus - [connector-server-1 channelRemote.js] [connector-server-1] pushMessage uids: ["oKH7c4g30VXZxQ5CV3iRQo-QjNo8","oKH7c4g30VXZxQ5CV3iRQo-QjNo9"], msg: {"curFrame":21,"actionList":[]}, sids: [1,2]
[2019-03-21T13:35:21.624] [DEBUG] pinus - [connector-server-1 connector.js] [connector-server-1] send message reqId: null, route: onFrameEvent, msg: {"curFrame":21,"actionList":[]}, receivers: [1,2], opts: {"type":"push","userOptions":{},"isPush":true}
[2019-03-21T13:35:21.723] [DEBUG] pinus - [connector-server-1 channelRemote.js] [connector-server-1] pushMessage uids: ["oKH7c4g30VXZxQ5CV3iRQo-QjNo8","oKH7c4g30VXZxQ5CV3iRQo-QjNo9"], msg: {"curFrame":22,"actionList":[]}, sids: [1,2]
[2019-03-21T13:35:21.724] [DEBUG] pinus - [connector-server-1 connector.js] [connector-server-1] send message reqId: null, route: onFrameEvent, msg: {"curFrame":22,"actionList":[]}, receivers: [1,2], opts: {"type":"push","userOptions":{},"isPush":true}
[2019-03-21T13:35:21.823] [DEBUG] pinus - [connector-server-1 channelRemote.js] [connector-server-1] pushMessage uids: ["oKH7c4g30VXZxQ5CV3iRQo-QjNo8","oKH7c4g30VXZxQ5CV3iRQo-QjNo9"], msg: {"curFrame":23,"actionList":[]}, sids: [1,2]
[2019-03-21T13:35:21.823] [DEBUG] pinus - [connector-server-1 connector.js] [connector-server-1] send message reqId: null, route: onFrameEvent, msg: {"curFrame":23,"actionList":[]}, receivers: [1,2], opts: {"type":"push","userOptions":{},"isPush":true}
[2019-03-21T13:35:21.923] [DEBUG] pinus - [connector-server-1 channelRemote.js] [connector-server-1] pushMessage uids: ["oKH7c4g30VXZxQ5CV3iRQo-QjNo8","oKH7c4g30VXZxQ5CV3iRQo-QjNo9"], msg: {"curFrame":24,"actionList":[]}, sids: [1,2]
[2019-03-21T13:35:21.924] [DEBUG] pinus - [connector-server-1 connector.js] [connector-server-1] send message reqId: null, route: onFrameEvent, msg: {"curFrame":24,"actionList":[]}, receivers: [1,2], opts: {"type":"push","userOptions":{},"isPush":true}
[2019-03-21T13:35:22.023] [DEBUG] pinus - [connector-server-1 channelRemote.js] [connector-server-1] pushMessage uids: ["oKH7c4g30VXZxQ5CV3iRQo-QjNo8","oKH7c4g30VXZxQ5CV3iRQo-QjNo9"], msg: {"curFrame":25,"actionList":[]}, sids: [1,2]
[2019-03-21T13:35:22.026] [DEBUG] pinus - [connector-server-1 connector.js] [connector-server-1] send message reqId: null, route: onFrameEvent, msg: {"curFrame":25,"actionList":[]}, receivers: [1,2], opts: {"type":"push","userOptions":{},"isPush":true}
[2019-03-21T13:35:22.125] [DEBUG] pinus - [connector-server-1 channelRemote.js] [connector-server-1] pushMessage uids: ["oKH7c4g30VXZxQ5CV3iRQo-QjNo8","oKH7c4g30VXZxQ5CV3iRQo-QjNo9"], msg: {"curFrame":26,"actionList":[]}, sids: [1,2]
[2019-03-21T13:35:22.125] [DEBUG] pinus - [connector-server-1 connector.js] [connector-server-1] send message reqId: null, route: onFrameEvent, msg: {"curFrame":26,"actionList":[]}, receivers: [1,2], opts: {"type":"push","userOptions":{},"isPush":true}
[2019-03-21T13:35:22.225] [DEBUG] pinus - [connector-server-1 channelRemote.js] [connector-server-1] pushMessage uids: ["oKH7c4g30VXZxQ5CV3iRQo-QjNo8","oKH7c4g30VXZxQ5CV3iRQo-QjNo9"], msg: {"curFrame":27,"actionList":[]}, sids: [1,2]
[2019-03-21T13:35:22.225] [DEBUG] pinus - [connector-server-1 connector.js] [connector-server-1] send message reqId: null, route: onFrameEvent, msg: {"curFrame":27,"actionList":[]}, receivers: [1,2], opts: {"type":"push","userOptions":{},"isPush":true}
[2019-03-21T13:35:22.325] [DEBUG] pinus - [connector-server-1 channelRemote.js] [connector-server-1] pushMessage uids: ["oKH7c4g30VXZxQ5CV3iRQo-QjNo8","oKH7c4g30VXZxQ5CV3iRQo-QjNo9"], msg: {"curFrame":28,"actionList":[]}, sids: [1,2]
[2019-03-21T13:35:22.326] [DEBUG] pinus - [connector-server-1 connector.js] [connector-server-1] send message reqId: null, route: onFrameEvent, msg: {"curFrame":28,"actionList":[]}, receivers: [1,2], opts: {"type":"push","userOptions":{},"isPush":true}
[2019-03-21T13:35:22.430] [DEBUG] pinus - [connector-server-1 channelRemote.js] [connector-server-1] pushMessage uids: ["oKH7c4g30VXZxQ5CV3iRQo-QjNo8","oKH7c4g30VXZxQ5CV3iRQo-QjNo9"], msg: {"curFrame":29,"actionList":[]}, sids: [1,2]
[2019-03-21T13:35:22.430] [DEBUG] pinus - [connector-server-1 connector.js] [connector-server-1] send message reqId: null, route: onFrameEvent, msg: {"curFrame":29,"actionList":[]}, receivers: [1,2], opts: {"type":"push","userOptions":{},"isPush":true}
[2019-03-21T13:35:22.534] [DEBUG] pinus - [connector-server-1 channelRemote.js] [connector-server-1] pushMessage uids: ["oKH7c4g30VXZxQ5CV3iRQo-QjNo8","oKH7c4g30VXZxQ5CV3iRQo-QjNo9"], msg: {"curFrame":30,"actionList":[]}, sids: [1,2]
[2019-03-21T13:35:22.535] [DEBUG] pinus - [connector-server-1 connector.js] [connector-server-1] send message reqId: null, route: onFrameEvent, msg: {"curFrame":30,"actionList":[]}, receivers: [1,2], opts: {"type":"push","userOptions":{},"isPush":true}
[2019-03-21T13:35:22.636] [DEBUG] pinus - [connector-server-1 channelRemote.js] [connector-server-1] pushMessage uids: ["oKH7c4g30VXZxQ5CV3iRQo-QjNo8","oKH7c4g30VXZxQ5CV3iRQo-QjNo9"], msg: {"curFrame":31,"actionList":[]}, sids: [1,2]
[2019-03-21T13:35:22.637] [DEBUG] pinus - [connector-server-1 connector.js] [connector-server-1] send message reqId: null, route: onFrameEvent, msg: {"curFrame":31,"actionList":[]}, receivers: [1,2], opts: {"type":"push","userOptions":{},"isPush":true}
[2019-03-21T13:35:22.731] [DEBUG] pinus - [connector-server-1 channelRemote.js] [connector-server-1] pushMessage uids: ["oKH7c4g30VXZxQ5CV3iRQo-QjNo8","oKH7c4g30VXZxQ5CV3iRQo-QjNo9"], msg: {"curFrame":32,"actionList":[]}, sids: [1,2]
[2019-03-21T13:35:22.732] [DEBUG] pinus - [connector-server-1 connector.js] [connector-server-1] send message reqId: null, route: onFrameEvent, msg: {"curFrame":32,"actionList":[]}, receivers: [1,2], opts: {"type":"push","userOptions":{},"isPush":true}
[2019-03-21T13:35:22.820] [DEBUG] pinus - [connector-server-1 connector.js] [connector-server-1] send message reqId: 7, route: chat.chatHandler.ReceivedPlayerCommand, msg: {"code":1,"msg":{}}, receivers: [1], opts: {"type":"response"}
[2019-03-21T13:35:22.830] [DEBUG] pinus - [connector-server-1 channelRemote.js] [connector-server-1] pushMessage uids: ["oKH7c4g30VXZxQ5CV3iRQo-QjNo8","oKH7c4g30VXZxQ5CV3iRQo-QjNo9"], msg: {"curFrame":33,"actionList":[{"seatId":0,"cmd":3,"data":{"armsStatus":1,"playerPos":{"x":-267.4030000000001,"y":-317.5},"shootSpeed":{"x":0.5248775210208712,"y":0.8511777651742232},"turnFace":1}}]}, sids: [1,2]
[2019-03-21T13:35:22.831] [DEBUG] pinus - [connector-server-1 connector.js] [connector-server-1] send message reqId: null, route: onFrameEvent, msg: {"curFrame":33,"actionList":[{"seatId":0,"cmd":3,"data":{"armsStatus":1,"playerPos":{"x":-267.4030000000001,"y":-317.5},"shootSpeed":{"x":0.5248775210208712,"y":0.8511777651742232},"turnFace":1}}]}, receivers: [1,2], opts: {"type":"push","userOptions":{},"isPush":true}
[2019-03-21T13:35:22.930] [DEBUG] pinus - [connector-server-1 channelRemote.js] [connector-server-1] pushMessage uids: ["oKH7c4g30VXZxQ5CV3iRQo-QjNo8","oKH7c4g30VXZxQ5CV3iRQo-QjNo9"], msg: {"curFrame":34,"actionList":[]}, sids: [1,2]
[2019-03-21T13:35:22.931] [DEBUG] pinus - [connector-server-1 connector.js] [connector-server-1] send message reqId: null, route: onFrameEvent, msg: {"curFrame":34,"actionList":[]}, receivers: [1,2], opts: {"type":"push","userOptions":{},"isPush":true}
[2019-03-21T13:35:23.033] [DEBUG] pinus - [connector-server-1 channelRemote.js] [connector-server-1] pushMessage uids: ["oKH7c4g30VXZxQ5CV3iRQo-QjNo8","oKH7c4g30VXZxQ5CV3iRQo-QjNo9"], msg: {"curFrame":35,"actionList":[]}, sids: [1,2]
[2019-03-21T13:35:23.034] [DEBUG] pinus - [connector-server-1 connector.js] [connector-server-1] send message reqId: null, route: onFrameEvent, msg: {"curFrame":35,"actionList":[]}, receivers: [1,2], opts: {"type":"push","userOptions":{},"isPush":true}
[2019-03-21T13:35:23.131] [DEBUG] pinus - [connector-server-1 channelRemote.js] [connector-server-1] pushMessage uids: ["oKH7c4g30VXZxQ5CV3iRQo-QjNo8","oKH7c4g30VXZxQ5CV3iRQo-QjNo9"], msg: {"curFrame":36,"actionList":[]}, sids: [1,2]
[2019-03-21T13:35:23.133] [DEBUG] pinus - [connector-server-1 connector.js] [connector-server-1] send message reqId: null, route: onFrameEvent, msg: {"curFrame":36,"actionList":[]}, receivers: [1,2], opts: {"type":"push","userOptions":{},"isPush":true}
[2019-03-21T13:35:23.231] [DEBUG] pinus - [connector-server-1 channelRemote.js] [connector-server-1] pushMessage uids: ["oKH7c4g30VXZxQ5CV3iRQo-QjNo8","oKH7c4g30VXZxQ5CV3iRQo-QjNo9"], msg: {"curFrame":37,"actionList":[]}, sids: [1,2]
[2019-03-21T13:35:23.233] [DEBUG] pinus - [connector-server-1 connector.js] [connector-server-1] send message reqId: null, route: onFrameEvent, msg: {"curFrame":37,"actionList":[]}, receivers: [1,2], opts: {"type":"push","userOptions":{},"isPush":true}
[2019-03-21T13:35:23.330] [DEBUG] pinus - [connector-server-1 channelRemote.js] [connector-server-1] pushMessage uids: ["oKH7c4g30VXZxQ5CV3iRQo-QjNo8","oKH7c4g30VXZxQ5CV3iRQo-QjNo9"], msg: {"curFrame":38,"actionList":[]}, sids: [1,2]
[2019-03-21T13:35:23.332] [DEBUG] pinus - [connector-server-1 connector.js] [connector-server-1] send message reqId: null, route: onFrameEvent, msg: {"curFrame":38,"actionList":[]}, receivers: [1,2], opts: {"type":"push","userOptions":{},"isPush":true}
[2019-03-21T13:35:23.431] [DEBUG] pinus - [connector-server-1 channelRemote.js] [connector-server-1] pushMessage uids: ["oKH7c4g30VXZxQ5CV3iRQo-QjNo8","oKH7c4g30VXZxQ5CV3iRQo-QjNo9"], msg: {"curFrame":39,"actionList":[]}, sids: [1,2]
[2019-03-21T13:35:23.432] [DEBUG] pinus - [connector-server-1 connector.js] [connector-server-1] send message reqId: null, route: onFrameEvent, msg: {"curFrame":39,"actionList":[]}, receivers: [1,2], opts: {"type":"push","userOptions":{},"isPush":true}
[2019-03-21T13:35:23.532] [DEBUG] pinus - [connector-server-1 channelRemote.js] [connector-server-1] pushMessage uids: ["oKH7c4g30VXZxQ5CV3iRQo-QjNo8","oKH7c4g30VXZxQ5CV3iRQo-QjNo9"], msg: {"curFrame":40,"actionList":[]}, sids: [1,2]
[2019-03-21T13:35:23.533] [DEBUG] pinus - [connector-server-1 connector.js] [connector-server-1] send message reqId: null, route: onFrameEvent, msg: {"curFrame":40,"actionList":[]}, receivers: [1,2], opts: {"type":"push","userOptions":{},"isPush":true}
[2019-03-21T13:35:23.635] [DEBUG] pinus - [connector-server-1 channelRemote.js] [connector-server-1] pushMessage uids: ["oKH7c4g30VXZxQ5CV3iRQo-QjNo8","oKH7c4g30VXZxQ5CV3iRQo-QjNo9"], msg: {"curFrame":41,"actionList":[]}, sids: [1,2]
[2019-03-21T13:35:23.637] [DEBUG] pinus - [connector-server-1 connector.js] [connector-server-1] send message reqId: null, route: onFrameEvent, msg: {"curFrame":41,"actionList":[]}, receivers: [1,2], opts: {"type":"push","userOptions":{},"isPush":true}
[2019-03-21T13:35:23.733] [DEBUG] pinus - [connector-server-1 channelRemote.js] [connector-server-1] pushMessage uids: ["oKH7c4g30VXZxQ5CV3iRQo-QjNo8","oKH7c4g30VXZxQ5CV3iRQo-QjNo9"], msg: {"curFrame":42,"actionList":[]}, sids: [1,2]
[2019-03-21T13:35:23.734] [DEBUG] pinus - [connector-server-1 connector.js] [connector-server-1] send message reqId: null, route: onFrameEvent, msg: {"curFrame":42,"actionList":[]}, receivers: [1,2], opts: {"type":"push","userOptions":{},"isPush":true}
[2019-03-21T13:35:23.833] [DEBUG] pinus - [connector-server-1 channelRemote.js] [connector-server-1] pushMessage uids: ["oKH7c4g30VXZxQ5CV3iRQo-QjNo8","oKH7c4g30VXZxQ5CV3iRQo-QjNo9"], msg: {"curFrame":43,"actionList":[]}, sids: [1,2]
[2019-03-21T13:35:23.833] [DEBUG] pinus - [connector-server-1 connector.js] [connector-server-1] send message reqId: null, route: onFrameEvent, msg: {"curFrame":43,"actionList":[]}, receivers: [1,2], opts: {"type":"push","userOptions":{},"isPush":true}
[2019-03-21T13:35:23.933] [DEBUG] pinus - [connector-server-1 channelRemote.js] [connector-server-1] pushMessage uids: ["oKH7c4g30VXZxQ5CV3iRQo-QjNo8","oKH7c4g30VXZxQ5CV3iRQo-QjNo9"], msg: {"curFrame":44,"actionList":[]}, sids: [1,2]
[2019-03-21T13:35:23.933] [DEBUG] pinus - [connector-server-1 connector.js] [connector-server-1] send message reqId: null, route: onFrameEvent, msg: {"curFrame":44,"actionList":[]}, receivers: [1,2], opts: {"type":"push","userOptions":{},"isPush":true}
[2019-03-21T13:35:24.033] [DEBUG] pinus - [connector-server-1 channelRemote.js] [connector-server-1] pushMessage uids: ["oKH7c4g30VXZxQ5CV3iRQo-QjNo8","oKH7c4g30VXZxQ5CV3iRQo-QjNo9"], msg: {"curFrame":45,"actionList":[]}, sids: [1,2]
[2019-03-21T13:35:24.034] [DEBUG] pinus - [connector-server-1 connector.js] [connector-server-1] send message reqId: null, route: onFrameEvent, msg: {"curFrame":45,"actionList":[]}, receivers: [1,2], opts: {"type":"push","userOptions":{},"isPush":true}
[2019-03-21T13:35:24.134] [DEBUG] pinus - [connector-server-1 channelRemote.js] [connector-server-1] pushMessage uids: ["oKH7c4g30VXZxQ5CV3iRQo-QjNo8","oKH7c4g30VXZxQ5CV3iRQo-QjNo9"], msg: {"curFrame":46,"actionList":[]}, sids: [1,2]
[2019-03-21T13:35:24.135] [DEBUG] pinus - [connector-server-1 connector.js] [connector-server-1] send message reqId: null, route: onFrameEvent, msg: {"curFrame":46,"actionList":[]}, receivers: [1,2], opts: {"type":"push","userOptions":{},"isPush":true}
[2019-03-21T13:35:24.235] [DEBUG] pinus - [connector-server-1 channelRemote.js] [connector-server-1] pushMessage uids: ["oKH7c4g30VXZxQ5CV3iRQo-QjNo8","oKH7c4g30VXZxQ5CV3iRQo-QjNo9"], msg: {"curFrame":47,"actionList":[]}, sids: [1,2]
[2019-03-21T13:35:24.236] [DEBUG] pinus - [connector-server-1 connector.js] [connector-server-1] send message reqId: null, route: onFrameEvent, msg: {"curFrame":47,"actionList":[]}, receivers: [1,2], opts: {"type":"push","userOptions":{},"isPush":true}
[2019-03-21T13:35:24.333] [DEBUG] pinus - [connector-server-1 channelRemote.js] [connector-server-1] pushMessage uids: ["oKH7c4g30VXZxQ5CV3iRQo-QjNo8","oKH7c4g30VXZxQ5CV3iRQo-QjNo9"], msg: {"curFrame":48,"actionList":[]}, sids: [1,2]
[2019-03-21T13:35:24.333] [DEBUG] pinus - [connector-server-1 connector.js] [connector-server-1] send message reqId: null, route: onFrameEvent, msg: {"curFrame":48,"actionList":[]}, receivers: [1,2], opts: {"type":"push","userOptions":{},"isPush":true}
[2019-03-21T13:35:24.433] [DEBUG] pinus - [connector-server-1 channelRemote.js] [connector-server-1] pushMessage uids: ["oKH7c4g30VXZxQ5CV3iRQo-QjNo8","oKH7c4g30VXZxQ5CV3iRQo-QjNo9"], msg: {"curFrame":49,"actionList":[]}, sids: [1,2]
[2019-03-21T13:35:24.434] [DEBUG] pinus - [connector-server-1 connector.js] [connector-server-1] send message reqId: null, route: onFrameEvent, msg: {"curFrame":49,"actionList":[]}, receivers: [1,2], opts: {"type":"push","userOptions":{},"isPush":true}
[2019-03-21T13:35:24.537] [DEBUG] pinus - [connector-server-1 channelRemote.js] [connector-server-1] pushMessage uids: ["oKH7c4g30VXZxQ5CV3iRQo-QjNo8","oKH7c4g30VXZxQ5CV3iRQo-QjNo9"], msg: {"curFrame":50,"actionList":[]}, sids: [1,2]
[2019-03-21T13:35:24.538] [DEBUG] pinus - [connector-server-1 connector.js] [connector-server-1] send message reqId: null, route: onFrameEvent, msg: {"curFrame":50,"actionList":[]}, receivers: [1,2], opts: {"type":"push","userOptions":{},"isPush":true}
[2019-03-21T13:35:24.641] [DEBUG] pinus - [connector-server-1 channelRemote.js] [connector-server-1] pushMessage uids: ["oKH7c4g30VXZxQ5CV3iRQo-QjNo8","oKH7c4g30VXZxQ5CV3iRQo-QjNo9"], msg: {"curFrame":51,"actionList":[]}, sids: [1,2]
[2019-03-21T13:35:24.642] [DEBUG] pinus - [connector-server-1 connector.js] [connector-server-1] send message reqId: null, route: onFrameEvent, msg: {"curFrame":51,"actionList":[]}, receivers: [1,2], opts: {"type":"push","userOptions":{},"isPush":true}
[2019-03-21T13:35:24.735] [DEBUG] pinus - [connector-server-1 channelRemote.js] [connector-server-1] pushMessage uids: ["oKH7c4g30VXZxQ5CV3iRQo-QjNo8","oKH7c4g30VXZxQ5CV3iRQo-QjNo9"], msg: {"curFrame":52,"actionList":[]}, sids: [1,2]
[2019-03-21T13:35:24.736] [DEBUG] pinus - [connector-server-1 connector.js] [connector-server-1] send message reqId: null, route: onFrameEvent, msg: {"curFrame":52,"actionList":[]}, receivers: [1,2], opts: {"type":"push","userOptions":{},"isPush":true}
[2019-03-21T13:35:24.835] [DEBUG] pinus - [connector-server-1 channelRemote.js] [connector-server-1] pushMessage uids: ["oKH7c4g30VXZxQ5CV3iRQo-QjNo8","oKH7c4g30VXZxQ5CV3iRQo-QjNo9"], msg: {"curFrame":53,"actionList":[]}, sids: [1,2]
[2019-03-21T13:35:24.835] [DEBUG] pinus - [connector-server-1 connector.js] [connector-server-1] send message reqId: null, route: onFrameEvent, msg: {"curFrame":53,"actionList":[]}, receivers: [1,2], opts: {"type":"push","userOptions":{},"isPush":true}
[2019-03-21T13:35:24.935] [DEBUG] pinus - [connector-server-1 channelRemote.js] [connector-server-1] pushMessage uids: ["oKH7c4g30VXZxQ5CV3iRQo-QjNo8","oKH7c4g30VXZxQ5CV3iRQo-QjNo9"], msg: {"curFrame":54,"actionList":[]}, sids: [1,2]
[2019-03-21T13:35:24.935] [DEBUG] pinus - [connector-server-1 connector.js] [connector-server-1] send message reqId: null, route: onFrameEvent, msg: {"curFrame":54,"actionList":[]}, receivers: [1,2], opts: {"type":"push","userOptions":{},"isPush":true}
[2019-03-21T13:35:25.035] [DEBUG] pinus - [connector-server-1 channelRemote.js] [connector-server-1] pushMessage uids: ["oKH7c4g30VXZxQ5CV3iRQo-QjNo8","oKH7c4g30VXZxQ5CV3iRQo-QjNo9"], msg: {"curFrame":55,"actionList":[]}, sids: [1,2]
[2019-03-21T13:35:25.036] [DEBUG] pinus - [connector-server-1 connector.js] [connector-server-1] send message reqId: null, route: onFrameEvent, msg: {"curFrame":55,"actionList":[]}, receivers: [1,2], opts: {"type":"push","userOptions":{},"isPush":true}
[2019-03-21T13:35:25.135] [DEBUG] pinus - [connector-server-1 channelRemote.js] [connector-server-1] pushMessage uids: ["oKH7c4g30VXZxQ5CV3iRQo-QjNo8","oKH7c4g30VXZxQ5CV3iRQo-QjNo9"], msg: {"curFrame":56,"actionList":[]}, sids: [1,2]
[2019-03-21T13:35:25.137] [DEBUG] pinus - [connector-server-1 connector.js] [connector-server-1] send message reqId: null, route: onFrameEvent, msg: {"curFrame":56,"actionList":[]}, receivers: [1,2], opts: {"type":"push","userOptions":{},"isPush":true}
[2019-03-21T13:35:25.235] [DEBUG] pinus - [connector-server-1 channelRemote.js] [connector-server-1] pushMessage uids: ["oKH7c4g30VXZxQ5CV3iRQo-QjNo8","oKH7c4g30VXZxQ5CV3iRQo-QjNo9"], msg: {"curFrame":57,"actionList":[]}, sids: [1,2]
[2019-03-21T13:35:25.235] [DEBUG] pinus - [connector-server-1 connector.js] [connector-server-1] send message reqId: null, route: onFrameEvent, msg: {"curFrame":57,"actionList":[]}, receivers: [1,2], opts: {"type":"push","userOptions":{},"isPush":true}
[2019-03-21T13:35:25.336] [DEBUG] pinus - [connector-server-1 channelRemote.js] [connector-server-1] pushMessage uids: ["oKH7c4g30VXZxQ5CV3iRQo-QjNo8","oKH7c4g30VXZxQ5CV3iRQo-QjNo9"], msg: {"curFrame":58,"actionList":[]}, sids: [1,2]
[2019-03-21T13:35:25.340] [DEBUG] pinus - [connector-server-1 connector.js] [connector-server-1] send message reqId: null, route: onFrameEvent, msg: {"curFrame":58,"actionList":[]}, receivers: [1,2], opts: {"type":"push","userOptions":{},"isPush":true}
[2019-03-21T13:35:25.435] [DEBUG] pinus - [connector-server-1 channelRemote.js] [connector-server-1] pushMessage uids: ["oKH7c4g30VXZxQ5CV3iRQo-QjNo8","oKH7c4g30VXZxQ5CV3iRQo-QjNo9"], msg: {"curFrame":59,"actionList":[]}, sids: [1,2]
[2019-03-21T13:35:25.436] [DEBUG] pinus - [connector-server-1 connector.js] [connector-server-1] send message reqId: null, route: onFrameEvent, msg: {"curFrame":59,"actionList":[]}, receivers: [1,2], opts: {"type":"push","userOptions":{},"isPush":true}
[2019-03-21T13:35:25.537] [DEBUG] pinus - [connector-server-1 channelRemote.js] [connector-server-1] pushMessage uids: ["oKH7c4g30VXZxQ5CV3iRQo-QjNo8","oKH7c4g30VXZxQ5CV3iRQo-QjNo9"], msg: {"curFrame":60,"actionList":[]}, sids: [1,2]
[2019-03-21T13:35:25.537] [DEBUG] pinus - [connector-server-1 connector.js] [connector-server-1] send message reqId: null, route: onFrameEvent, msg: {"curFrame":60,"actionList":[]}, receivers: [1,2], opts: {"type":"push","userOptions":{},"isPush":true}
[2019-03-21T13:35:25.635] [DEBUG] pinus - [connector-server-1 channelRemote.js] [connector-server-1] pushMessage uids: ["oKH7c4g30VXZxQ5CV3iRQo-QjNo8","oKH7c4g30VXZxQ5CV3iRQo-QjNo9"], msg: {"curFrame":61,"actionList":[]}, sids: [1,2]
[2019-03-21T13:35:25.636] [DEBUG] pinus - [connector-server-1 connector.js] [connector-server-1] send message reqId: null, route: onFrameEvent, msg: {"curFrame":61,"actionList":[]}, receivers: [1,2], opts: {"type":"push","userOptions":{},"isPush":true}
[2019-03-21T13:35:25.736] [DEBUG] pinus - [connector-server-1 channelRemote.js] [connector-server-1] pushMessage uids: ["oKH7c4g30VXZxQ5CV3iRQo-QjNo8","oKH7c4g30VXZxQ5CV3iRQo-QjNo9"], msg: {"curFrame":62,"actionList":[]}, sids: [1,2]
[2019-03-21T13:35:25.737] [DEBUG] pinus - [connector-server-1 connector.js] [connector-server-1] send message reqId: null, route: onFrameEvent, msg: {"curFrame":62,"actionList":[]}, receivers: [1,2], opts: {"type":"push","userOptions":{},"isPush":true}
[2019-03-21T13:35:25.835] [DEBUG] pinus - [connector-server-1 channelRemote.js] [connector-server-1] pushMessage uids: ["oKH7c4g30VXZxQ5CV3iRQo-QjNo8","oKH7c4g30VXZxQ5CV3iRQo-QjNo9"], msg: {"curFrame":63,"actionList":[]}, sids: [1,2]
[2019-03-21T13:35:25.835] [DEBUG] pinus - [connector-server-1 connector.js] [connector-server-1] send message reqId: null, route: onFrameEvent, msg: {"curFrame":63,"actionList":[]}, receivers: [1,2], opts: {"type":"push","userOptions":{},"isPush":true}
[2019-03-21T13:35:25.935] [DEBUG] pinus - [connector-server-1 channelRemote.js] [connector-server-1] pushMessage uids: ["oKH7c4g30VXZxQ5CV3iRQo-QjNo8","oKH7c4g30VXZxQ5CV3iRQo-QjNo9"], msg: {"curFrame":64,"actionList":[]}, sids: [1,2]
[2019-03-21T13:35:25.936] [DEBUG] pinus - [connector-server-1 connector.js] [connector-server-1] send message reqId: null, route: onFrameEvent, msg: {"curFrame":64,"actionList":[]}, receivers: [1,2], opts: {"type":"push","userOptions":{},"isPush":true}
[2019-03-21T13:35:26.035] [DEBUG] pinus - [connector-server-1 channelRemote.js] [connector-server-1] pushMessage uids: ["oKH7c4g30VXZxQ5CV3iRQo-QjNo8","oKH7c4g30VXZxQ5CV3iRQo-QjNo9"], msg: {"curFrame":65,"actionList":[]}, sids: [1,2]
[2019-03-21T13:35:26.036] [DEBUG] pinus - [connector-server-1 connector.js] [connector-server-1] send message reqId: null, route: onFrameEvent, msg: {"curFrame":65,"actionList":[]}, receivers: [1,2], opts: {"type":"push","userOptions":{},"isPush":true}
[2019-03-21T13:35:26.135] [DEBUG] pinus - [connector-server-1 channelRemote.js] [connector-server-1] pushMessage uids: ["oKH7c4g30VXZxQ5CV3iRQo-QjNo8","oKH7c4g30VXZxQ5CV3iRQo-QjNo9"], msg: {"curFrame":66,"actionList":[]}, sids: [1,2]
[2019-03-21T13:35:26.136] [DEBUG] pinus - [connector-server-1 connector.js] [connector-server-1] send message reqId: null, route: onFrameEvent, msg: {"curFrame":66,"actionList":[]}, receivers: [1,2], opts: {"type":"push","userOptions":{},"isPush":true}
[2019-03-21T13:35:26.235] [DEBUG] pinus - [connector-server-1 channelRemote.js] [connector-server-1] pushMessage uids: ["oKH7c4g30VXZxQ5CV3iRQo-QjNo8","oKH7c4g30VXZxQ5CV3iRQo-QjNo9"], msg: {"curFrame":67,"actionList":[]}, sids: [1,2]
[2019-03-21T13:35:26.235] [DEBUG] pinus - [connector-server-1 connector.js] [connector-server-1] send message reqId: null, route: onFrameEvent, msg: {"curFrame":67,"actionList":[]}, receivers: [1,2], opts: {"type":"push","userOptions":{},"isPush":true}
