[2019-02-23T14:56:11.721] [INFO] pinus - [connector-server-1 application.js] application inited: "connector-server-1"
[2019-02-23T14:56:11.748] [INFO] pinus - [connector-server-1 application.js] "connector-server-1" enter before start...
[2019-02-23T14:56:11.750] [INFO] pinus - [connector-server-1 application.js] "connector-server-1" enter after start...
[2019-02-23T14:56:11.766] [INFO] pinus-admin - [connector-server-1 consoleService.js] try to connect master: "connector", "127.0.0.1", 3005
[2019-02-23T14:56:11.851] [INFO] pinus - [connector-server-1 application.js] "connector-server-1" enter after start...
[2019-02-23T14:56:11.856] [INFO] pinus - [connector-server-1 application.js] "connector-server-1" finish start
[2019-02-23T14:56:11.860] [INFO] pinus - [connector-server-1 application.js] "connector-server-1" startup in 130 ms
[2019-02-23T14:56:11.862] [DEBUG] pinus - [connector-server-1 monitorwatcher.js] [connector-server-1] receive addServer signal: {"action":"addServer","server":{"main":"C:\\Program Files\\nodejs\\pinus_demo\\pinus\\examples\\websocket-chat-ts-run\\game-server\\dist\\app.js","env":"development","id":"chat-server-1","host":"127.0.0.1","port":6050,"args":"--inspect=10002","serverType":"chat","remoterPaths":[{"namespace":"sys","serverType":"chat","path":"C:\\Program Files\\nodejs\\pinus_demo\\pinus\\examples\\websocket-chat-ts-run\\game-server\\node_modules\\pinus\\dist\\lib\\common\\remote\\backend"},{"namespace":"user","serverType":"chat","path":"C:\\Program Files\\nodejs\\pinus_demo\\pinus\\examples\\websocket-chat-ts-run\\game-server\\dist\\app\\servers\\chat\\remote"}],"handlerPaths":["C:\\Program Files\\nodejs\\pinus_demo\\pinus\\examples\\websocket-chat-ts-run\\game-server\\dist\\app\\servers\\chat\\handler"],"pid":3436}}
[2019-02-23T14:56:11.870] [DEBUG] pinus - [connector-server-1 monitorwatcher.js] [connector-server-1] receive addServer signal: {"action":"addServer","server":{"main":"C:\\Program Files\\nodejs\\pinus_demo\\pinus\\examples\\websocket-chat-ts-run\\game-server\\dist\\app.js","env":"development","id":"gate-server-1","host":"127.0.0.1","clientPort":3014,"frontend":"true","args":"--inspect=10003","serverType":"gate","handlerPaths":["C:\\Program Files\\nodejs\\pinus_demo\\pinus\\examples\\websocket-chat-ts-run\\game-server\\dist\\app\\servers\\gate\\handler"],"pid":7828}}
[2019-02-23T14:56:11.900] [WARN] logger - [connector-server-1 console] after start all server, use route dictionary :
 chat.chatHandler.send
connector.entryHandler.enter
connector.entryHandler.onUserLeave
gate.gateHandler.queryEntry
[2019-02-23T14:56:57.068] [DEBUG] pinus - [connector-server-1 connector.js] [connector-server-1] getSession session is created with session id: 1
[2019-02-23T14:56:57.082] [DEBUG] pinus - [connector-server-1 connector.js] session on [connector-server-1] bind with uid: 邓朗*1001
[2019-02-23T14:56:57.097] [DEBUG] pinus - [connector-server-1 connector.js] [connector-server-1] send message reqId: 2, route: connector.entryHandler.enter, msg: {"users":["邓朗"]}, receivers: [1], opts: {"type":"response"}
[2019-02-23T14:57:14.590] [DEBUG] pinus - [connector-server-1 connector.js] [connector-server-1] getSession session is created with session id: 2
[2019-02-23T14:57:14.594] [DEBUG] pinus - [connector-server-1 connector.js] session on [connector-server-1] bind with uid: xx*1001
[2019-02-23T14:57:14.601] [DEBUG] pinus - [connector-server-1 connector.js] [connector-server-1] send message reqId: 2, route: connector.entryHandler.enter, msg: {"users":["邓朗","xx"]}, receivers: [2], opts: {"type":"response"}
[2019-02-23T14:57:14.604] [INFO] logger - [connector-server-1 console] connected
[2019-02-23T14:57:14.605] [DEBUG] pinus - [connector-server-1 channelRemote.js] [connector-server-1] pushMessage uids: ["邓朗*1001","xx*1001"], msg: {"user":"xx"}, sids: [1,2]
[2019-02-23T14:57:14.608] [DEBUG] pinus - [connector-server-1 connector.js] [connector-server-1] send message reqId: null, route: onAdd, msg: {"user":"xx"}, receivers: [1,2], opts: {"type":"push","userOptions":{},"isPush":true}
[2019-02-23T14:57:27.568] [DEBUG] pinus - [connector-server-1 channelRemote.js] [connector-server-1] pushMessage uids: ["邓朗*1001","xx*1001"], msg: {"msg":"123123","from":"xx","target":"*"}, sids: [1,2]
[2019-02-23T14:57:27.569] [DEBUG] pinus - [connector-server-1 connector.js] [connector-server-1] send message reqId: null, route: onChat, msg: {"msg":"123123","from":"xx","target":"*"}, receivers: [1,2], opts: {"type":"push","userOptions":{},"isPush":true}
[2019-02-23T14:57:27.573] [DEBUG] pinus - [connector-server-1 connector.js] [connector-server-1] send message reqId: 3, route: chat.chatHandler.send, msg: {}, receivers: [2], opts: {"type":"response"}
[2019-02-23T14:57:33.419] [DEBUG] pinus - [connector-server-1 channelRemote.js] [connector-server-1] pushMessage uids: ["邓朗*1001","xx*1001"], msg: {"msg":"asd asd ","from":"邓朗","target":"*"}, sids: [1,2]
[2019-02-23T14:57:33.420] [DEBUG] pinus - [connector-server-1 connector.js] [connector-server-1] send message reqId: null, route: onChat, msg: {"msg":"asd asd ","from":"邓朗","target":"*"}, receivers: [1,2], opts: {"type":"push","userOptions":{},"isPush":true}
[2019-02-23T14:57:33.425] [DEBUG] pinus - [connector-server-1 connector.js] [connector-server-1] send message reqId: 3, route: chat.chatHandler.send, msg: {}, receivers: [1], opts: {"type":"response"}
[2019-02-23T14:57:49.526] [DEBUG] pinus - [connector-server-1 channelRemote.js] [connector-server-1] pushMessage uids: ["xx*1001"], msg: {"msg":"1","from":"xx","target":"xx"}, sids: [2]
[2019-02-23T14:57:49.527] [DEBUG] pinus - [connector-server-1 connector.js] [connector-server-1] send message reqId: null, route: onChat, msg: {"msg":"1","from":"xx","target":"xx"}, receivers: [2], opts: {"type":"push","userOptions":{},"isPush":true}
[2019-02-23T14:57:49.530] [DEBUG] pinus - [connector-server-1 connector.js] [connector-server-1] send message reqId: 4, route: chat.chatHandler.send, msg: {}, receivers: [2], opts: {"type":"response"}
[2019-02-23T14:57:54.696] [DEBUG] pinus - [connector-server-1 channelRemote.js] [connector-server-1] pushMessage uids: ["邓朗*1001"], msg: {"msg":"123","from":"xx","target":"邓朗"}, sids: [1]
[2019-02-23T14:57:54.697] [DEBUG] pinus - [connector-server-1 connector.js] [connector-server-1] send message reqId: null, route: onChat, msg: {"msg":"123","from":"xx","target":"邓朗"}, receivers: [1], opts: {"type":"push","userOptions":{},"isPush":true}
[2019-02-23T14:57:54.698] [DEBUG] pinus - [connector-server-1 connector.js] [connector-server-1] send message reqId: 5, route: chat.chatHandler.send, msg: {}, receivers: [2], opts: {"type":"response"}
[2019-02-23T14:58:00.357] [DEBUG] pinus - [connector-server-1 channelRemote.js] [connector-server-1] pushMessage uids: ["邓朗*1001"], msg: {"msg":"123","from":"邓朗","target":"邓朗"}, sids: [1]
[2019-02-23T14:58:00.358] [DEBUG] pinus - [connector-server-1 connector.js] [connector-server-1] send message reqId: null, route: onChat, msg: {"msg":"123","from":"邓朗","target":"邓朗"}, receivers: [1], opts: {"type":"push","userOptions":{},"isPush":true}
[2019-02-23T14:58:00.359] [DEBUG] pinus - [connector-server-1 connector.js] [connector-server-1] send message reqId: 4, route: chat.chatHandler.send, msg: {}, receivers: [1], opts: {"type":"response"}
[2019-02-23T14:58:04.658] [DEBUG] pinus - [connector-server-1 channelRemote.js] [connector-server-1] pushMessage uids: ["xx*1001"], msg: {"msg":"123","from":"邓朗","target":"xx"}, sids: [2]
[2019-02-23T14:58:04.658] [DEBUG] pinus - [connector-server-1 connector.js] [connector-server-1] send message reqId: null, route: onChat, msg: {"msg":"123","from":"邓朗","target":"xx"}, receivers: [2], opts: {"type":"push","userOptions":{},"isPush":true}
[2019-02-23T14:58:04.665] [DEBUG] pinus - [connector-server-1 connector.js] [connector-server-1] send message reqId: 5, route: chat.chatHandler.send, msg: {}, receivers: [1], opts: {"type":"response"}
[2019-02-23T15:54:30.051] [DEBUG] pinus - [connector-server-1 switcher.js] connection error:read ECONNRESET, the remote ip is ::ffff:127.0.0.1 && port is 19850
[2019-02-23T15:54:30.051] [DEBUG] pinus - [connector-server-1 sessionService.js] session on [connector-server-1] is closed with session id: 2,uid:xx*1001,reason:{}
[2019-02-23T15:54:30.057] [DEBUG] pinus - [connector-server-1 channelRemote.js] [connector-server-1] pushMessage uids: ["邓朗*1001"], msg: {"user":"xx"}, sids: [1]
[2019-02-23T15:54:30.058] [DEBUG] pinus - [connector-server-1 connector.js] [connector-server-1] send message reqId: null, route: onLeave, msg: {"user":"xx"}, receivers: [1], opts: {"type":"push","userOptions":{},"isPush":true}
[2019-02-23T16:12:42.412] [DEBUG] pinus - [connector-server-1 switcher.js] connection error:read ECONNRESET, the remote ip is ::ffff:127.0.0.1 && port is 5400
[2019-02-23T16:12:42.413] [DEBUG] pinus - [connector-server-1 sessionService.js] session on [connector-server-1] is closed with session id: 1,uid:邓朗*1001,reason:{}
[2019-02-23T16:25:48.850] [DEBUG] pinus - [connector-server-1 monitorwatcher.js] connector-server-1 receive removeServer signal: {"action":"removeServer","id":"gate-server-1"}
[2019-02-23T16:25:53.891] [ERROR] pinus-rpc - [connector-server-1 mqtt-mailbox] rpc socket connector-server-1 is error, remote server chat-server-1 host: 127.0.0.1, port: 6050Error
    at Object.pLogger.(anonymous function) [as error] (C:\Program Files\nodejs\pinus_demo\pinus\examples\websocket-chat-ts-run\game-server\node_modules\pinus-logger\lib\logger.ts:72:34)
    at Connection.<anonymous> (C:\Program Files\nodejs\pinus_demo\pinus\examples\websocket-chat-ts-run\game-server\node_modules\pinus-rpc\lib\rpc-client\mailboxes\mqtt-mailbox.ts:116:20)
    at Connection.emit (events.js:182:13)
    at Socket.emit (events.js:182:13)
    at emitErrorNT (internal/streams/destroy.js:82:8)
    at emitErrorAndCloseNT (internal/streams/destroy.js:50:3)
    at process._tickCallback (internal/process/next_tick.js:63:19)
[2019-02-23T16:25:53.892] [DEBUG] pinus - [connector-server-1 monitorwatcher.js] connector-server-1 receive removeServer signal: {"action":"removeServer","id":"chat-server-1"}
[2019-02-28T21:36:05.699] [INFO] pinus - [connector-server-1 application.js] application inited: "connector-server-1"
[2019-02-28T21:36:05.723] [INFO] pinus - [connector-server-1 application.js] "connector-server-1" enter before start...
[2019-02-28T21:36:05.724] [INFO] pinus - [connector-server-1 application.js] "connector-server-1" enter after start...
[2019-02-28T21:36:05.741] [INFO] pinus-admin - [connector-server-1 consoleService.js] try to connect master: "connector", "127.0.0.1", 3005
[2019-02-28T21:36:05.816] [INFO] pinus - [connector-server-1 application.js] "connector-server-1" enter after start...
[2019-02-28T21:36:05.823] [INFO] pinus - [connector-server-1 application.js] "connector-server-1" finish start
[2019-02-28T21:36:05.823] [INFO] pinus - [connector-server-1 application.js] "connector-server-1" startup in 115 ms
[2019-02-28T21:36:05.838] [DEBUG] pinus - [connector-server-1 monitorwatcher.js] [connector-server-1] receive addServer signal: {"action":"addServer","server":{"main":"C:\\Program Files\\nodejs\\pinus_demo\\pinus\\examples\\websocket-chat-ts-run\\game-server\\dist\\app.js","env":"development","id":"chat-server-1","host":"127.0.0.1","port":6050,"args":"--inspect=10002","serverType":"chat","remoterPaths":[{"namespace":"sys","serverType":"chat","path":"C:\\Program Files\\nodejs\\pinus_demo\\pinus\\examples\\websocket-chat-ts-run\\game-server\\node_modules\\pinus\\dist\\lib\\common\\remote\\backend"},{"namespace":"user","serverType":"chat","path":"C:\\Program Files\\nodejs\\pinus_demo\\pinus\\examples\\websocket-chat-ts-run\\game-server\\dist\\app\\servers\\chat\\remote"}],"handlerPaths":["C:\\Program Files\\nodejs\\pinus_demo\\pinus\\examples\\websocket-chat-ts-run\\game-server\\dist\\app\\servers\\chat\\handler"],"pid":12024}}
[2019-02-28T21:36:05.913] [DEBUG] pinus - [connector-server-1 monitorwatcher.js] [connector-server-1] receive addServer signal: {"action":"addServer","server":{"main":"C:\\Program Files\\nodejs\\pinus_demo\\pinus\\examples\\websocket-chat-ts-run\\game-server\\dist\\app.js","env":"development","id":"gate-server-1","host":"127.0.0.1","clientPort":3014,"frontend":"true","args":"--inspect=10003","serverType":"gate","handlerPaths":["C:\\Program Files\\nodejs\\pinus_demo\\pinus\\examples\\websocket-chat-ts-run\\game-server\\dist\\app\\servers\\gate\\handler"],"pid":13112}}
[2019-02-28T21:36:05.950] [WARN] logger - [connector-server-1 console] after start all server, use route dictionary :
 chat.chatHandler.send
connector.entryHandler.enter
connector.entryHandler.onUserLeave
gate.gateHandler.getWxOpenid
gate.gateHandler.loginByOpenid
gate.gateHandler.queryEntry
[2019-02-28T21:43:04.988] [DEBUG] pinus - [connector-server-1 monitorwatcher.js] connector-server-1 receive removeServer signal: {"action":"removeServer","id":"master-server-1"}
[2019-02-28T21:48:28.438] [INFO] pinus - [connector-server-1 application.js] application inited: "connector-server-1"
[2019-02-28T21:48:28.469] [INFO] pinus - [connector-server-1 application.js] "connector-server-1" enter before start...
[2019-02-28T21:48:28.471] [INFO] pinus - [connector-server-1 application.js] "connector-server-1" enter after start...
[2019-02-28T21:48:28.492] [INFO] pinus-admin - [connector-server-1 consoleService.js] try to connect master: "connector", "127.0.0.1", 3005
[2019-02-28T21:48:28.626] [INFO] pinus - [connector-server-1 application.js] "connector-server-1" enter after start...
[2019-02-28T21:48:28.633] [INFO] pinus - [connector-server-1 application.js] "connector-server-1" finish start
[2019-02-28T21:48:28.634] [INFO] pinus - [connector-server-1 application.js] "connector-server-1" startup in 185 ms
[2019-02-28T21:48:28.689] [DEBUG] pinus - [connector-server-1 monitorwatcher.js] [connector-server-1] receive addServer signal: {"action":"addServer","server":{"main":"C:\\Program Files\\nodejs\\pinus_demo\\pinus\\examples\\websocket-chat-ts-run\\game-server\\dist\\app.js","env":"development","id":"gate-server-1","host":"127.0.0.1","clientPort":3014,"frontend":"true","args":"--inspect=10003","serverType":"gate","handlerPaths":["C:\\Program Files\\nodejs\\pinus_demo\\pinus\\examples\\websocket-chat-ts-run\\game-server\\dist\\app\\servers\\gate\\handler"],"pid":12108}}
[2019-02-28T21:48:28.923] [WARN] logger - [connector-server-1 console] after start all server, use route dictionary :
 chat.chatHandler.send
connector.entryHandler.enter
connector.entryHandler.onUserLeave
gate.gateHandler.getWxOpenid
gate.gateHandler.loginByOpenid
gate.gateHandler.queryEntry
[2019-02-28T22:19:23.440] [INFO] pinus - [connector-server-1 application.js] application inited: "connector-server-1"
[2019-02-28T22:19:23.469] [INFO] pinus - [connector-server-1 application.js] "connector-server-1" enter before start...
[2019-02-28T22:19:23.471] [INFO] pinus - [connector-server-1 application.js] "connector-server-1" enter after start...
[2019-02-28T22:19:23.489] [INFO] pinus-admin - [connector-server-1 consoleService.js] try to connect master: "connector", "127.0.0.1", 3005
[2019-02-28T22:19:23.605] [INFO] pinus - [connector-server-1 application.js] "connector-server-1" enter after start...
[2019-02-28T22:19:23.613] [INFO] pinus - [connector-server-1 application.js] "connector-server-1" finish start
[2019-02-28T22:19:23.613] [INFO] pinus - [connector-server-1 application.js] "connector-server-1" startup in 163 ms
[2019-02-28T22:19:23.653] [DEBUG] pinus - [connector-server-1 monitorwatcher.js] [connector-server-1] receive addServer signal: {"action":"addServer","server":{"main":"C:\\Program Files\\nodejs\\pinus_demo\\pinus\\examples\\websocket-chat-ts-run\\game-server\\dist\\app.js","env":"development","id":"gate-server-1","host":"127.0.0.1","clientPort":3014,"frontend":"true","args":"--inspect=10003","serverType":"gate","handlerPaths":["C:\\Program Files\\nodejs\\pinus_demo\\pinus\\examples\\websocket-chat-ts-run\\game-server\\dist\\app\\servers\\gate\\handler"],"pid":15700}}
[2019-02-28T22:19:23.709] [DEBUG] pinus - [connector-server-1 monitorwatcher.js] [connector-server-1] receive addServer signal: {"action":"addServer","server":{"main":"C:\\Program Files\\nodejs\\pinus_demo\\pinus\\examples\\websocket-chat-ts-run\\game-server\\dist\\app.js","env":"development","id":"chat-server-1","host":"127.0.0.1","port":6050,"args":"--inspect=10002","serverType":"chat","remoterPaths":[{"namespace":"sys","serverType":"chat","path":"C:\\Program Files\\nodejs\\pinus_demo\\pinus\\examples\\websocket-chat-ts-run\\game-server\\node_modules\\pinus\\dist\\lib\\common\\remote\\backend"},{"namespace":"user","serverType":"chat","path":"C:\\Program Files\\nodejs\\pinus_demo\\pinus\\examples\\websocket-chat-ts-run\\game-server\\dist\\app\\servers\\chat\\remote"}],"handlerPaths":["C:\\Program Files\\nodejs\\pinus_demo\\pinus\\examples\\websocket-chat-ts-run\\game-server\\dist\\app\\servers\\chat\\handler"],"pid":15100}}
[2019-02-28T22:19:23.809] [WARN] logger - [connector-server-1 console] after start all server, use route dictionary :
 chat.chatHandler.send
connector.entryHandler.enter
connector.entryHandler.onUserLeave
gate.gateHandler.getWxOpenid
gate.gateHandler.loginByOpenid
gate.gateHandler.queryEntry
[2019-02-28T22:39:55.002] [DEBUG] pinus - [connector-server-1 connector.js] [connector-server-1] getSession session is created with session id: 1
[2019-02-28T22:39:55.014] [DEBUG] pinus - [connector-server-1 connector.js] session on [connector-server-1] bind with uid: 
[2019-02-28T22:39:55.019] [DEBUG] pinus - [connector-server-1 connector.js] [connector-server-1] send message reqId: 2, route: connector.entryHandler.enter, msg: {"code":200,"msg":{}}, receivers: [1], opts: {"type":"response"}
[2019-02-28T22:43:08.271] [DEBUG] pinus - [connector-server-1 switcher.js] connection error:read ECONNRESET, the remote ip is ::ffff:127.0.0.1 && port is 46676
[2019-02-28T22:43:08.272] [DEBUG] pinus - [connector-server-1 sessionService.js] session on [connector-server-1] is closed with session id: 1,uid:,reason:{}
[2019-02-28T22:43:56.581] [INFO] pinus - [connector-server-1 application.js] application inited: "connector-server-1"
[2019-02-28T22:43:56.614] [INFO] pinus - [connector-server-1 application.js] "connector-server-1" enter before start...
[2019-02-28T22:43:56.615] [INFO] pinus - [connector-server-1 application.js] "connector-server-1" enter after start...
[2019-02-28T22:43:56.635] [INFO] pinus-admin - [connector-server-1 consoleService.js] try to connect master: "connector", "127.0.0.1", 3005
[2019-02-28T22:43:56.720] [INFO] pinus - [connector-server-1 application.js] "connector-server-1" enter after start...
[2019-02-28T22:43:56.727] [INFO] pinus - [connector-server-1 application.js] "connector-server-1" finish start
[2019-02-28T22:43:56.728] [INFO] pinus - [connector-server-1 application.js] "connector-server-1" startup in 135 ms
[2019-02-28T22:43:56.811] [DEBUG] pinus - [connector-server-1 monitorwatcher.js] [connector-server-1] receive addServer signal: {"action":"addServer","server":{"main":"C:\\Program Files\\nodejs\\pinus_demo\\pinus\\examples\\websocket-chat-ts-run\\game-server\\dist\\app.js","env":"development","id":"chat-server-1","host":"127.0.0.1","port":6050,"args":"--inspect=10002","serverType":"chat","remoterPaths":[{"namespace":"sys","serverType":"chat","path":"C:\\Program Files\\nodejs\\pinus_demo\\pinus\\examples\\websocket-chat-ts-run\\game-server\\node_modules\\pinus\\dist\\lib\\common\\remote\\backend"},{"namespace":"user","serverType":"chat","path":"C:\\Program Files\\nodejs\\pinus_demo\\pinus\\examples\\websocket-chat-ts-run\\game-server\\dist\\app\\servers\\chat\\remote"}],"handlerPaths":["C:\\Program Files\\nodejs\\pinus_demo\\pinus\\examples\\websocket-chat-ts-run\\game-server\\dist\\app\\servers\\chat\\handler"],"pid":1952}}
[2019-02-28T22:43:56.835] [DEBUG] pinus - [connector-server-1 monitorwatcher.js] [connector-server-1] receive addServer signal: {"action":"addServer","server":{"main":"C:\\Program Files\\nodejs\\pinus_demo\\pinus\\examples\\websocket-chat-ts-run\\game-server\\dist\\app.js","env":"development","id":"gate-server-1","host":"127.0.0.1","clientPort":3014,"frontend":"true","args":"--inspect=10003","serverType":"gate","handlerPaths":["C:\\Program Files\\nodejs\\pinus_demo\\pinus\\examples\\websocket-chat-ts-run\\game-server\\dist\\app\\servers\\gate\\handler"],"pid":14484}}
[2019-02-28T22:43:56.969] [WARN] logger - [connector-server-1 console] after start all server, use route dictionary :
 chat.chatHandler.send
connector.entryHandler.enter
connector.entryHandler.onUserLeave
gate.gateHandler.getWxOpenid
gate.gateHandler.loginByOpenid
gate.gateHandler.queryEntry
[2019-02-28T22:47:28.496] [DEBUG] pinus - [connector-server-1 connector.js] [connector-server-1] getSession session is created with session id: 1
[2019-02-28T22:47:28.508] [DEBUG] pinus - [connector-server-1 connector.js] [connector-server-1] send message reqId: 2, route: connector.entryHandler.enter, msg: {"code":203,"msg":null}, receivers: [1], opts: {"type":"response"}
[2019-02-28T22:49:45.059] [INFO] pinus - [connector-server-1 application.js] application inited: "connector-server-1"
[2019-02-28T22:49:45.094] [INFO] pinus - [connector-server-1 application.js] "connector-server-1" enter before start...
[2019-02-28T22:49:45.095] [INFO] pinus - [connector-server-1 application.js] "connector-server-1" enter after start...
[2019-02-28T22:49:45.123] [INFO] pinus-admin - [connector-server-1 consoleService.js] try to connect master: "connector", "127.0.0.1", 3005
[2019-02-28T22:49:45.253] [INFO] pinus - [connector-server-1 application.js] "connector-server-1" enter after start...
[2019-02-28T22:49:45.258] [INFO] pinus - [connector-server-1 application.js] "connector-server-1" finish start
[2019-02-28T22:49:45.259] [INFO] pinus - [connector-server-1 application.js] "connector-server-1" startup in 187 ms
[2019-02-28T22:49:45.351] [WARN] logger - [connector-server-1 console] after start all server, use route dictionary :
 chat.chatHandler.send
connector.entryHandler.enter
connector.entryHandler.onUserLeave
gate.gateHandler.getWxOpenid
gate.gateHandler.loginByOpenid
gate.gateHandler.queryEntry
[2019-02-28T22:50:49.806] [DEBUG] pinus - [connector-server-1 connector.js] [connector-server-1] getSession session is created with session id: 1
[2019-02-28T22:50:49.820] [DEBUG] pinus - [connector-server-1 connector.js] session on [connector-server-1] bind with uid: oKH7c4g30VXZxQ5CV3iRQo-QjNo8
[2019-02-28T22:50:49.825] [DEBUG] pinus - [connector-server-1 connector.js] [connector-server-1] send message reqId: 2, route: connector.entryHandler.enter, msg: {"code":200,"msg":{}}, receivers: [1], opts: {"type":"response"}
[2019-02-28T23:53:14.162] [DEBUG] pinus - [connector-server-1 switcher.js] connection error:read ECONNRESET, the remote ip is ::ffff:127.0.0.1 && port is 47928
[2019-02-28T23:53:14.163] [DEBUG] pinus - [connector-server-1 sessionService.js] session on [connector-server-1] is closed with session id: 1,uid:oKH7c4g30VXZxQ5CV3iRQo-QjNo8,reason:{}
[2019-03-04T19:28:47.219] [INFO] pinus - [connector-server-1 application.js] application inited: "connector-server-1"
[2019-03-04T19:28:47.251] [INFO] pinus - [connector-server-1 application.js] "connector-server-1" enter before start...
[2019-03-04T19:28:47.253] [INFO] pinus - [connector-server-1 application.js] "connector-server-1" enter after start...
[2019-03-04T19:28:47.268] [INFO] pinus-admin - [connector-server-1 consoleService.js] try to connect master: "connector", "127.0.0.1", 3005
[2019-03-04T19:28:47.397] [INFO] pinus - [connector-server-1 application.js] "connector-server-1" enter after start...
[2019-03-04T19:28:47.403] [INFO] pinus - [connector-server-1 application.js] "connector-server-1" finish start
[2019-03-04T19:28:47.404] [INFO] pinus - [connector-server-1 application.js] "connector-server-1" startup in 173 ms
[2019-03-04T19:28:47.499] [DEBUG] pinus - [connector-server-1 monitorwatcher.js] [connector-server-1] receive addServer signal: {"action":"addServer","server":{"main":"C:\\Program Files\\nodejs\\pinus_demo\\pinus\\examples\\websocket-chat-ts-run\\game-server\\dist\\app.js","env":"development","id":"gate-server-1","host":"127.0.0.1","clientPort":3014,"frontend":"true","args":"--inspect=10003","serverType":"gate","handlerPaths":["C:\\Program Files\\nodejs\\pinus_demo\\pinus\\examples\\websocket-chat-ts-run\\game-server\\dist\\app\\servers\\gate\\handler"],"pid":1876}}
[2019-03-04T19:28:47.657] [WARN] logger - [connector-server-1 console] after start all server, use route dictionary :
 chat.chatHandler.allocPlayer
chat.chatHandler.doAssignRoom
chat.chatHandler.entryArea
chat.chatHandler.send
connector.entryHandler.addMatchOnlinePlayer
connector.entryHandler.enter
connector.entryHandler.onUserLeave
connector.entryHandler.removeMatchOnlinePlayer
gate.gateHandler.getWxOpenid
gate.gateHandler.loginByOpenid
gate.gateHandler.queryEntry
[2019-03-04T19:31:38.996] [INFO] pinus - [connector-server-1 application.js] application inited: "connector-server-1"
[2019-03-04T19:31:39.034] [INFO] pinus - [connector-server-1 application.js] "connector-server-1" enter before start...
[2019-03-04T19:31:39.036] [INFO] pinus - [connector-server-1 application.js] "connector-server-1" enter after start...
[2019-03-04T19:31:39.055] [INFO] pinus-admin - [connector-server-1 consoleService.js] try to connect master: "connector", "127.0.0.1", 3005
[2019-03-04T19:31:39.159] [INFO] pinus - [connector-server-1 application.js] "connector-server-1" enter after start...
[2019-03-04T19:31:39.165] [INFO] pinus - [connector-server-1 application.js] "connector-server-1" finish start
[2019-03-04T19:31:39.166] [INFO] pinus - [connector-server-1 application.js] "connector-server-1" startup in 156 ms
[2019-03-04T19:31:39.169] [DEBUG] pinus - [connector-server-1 monitorwatcher.js] [connector-server-1] receive addServer signal: {"action":"addServer","server":{"main":"C:\\Program Files\\nodejs\\pinus_demo\\pinus\\examples\\websocket-chat-ts-run\\game-server\\dist\\app.js","env":"development","id":"gate-server-1","host":"127.0.0.1","clientPort":3014,"frontend":"true","args":"--inspect=10003","serverType":"gate","handlerPaths":["C:\\Program Files\\nodejs\\pinus_demo\\pinus\\examples\\websocket-chat-ts-run\\game-server\\dist\\app\\servers\\gate\\handler"],"pid":16560}}
[2019-03-04T19:31:39.311] [WARN] logger - [connector-server-1 console] after start all server, use route dictionary :
 chat.chatHandler.allocPlayer
chat.chatHandler.doAssignRoom
chat.chatHandler.entryArea
chat.chatHandler.send
connector.entryHandler.addMatchOnlinePlayer
connector.entryHandler.enter
connector.entryHandler.onUserLeave
connector.entryHandler.removeMatchOnlinePlayer
gate.gateHandler.getWxOpenid
gate.gateHandler.loginByOpenid
gate.gateHandler.queryEntry
[2019-03-04T19:31:45.086] [DEBUG] pinus - [connector-server-1 connector.js] [connector-server-1] getSession session is created with session id: 1
[2019-03-04T19:31:45.162] [DEBUG] pinus - [connector-server-1 connector.js] session on [connector-server-1] bind with uid: oKH7c4g30VXZxQ5CV3iRQo-QjNo8
[2019-03-04T19:31:45.164] [DEBUG] pinus - [connector-server-1 connector.js] [connector-server-1] send message reqId: 1, route: connector.entryHandler.enter, msg: {"code":1,"msg":{}}, receivers: [1], opts: {"type":"response"}
[2019-03-05T18:43:52.130] [INFO] pinus - [connector-server-1 application.js] application inited: "connector-server-1"
[2019-03-05T18:43:52.157] [INFO] pinus - [connector-server-1 application.js] "connector-server-1" enter before start...
[2019-03-05T18:43:52.159] [INFO] pinus - [connector-server-1 application.js] "connector-server-1" enter after start...
[2019-03-05T18:43:52.177] [INFO] pinus-admin - [connector-server-1 consoleService.js] try to connect master: "connector", "127.0.0.1", 3005
[2019-03-05T18:43:52.270] [INFO] pinus - [connector-server-1 application.js] "connector-server-1" enter after start...
[2019-03-05T18:43:52.274] [INFO] pinus - [connector-server-1 application.js] "connector-server-1" finish start
[2019-03-05T18:43:52.275] [INFO] pinus - [connector-server-1 application.js] "connector-server-1" startup in 134 ms
[2019-03-05T18:43:52.346] [DEBUG] pinus - [connector-server-1 monitorwatcher.js] [connector-server-1] receive addServer signal: {"action":"addServer","server":{"main":"C:\\Program Files\\nodejs\\pinus_demo\\pinus\\examples\\websocket-chat-ts-run\\game-server\\dist\\app.js","env":"development","id":"gate-server-1","host":"127.0.0.1","clientPort":3014,"frontend":"true","args":"--inspect=10003","serverType":"gate","handlerPaths":["C:\\Program Files\\nodejs\\pinus_demo\\pinus\\examples\\websocket-chat-ts-run\\game-server\\dist\\app\\servers\\gate\\handler"],"pid":7428}}
[2019-03-05T18:43:52.521] [WARN] logger - [connector-server-1 console] after start all server, use route dictionary :
 chat.chatHandler.allocPlayer
chat.chatHandler.doAssignRoom
chat.chatHandler.entryArea
chat.chatHandler.send
connector.entryHandler.addMatchOnlinePlayer
connector.entryHandler.enter
connector.entryHandler.onUserLeave
connector.entryHandler.removeMatchOnlinePlayer
gate.gateHandler.getWxOpenid
gate.gateHandler.loginByOpenid
gate.gateHandler.queryEntry
[2019-03-05T18:44:10.672] [DEBUG] pinus - [connector-server-1 connector.js] [connector-server-1] getSession session is created with session id: 1
[2019-03-05T18:44:10.748] [DEBUG] pinus - [connector-server-1 connector.js] session on [connector-server-1] bind with uid: oKH7c4g30VXZxQ5CV3iRQo-QjNo8
[2019-03-05T18:44:10.751] [DEBUG] pinus - [connector-server-1 connector.js] [connector-server-1] send message reqId: 1, route: connector.entryHandler.enter, msg: {"code":1,"msg":{}}, receivers: [1], opts: {"type":"response"}
[2019-03-05T18:48:17.385] [DEBUG] pinus - [connector-server-1 switcher.js] connection error:read ECONNRESET, the remote ip is ::ffff:127.0.0.1 && port is 28858
[2019-03-05T18:48:17.389] [DEBUG] pinus - [connector-server-1 sessionService.js] session on [connector-server-1] is closed with session id: 1,uid:oKH7c4g30VXZxQ5CV3iRQo-QjNo8,reason:{}
[2019-03-05T18:50:54.200] [DEBUG] pinus - [connector-server-1 connector.js] [connector-server-1] getSession session is created with session id: 2
[2019-03-05T18:50:54.209] [DEBUG] pinus - [connector-server-1 connector.js] session on [connector-server-1] bind with uid: oKH7c4g30VXZxQ5CV3iRQo-QjNo8
[2019-03-05T18:50:54.211] [DEBUG] pinus - [connector-server-1 connector.js] [connector-server-1] send message reqId: 1, route: connector.entryHandler.enter, msg: {"code":1,"msg":{}}, receivers: [2], opts: {"type":"response"}
[2019-03-05T18:50:55.119] [DEBUG] pinus - [connector-server-1 connector.js] [connector-server-1] send message reqId: 2, route: connector.entryHandler.addMatchOnlinePlayer, msg: {"code":1,"msg":{}}, receivers: [2], opts: {"type":"response"}
[2019-03-05T18:51:22.532] [DEBUG] pinus - [connector-server-1 switcher.js] connection error:read ECONNRESET, the remote ip is ::ffff:127.0.0.1 && port is 29461
[2019-03-05T18:51:22.533] [DEBUG] pinus - [connector-server-1 sessionService.js] session on [connector-server-1] is closed with session id: 2,uid:oKH7c4g30VXZxQ5CV3iRQo-QjNo8,reason:{}
[2019-03-05T18:51:38.432] [DEBUG] pinus - [connector-server-1 connector.js] [connector-server-1] getSession session is created with session id: 3
[2019-03-05T18:51:38.442] [DEBUG] pinus - [connector-server-1 connector.js] session on [connector-server-1] bind with uid: oKH7c4g30VXZxQ5CV3iRQo-QjNo8
[2019-03-05T18:51:38.444] [DEBUG] pinus - [connector-server-1 connector.js] [connector-server-1] send message reqId: 1, route: connector.entryHandler.enter, msg: {"code":1,"msg":{}}, receivers: [3], opts: {"type":"response"}
[2019-03-05T18:51:39.027] [DEBUG] pinus - [connector-server-1 connector.js] [connector-server-1] send message reqId: 2, route: connector.entryHandler.addMatchOnlinePlayer, msg: {"code":209,"msg":null}, receivers: [3], opts: {"type":"response"}
[2019-03-05T18:53:32.006] [DEBUG] pinus - [connector-server-1 switcher.js] connection error:read ECONNRESET, the remote ip is ::ffff:127.0.0.1 && port is 29532
[2019-03-05T18:53:32.008] [DEBUG] pinus - [connector-server-1 sessionService.js] session on [connector-server-1] is closed with session id: 3,uid:oKH7c4g30VXZxQ5CV3iRQo-QjNo8,reason:{}
[2019-03-05T18:53:40.594] [INFO] pinus - [connector-server-1 application.js] application inited: "connector-server-1"
[2019-03-05T18:53:40.626] [INFO] pinus - [connector-server-1 application.js] "connector-server-1" enter before start...
[2019-03-05T18:53:40.629] [INFO] pinus - [connector-server-1 application.js] "connector-server-1" enter after start...
[2019-03-05T18:53:40.649] [INFO] pinus-admin - [connector-server-1 consoleService.js] try to connect master: "connector", "127.0.0.1", 3005
[2019-03-05T18:53:40.756] [INFO] pinus - [connector-server-1 application.js] "connector-server-1" enter after start...
[2019-03-05T18:53:40.761] [INFO] pinus - [connector-server-1 application.js] "connector-server-1" finish start
[2019-03-05T18:53:40.763] [INFO] pinus - [connector-server-1 application.js] "connector-server-1" startup in 157 ms
[2019-03-05T18:53:40.905] [DEBUG] pinus - [connector-server-1 monitorwatcher.js] [connector-server-1] receive addServer signal: {"action":"addServer","server":{"main":"C:\\Program Files\\nodejs\\pinus_demo\\pinus\\examples\\websocket-chat-ts-run\\game-server\\dist\\app.js","env":"development","id":"chat-server-1","host":"127.0.0.1","port":6050,"args":"--inspect=10002","serverType":"chat","remoterPaths":[{"namespace":"sys","serverType":"chat","path":"C:\\Program Files\\nodejs\\pinus_demo\\pinus\\examples\\websocket-chat-ts-run\\game-server\\node_modules\\pinus\\dist\\lib\\common\\remote\\backend"},{"namespace":"user","serverType":"chat","path":"C:\\Program Files\\nodejs\\pinus_demo\\pinus\\examples\\websocket-chat-ts-run\\game-server\\dist\\app\\servers\\chat\\remote"}],"handlerPaths":["C:\\Program Files\\nodejs\\pinus_demo\\pinus\\examples\\websocket-chat-ts-run\\game-server\\dist\\app\\servers\\chat\\handler"],"pid":18960}}
[2019-03-05T18:53:41.017] [WARN] logger - [connector-server-1 console] after start all server, use route dictionary :
 chat.chatHandler.allocPlayer
chat.chatHandler.doAssignRoom
chat.chatHandler.entryArea
chat.chatHandler.send
connector.entryHandler.addMatchOnlinePlayer
connector.entryHandler.enter
connector.entryHandler.onUserLeave
connector.entryHandler.removeMatchOnlinePlayer
gate.gateHandler.getWxOpenid
gate.gateHandler.loginByOpenid
gate.gateHandler.queryEntry
[2019-03-05T18:53:41.045] [DEBUG] pinus - [connector-server-1 connector.js] [connector-server-1] getSession session is created with session id: 1
[2019-03-05T18:53:41.069] [DEBUG] pinus - [connector-server-1 connector.js] session on [connector-server-1] bind with uid: oKH7c4g30VXZxQ5CV3iRQo-QjNo8
[2019-03-05T18:53:41.071] [DEBUG] pinus - [connector-server-1 connector.js] [connector-server-1] send message reqId: 1, route: connector.entryHandler.enter, msg: {"code":1,"msg":{}}, receivers: [1], opts: {"type":"response"}
[2019-03-05T18:53:42.439] [DEBUG] pinus - [connector-server-1 connector.js] [connector-server-1] send message reqId: 2, route: connector.entryHandler.addMatchOnlinePlayer, msg: {"code":1,"msg":{}}, receivers: [1], opts: {"type":"response"}
[2019-03-05T18:57:43.900] [DEBUG] pinus - [connector-server-1 switcher.js] connection error:read ECONNRESET, the remote ip is ::ffff:127.0.0.1 && port is 29715
[2019-03-05T18:57:43.901] [DEBUG] pinus - [connector-server-1 sessionService.js] session on [connector-server-1] is closed with session id: 1,uid:oKH7c4g30VXZxQ5CV3iRQo-QjNo8,reason:{}
[2019-03-05T19:11:49.260] [DEBUG] pinus - [connector-server-1 connector.js] [connector-server-1] getSession session is created with session id: 2
[2019-03-05T19:11:49.276] [DEBUG] pinus - [connector-server-1 connector.js] session on [connector-server-1] bind with uid: oKH7c4g30VXZxQ5CV3iRQo-QjNo8
[2019-03-05T19:11:49.277] [DEBUG] pinus - [connector-server-1 connector.js] [connector-server-1] send message reqId: 1, route: connector.entryHandler.enter, msg: {"code":1,"msg":{}}, receivers: [2], opts: {"type":"response"}
[2019-03-05T19:12:35.333] [DEBUG] pinus - [connector-server-1 switcher.js] connection error:read ECONNRESET, the remote ip is ::ffff:127.0.0.1 && port is 31328
[2019-03-05T19:12:35.334] [DEBUG] pinus - [connector-server-1 sessionService.js] session on [connector-server-1] is closed with session id: 2,uid:oKH7c4g30VXZxQ5CV3iRQo-QjNo8,reason:{}
[2019-03-05T19:12:37.549] [DEBUG] pinus - [connector-server-1 connector.js] [connector-server-1] getSession session is created with session id: 3
[2019-03-05T19:12:37.560] [DEBUG] pinus - [connector-server-1 connector.js] session on [connector-server-1] bind with uid: oKH7c4g30VXZxQ5CV3iRQo-QjNo8
[2019-03-05T19:12:37.562] [DEBUG] pinus - [connector-server-1 connector.js] [connector-server-1] send message reqId: 1, route: connector.entryHandler.enter, msg: {"code":1,"msg":{}}, receivers: [3], opts: {"type":"response"}
[2019-03-05T19:13:26.217] [DEBUG] pinus - [connector-server-1 switcher.js] connection error:read ECONNRESET, the remote ip is ::ffff:127.0.0.1 && port is 31397
[2019-03-05T19:13:26.218] [DEBUG] pinus - [connector-server-1 sessionService.js] session on [connector-server-1] is closed with session id: 3,uid:oKH7c4g30VXZxQ5CV3iRQo-QjNo8,reason:{}
[2019-03-05T19:15:40.688] [ERROR] pinus-admin - [connector-server-1 mqttClient.js] mqtt rpc client checkKeepAlive error timeout for 120000Error
    at Object.pLogger.(anonymous function) [as error] (C:\Program Files\nodejs\pinus_demo\pinus\examples\websocket-chat-ts-run\game-server\node_modules\pinus-logger\lib\logger.ts:72:34)
    at MqttClient.checkKeepAlive (C:\Program Files\nodejs\pinus_demo\pinus\examples\websocket-chat-ts-run\game-server\node_modules\pinus-admin\lib\protocol\mqtt\mqttClient.ts:221:28)
    at Timeout._onTimeout (C:\Program Files\nodejs\pinus_demo\pinus\examples\websocket-chat-ts-run\game-server\node_modules\pinus-admin\lib\protocol\mqtt\mqttClient.ts:207:18)
    at ontimeout (timers.js:424:11)
    at tryOnTimeout (timers.js:288:5)
    at listOnTimeout (timers.js:251:5)
    at Timer.processTimers (timers.js:211:10)
[2019-03-05T19:22:47.449] [INFO] pinus - [connector-server-1 application.js] application inited: "connector-server-1"
[2019-03-05T19:22:47.483] [INFO] pinus - [connector-server-1 application.js] "connector-server-1" enter before start...
[2019-03-05T19:22:47.486] [INFO] pinus - [connector-server-1 application.js] "connector-server-1" enter after start...
[2019-03-05T19:22:47.519] [INFO] pinus-admin - [connector-server-1 consoleService.js] try to connect master: "connector", "127.0.0.1", 3005
[2019-03-05T19:22:47.628] [INFO] pinus - [connector-server-1 application.js] "connector-server-1" enter after start...
[2019-03-05T19:22:47.638] [INFO] pinus - [connector-server-1 application.js] "connector-server-1" finish start
[2019-03-05T19:22:47.641] [INFO] pinus - [connector-server-1 application.js] "connector-server-1" startup in 179 ms
[2019-03-05T19:22:47.731] [DEBUG] pinus - [connector-server-1 monitorwatcher.js] [connector-server-1] receive addServer signal: {"action":"addServer","server":{"main":"C:\\Program Files\\nodejs\\pinus_demo\\pinus\\examples\\websocket-chat-ts-run\\game-server\\dist\\app.js","env":"development","id":"chat-server-1","host":"127.0.0.1","port":6050,"args":"--inspect=10002","serverType":"chat","remoterPaths":[{"namespace":"sys","serverType":"chat","path":"C:\\Program Files\\nodejs\\pinus_demo\\pinus\\examples\\websocket-chat-ts-run\\game-server\\node_modules\\pinus\\dist\\lib\\common\\remote\\backend"},{"namespace":"user","serverType":"chat","path":"C:\\Program Files\\nodejs\\pinus_demo\\pinus\\examples\\websocket-chat-ts-run\\game-server\\dist\\app\\servers\\chat\\remote"}],"handlerPaths":["C:\\Program Files\\nodejs\\pinus_demo\\pinus\\examples\\websocket-chat-ts-run\\game-server\\dist\\app\\servers\\chat\\handler"],"pid":18080}}
[2019-03-05T19:22:47.800] [DEBUG] pinus - [connector-server-1 monitorwatcher.js] [connector-server-1] receive addServer signal: {"action":"addServer","server":{"main":"C:\\Program Files\\nodejs\\pinus_demo\\pinus\\examples\\websocket-chat-ts-run\\game-server\\dist\\app.js","env":"development","id":"gate-server-1","host":"127.0.0.1","clientPort":3014,"frontend":"true","args":"--inspect=10003","serverType":"gate","handlerPaths":["C:\\Program Files\\nodejs\\pinus_demo\\pinus\\examples\\websocket-chat-ts-run\\game-server\\dist\\app\\servers\\gate\\handler"],"pid":18008}}
[2019-03-05T19:22:47.950] [WARN] logger - [connector-server-1 console] after start all server, use route dictionary :
 chat.chatHandler.allocPlayer
chat.chatHandler.doAssignRoom
chat.chatHandler.entryArea
chat.chatHandler.send
connector.entryHandler.addMatchOnlinePlayer
connector.entryHandler.enter
connector.entryHandler.onUserLeave
connector.entryHandler.removeMatchOnlinePlayer
gate.gateHandler.getWxOpenid
gate.gateHandler.loginByOpenid
gate.gateHandler.queryEntry
[2019-03-05T19:22:51.789] [DEBUG] pinus - [connector-server-1 connector.js] [connector-server-1] getSession session is created with session id: 1
[2019-03-05T19:22:51.814] [DEBUG] pinus - [connector-server-1 connector.js] session on [connector-server-1] bind with uid: oKH7c4g30VXZxQ5CV3iRQo-QjNo8
[2019-03-05T19:22:51.819] [DEBUG] pinus - [connector-server-1 connector.js] [connector-server-1] send message reqId: 1, route: connector.entryHandler.enter, msg: {"code":1,"msg":{}}, receivers: [1], opts: {"type":"response"}
[2019-03-05T19:22:54.371] [DEBUG] pinus - [connector-server-1 connector.js] [connector-server-1] send message reqId: 2, route: connector.entryHandler.addMatchOnlinePlayer, msg: {"code":1,"msg":{}}, receivers: [1], opts: {"type":"response"}
[2019-03-05T19:24:28.569] [DEBUG] pinus - [connector-server-1 switcher.js] connection error:read ECONNRESET, the remote ip is ::ffff:127.0.0.1 && port is 32294
[2019-03-05T19:24:28.571] [DEBUG] pinus - [connector-server-1 sessionService.js] session on [connector-server-1] is closed with session id: 1,uid:oKH7c4g30VXZxQ5CV3iRQo-QjNo8,reason:{}
[2019-03-05T19:24:30.471] [DEBUG] pinus - [connector-server-1 connector.js] [connector-server-1] getSession session is created with session id: 2
[2019-03-05T19:24:30.485] [DEBUG] pinus - [connector-server-1 connector.js] session on [connector-server-1] bind with uid: oKH7c4g30VXZxQ5CV3iRQo-QjNo8
[2019-03-05T19:24:30.486] [DEBUG] pinus - [connector-server-1 connector.js] [connector-server-1] send message reqId: 1, route: connector.entryHandler.enter, msg: {"code":1,"msg":{}}, receivers: [2], opts: {"type":"response"}
[2019-03-05T19:24:33.955] [DEBUG] pinus - [connector-server-1 connector.js] [connector-server-1] send message reqId: 2, route: connector.entryHandler.addMatchOnlinePlayer, msg: {"code":209,"msg":null}, receivers: [2], opts: {"type":"response"}
[2019-03-05T19:24:44.080] [DEBUG] pinus - [connector-server-1 switcher.js] connection error:read ECONNRESET, the remote ip is ::ffff:127.0.0.1 && port is 32434
[2019-03-05T19:24:44.081] [DEBUG] pinus - [connector-server-1 sessionService.js] session on [connector-server-1] is closed with session id: 2,uid:oKH7c4g30VXZxQ5CV3iRQo-QjNo8,reason:{}
[2019-03-05T19:24:51.162] [INFO] pinus - [connector-server-1 application.js] application inited: "connector-server-1"
[2019-03-05T19:24:51.197] [INFO] pinus - [connector-server-1 application.js] "connector-server-1" enter before start...
[2019-03-05T19:24:51.199] [INFO] pinus - [connector-server-1 application.js] "connector-server-1" enter after start...
[2019-03-05T19:24:51.223] [INFO] pinus-admin - [connector-server-1 consoleService.js] try to connect master: "connector", "127.0.0.1", 3005
[2019-03-05T19:24:51.323] [INFO] pinus - [connector-server-1 application.js] "connector-server-1" enter after start...
[2019-03-05T19:24:51.330] [INFO] pinus - [connector-server-1 application.js] "connector-server-1" finish start
[2019-03-05T19:24:51.331] [INFO] pinus - [connector-server-1 application.js] "connector-server-1" startup in 157 ms
[2019-03-05T19:24:51.351] [DEBUG] pinus - [connector-server-1 monitorwatcher.js] [connector-server-1] receive addServer signal: {"action":"addServer","server":{"main":"C:\\Program Files\\nodejs\\pinus_demo\\pinus\\examples\\websocket-chat-ts-run\\game-server\\dist\\app.js","env":"development","id":"chat-server-1","host":"127.0.0.1","port":6050,"args":"--inspect=10002","serverType":"chat","remoterPaths":[{"namespace":"sys","serverType":"chat","path":"C:\\Program Files\\nodejs\\pinus_demo\\pinus\\examples\\websocket-chat-ts-run\\game-server\\node_modules\\pinus\\dist\\lib\\common\\remote\\backend"},{"namespace":"user","serverType":"chat","path":"C:\\Program Files\\nodejs\\pinus_demo\\pinus\\examples\\websocket-chat-ts-run\\game-server\\dist\\app\\servers\\chat\\remote"}],"handlerPaths":["C:\\Program Files\\nodejs\\pinus_demo\\pinus\\examples\\websocket-chat-ts-run\\game-server\\dist\\app\\servers\\chat\\handler"],"pid":18524}}
[2019-03-05T19:24:51.478] [WARN] logger - [connector-server-1 console] after start all server, use route dictionary :
 chat.chatHandler.allocPlayer
chat.chatHandler.doAssignRoom
chat.chatHandler.entryArea
chat.chatHandler.send
connector.entryHandler.addMatchOnlinePlayer
connector.entryHandler.enter
connector.entryHandler.onUserLeave
connector.entryHandler.removeMatchOnlinePlayer
gate.gateHandler.getWxOpenid
gate.gateHandler.loginByOpenid
gate.gateHandler.queryEntry
[2019-03-05T19:25:30.519] [INFO] pinus - [connector-server-1 application.js] application inited: "connector-server-1"
[2019-03-05T19:25:30.560] [INFO] pinus - [connector-server-1 application.js] "connector-server-1" enter before start...
[2019-03-05T19:25:30.562] [INFO] pinus - [connector-server-1 application.js] "connector-server-1" enter after start...
[2019-03-05T19:25:30.585] [INFO] pinus-admin - [connector-server-1 consoleService.js] try to connect master: "connector", "127.0.0.1", 3005
[2019-03-05T19:25:30.714] [INFO] pinus - [connector-server-1 application.js] "connector-server-1" enter after start...
[2019-03-05T19:25:30.718] [INFO] pinus - [connector-server-1 application.js] "connector-server-1" finish start
[2019-03-05T19:25:30.718] [INFO] pinus - [connector-server-1 application.js] "connector-server-1" startup in 189 ms
[2019-03-05T19:25:30.832] [WARN] logger - [connector-server-1 console] after start all server, use route dictionary :
 chat.chatHandler.allocPlayer
chat.chatHandler.doAssignRoom
chat.chatHandler.entryArea
chat.chatHandler.send
connector.entryHandler.addMatchOnlinePlayer
connector.entryHandler.enter
connector.entryHandler.onUserLeave
connector.entryHandler.removeMatchOnlinePlayer
gate.gateHandler.getWxOpenid
gate.gateHandler.loginByOpenid
gate.gateHandler.queryEntry
[2019-03-05T19:25:35.665] [DEBUG] pinus - [connector-server-1 connector.js] [connector-server-1] getSession session is created with session id: 1
[2019-03-05T19:25:35.696] [DEBUG] pinus - [connector-server-1 connector.js] session on [connector-server-1] bind with uid: oKH7c4g30VXZxQ5CV3iRQo-QjNo8
[2019-03-05T19:25:35.699] [DEBUG] pinus - [connector-server-1 connector.js] [connector-server-1] send message reqId: 1, route: connector.entryHandler.enter, msg: {"code":1,"msg":{}}, receivers: [1], opts: {"type":"response"}
[2019-03-05T19:25:38.575] [DEBUG] pinus - [connector-server-1 connector.js] [connector-server-1] send message reqId: 2, route: connector.entryHandler.addMatchOnlinePlayer, msg: {"code":1,"msg":{}}, receivers: [1], opts: {"type":"response"}
[2019-03-05T19:26:21.397] [INFO] pinus - [connector-server-1 application.js] application inited: "connector-server-1"
[2019-03-05T19:26:21.430] [INFO] pinus - [connector-server-1 application.js] "connector-server-1" enter before start...
[2019-03-05T19:26:21.431] [INFO] pinus - [connector-server-1 application.js] "connector-server-1" enter after start...
[2019-03-05T19:26:21.455] [INFO] pinus-admin - [connector-server-1 consoleService.js] try to connect master: "connector", "127.0.0.1", 3005
[2019-03-05T19:26:21.577] [INFO] pinus - [connector-server-1 application.js] "connector-server-1" enter after start...
[2019-03-05T19:26:21.582] [INFO] pinus - [connector-server-1 application.js] "connector-server-1" finish start
[2019-03-05T19:26:21.582] [INFO] pinus - [connector-server-1 application.js] "connector-server-1" startup in 174 ms
[2019-03-05T19:26:21.690] [DEBUG] pinus - [connector-server-1 monitorwatcher.js] [connector-server-1] receive addServer signal: {"action":"addServer","server":{"main":"C:\\Program Files\\nodejs\\pinus_demo\\pinus\\examples\\websocket-chat-ts-run\\game-server\\dist\\app.js","env":"development","id":"chat-server-1","host":"127.0.0.1","port":6050,"args":"--inspect=10002","serverType":"chat","remoterPaths":[{"namespace":"sys","serverType":"chat","path":"C:\\Program Files\\nodejs\\pinus_demo\\pinus\\examples\\websocket-chat-ts-run\\game-server\\node_modules\\pinus\\dist\\lib\\common\\remote\\backend"},{"namespace":"user","serverType":"chat","path":"C:\\Program Files\\nodejs\\pinus_demo\\pinus\\examples\\websocket-chat-ts-run\\game-server\\dist\\app\\servers\\chat\\remote"}],"handlerPaths":["C:\\Program Files\\nodejs\\pinus_demo\\pinus\\examples\\websocket-chat-ts-run\\game-server\\dist\\app\\servers\\chat\\handler"],"pid":18556}}
[2019-03-05T19:26:22.348] [DEBUG] pinus - [connector-server-1 monitorwatcher.js] [connector-server-1] receive addServer signal: {"action":"addServer","server":{"main":"C:\\Program Files\\nodejs\\pinus_demo\\pinus\\examples\\websocket-chat-ts-run\\game-server\\dist\\app.js","env":"development","id":"gate-server-1","host":"127.0.0.1","clientPort":3014,"frontend":"true","args":"--inspect=10003","serverType":"gate","handlerPaths":["C:\\Program Files\\nodejs\\pinus_demo\\pinus\\examples\\websocket-chat-ts-run\\game-server\\dist\\app\\servers\\gate\\handler"],"pid":18576}}
[2019-03-05T19:26:22.626] [WARN] logger - [connector-server-1 console] after start all server, use route dictionary :
 chat.chatHandler.allocPlayer
chat.chatHandler.doAssignRoom
chat.chatHandler.entryArea
chat.chatHandler.send
connector.entryHandler.addMatchOnlinePlayer
connector.entryHandler.enter
connector.entryHandler.onUserLeave
connector.entryHandler.removeMatchOnlinePlayer
gate.gateHandler.getWxOpenid
gate.gateHandler.loginByOpenid
gate.gateHandler.queryEntry
[2019-03-05T19:26:24.367] [DEBUG] pinus - [connector-server-1 connector.js] [connector-server-1] getSession session is created with session id: 1
[2019-03-05T19:26:24.396] [DEBUG] pinus - [connector-server-1 connector.js] session on [connector-server-1] bind with uid: oKH7c4g30VXZxQ5CV3iRQo-QjNo8
[2019-03-05T19:26:24.399] [DEBUG] pinus - [connector-server-1 connector.js] [connector-server-1] send message reqId: 1, route: connector.entryHandler.enter, msg: {"code":1,"msg":{}}, receivers: [1], opts: {"type":"response"}
[2019-03-05T19:26:26.225] [DEBUG] pinus - [connector-server-1 connector.js] [connector-server-1] send message reqId: 2, route: connector.entryHandler.addMatchOnlinePlayer, msg: {"code":1,"msg":{"MatchPlayer":true}}, receivers: [1], opts: {"type":"response"}
[2019-03-05T19:26:37.735] [DEBUG] pinus - [connector-server-1 connector.js] [connector-server-1] send message reqId: 3, route: connector.entryHandler.removeMatchOnlinePlayer, msg: {"code":1,"msg":{"MatchPlayer":false}}, receivers: [1], opts: {"type":"response"}
[2019-03-05T19:26:39.037] [DEBUG] pinus - [connector-server-1 connector.js] [connector-server-1] send message reqId: 4, route: connector.entryHandler.addMatchOnlinePlayer, msg: {"code":1,"msg":{"MatchPlayer":true}}, receivers: [1], opts: {"type":"response"}
[2019-03-05T19:26:40.293] [DEBUG] pinus - [connector-server-1 connector.js] [connector-server-1] send message reqId: 5, route: connector.entryHandler.removeMatchOnlinePlayer, msg: {"code":1,"msg":{"MatchPlayer":false}}, receivers: [1], opts: {"type":"response"}
[2019-03-05T19:27:24.908] [DEBUG] pinus - [connector-server-1 connector.js] [connector-server-1] send message reqId: 6, route: connector.entryHandler.addMatchOnlinePlayer, msg: {"code":1,"msg":{"MatchPlayer":true}}, receivers: [1], opts: {"type":"response"}
[2019-03-05T19:27:26.287] [DEBUG] pinus - [connector-server-1 switcher.js] connection error:read ECONNRESET, the remote ip is ::ffff:127.0.0.1 && port is 32567
[2019-03-05T19:27:26.288] [DEBUG] pinus - [connector-server-1 sessionService.js] session on [connector-server-1] is closed with session id: 1,uid:oKH7c4g30VXZxQ5CV3iRQo-QjNo8,reason:{}
[2019-03-05T19:27:30.972] [DEBUG] pinus - [connector-server-1 connector.js] [connector-server-1] getSession session is created with session id: 2
[2019-03-05T19:27:30.981] [DEBUG] pinus - [connector-server-1 connector.js] session on [connector-server-1] bind with uid: oKH7c4g30VXZxQ5CV3iRQo-QjNo8
[2019-03-05T19:27:30.983] [DEBUG] pinus - [connector-server-1 connector.js] [connector-server-1] send message reqId: 1, route: connector.entryHandler.enter, msg: {"code":1,"msg":{}}, receivers: [2], opts: {"type":"response"}
[2019-03-05T19:27:32.533] [DEBUG] pinus - [connector-server-1 connector.js] [connector-server-1] send message reqId: 2, route: connector.entryHandler.addMatchOnlinePlayer, msg: {"code":1,"msg":{"MatchPlayer":true}}, receivers: [2], opts: {"type":"response"}
[2019-03-05T19:27:36.946] [DEBUG] pinus - [connector-server-1 connector.js] [connector-server-1] send message reqId: 3, route: connector.entryHandler.removeMatchOnlinePlayer, msg: {"code":1,"msg":{"MatchPlayer":false}}, receivers: [2], opts: {"type":"response"}
[2019-03-05T19:27:46.702] [DEBUG] pinus - [connector-server-1 switcher.js] connection error:read ECONNRESET, the remote ip is ::ffff:127.0.0.1 && port is 32674
[2019-03-05T19:27:46.703] [DEBUG] pinus - [connector-server-1 sessionService.js] session on [connector-server-1] is closed with session id: 2,uid:oKH7c4g30VXZxQ5CV3iRQo-QjNo8,reason:{}
[2019-03-05T19:30:21.553] [ERROR] pinus-admin - [connector-server-1 mqttClient.js] mqtt rpc client checkKeepAlive error timeout for 120000Error
    at Object.pLogger.(anonymous function) [as error] (C:\Program Files\nodejs\pinus_demo\pinus\examples\websocket-chat-ts-run\game-server\node_modules\pinus-logger\lib\logger.ts:72:34)
    at MqttClient.checkKeepAlive (C:\Program Files\nodejs\pinus_demo\pinus\examples\websocket-chat-ts-run\game-server\node_modules\pinus-admin\lib\protocol\mqtt\mqttClient.ts:221:28)
    at Timeout._onTimeout (C:\Program Files\nodejs\pinus_demo\pinus\examples\websocket-chat-ts-run\game-server\node_modules\pinus-admin\lib\protocol\mqtt\mqttClient.ts:207:18)
    at ontimeout (timers.js:424:11)
    at tryOnTimeout (timers.js:288:5)
    at listOnTimeout (timers.js:251:5)
    at Timer.processTimers (timers.js:211:10)
[2019-03-06T21:03:33.352] [INFO] pinus - [connector-server-1 application.js] application inited: "connector-server-1"
[2019-03-06T21:03:33.381] [INFO] pinus - [connector-server-1 application.js] "connector-server-1" enter before start...
[2019-03-06T21:03:33.383] [INFO] pinus - [connector-server-1 application.js] "connector-server-1" enter after start...
[2019-03-06T21:03:33.402] [INFO] pinus-admin - [connector-server-1 consoleService.js] try to connect master: "connector", "127.0.0.1", 3005
[2019-03-06T21:03:33.519] [INFO] pinus - [connector-server-1 application.js] "connector-server-1" enter after start...
[2019-03-06T21:03:33.526] [INFO] pinus - [connector-server-1 application.js] "connector-server-1" finish start
[2019-03-06T21:03:33.527] [INFO] pinus - [connector-server-1 application.js] "connector-server-1" startup in 165 ms
[2019-03-06T21:03:33.529] [DEBUG] pinus - [connector-server-1 monitorwatcher.js] [connector-server-1] receive addServer signal: {"action":"addServer","server":{"main":"C:\\Program Files\\nodejs\\pinus_demo\\pinus\\examples\\websocket-chat-ts-run\\game-server\\dist\\app.js","env":"development","id":"gate-server-1","host":"127.0.0.1","clientPort":3014,"frontend":"true","args":"--inspect=10003","serverType":"gate","handlerPaths":["C:\\Program Files\\nodejs\\pinus_demo\\pinus\\examples\\websocket-chat-ts-run\\game-server\\dist\\app\\servers\\gate\\handler"],"pid":3140}}
[2019-03-06T21:03:33.647] [WARN] logger - [connector-server-1 console] after start all server, use route dictionary :
 chat.chatHandler.allocPlayer
chat.chatHandler.doAllocRoom
chat.chatHandler.enterRoom
chat.chatHandler.entryArea
chat.chatHandler.send
connector.entryHandler.addMatchOnlinePlayer
connector.entryHandler.allocRoomToMatchPlayer
connector.entryHandler.enter
connector.entryHandler.onUserLeave
connector.entryHandler.removeMatchOnlinePlayer
gate.gateHandler.getWxOpenid
gate.gateHandler.loginByOpenid
gate.gateHandler.queryEntry
